This file contains any messages produced by compilers while
running configure, to aid debugging if configure makes a mistake.

It was created by configure, which was
generated by GNU Autoconf 2.61.  Invocation command line was

  $ ./configure 

## --------- ##
## Platform. ##
## --------- ##

hostname = jules
uname -m = i686
uname -r = 2.6.31-19-generic-pae
uname -s = Linux
uname -v = #56-Ubuntu SMP Thu Jan 28 02:29:51 UTC 2010

/usr/bin/uname -p = unknown
/bin/uname -X     = unknown

/bin/arch              = unknown
/usr/bin/arch -k       = unknown
/usr/convex/getsysinfo = unknown
/usr/bin/hostinfo      = unknown
/bin/machine           = unknown
/usr/bin/oslevel       = unknown
/bin/universe          = unknown

PATH: /home/awross/bin
PATH: /home/awross/bin
PATH: /usr/local/sbin
PATH: /usr/local/bin
PATH: /usr/sbin
PATH: /usr/bin
PATH: /sbin
PATH: /bin
PATH: /usr/games


## ----------- ##
## Core tests. ##
## ----------- ##

configure:1753: checking build system type
configure:1771: result: i686-pc-linux-gnu
configure:1793: checking host system type
configure:1808: result: i686-pc-linux-gnu
configure:1830: checking target system type
configure:1845: result: i686-pc-linux-gnu
configure:1889: checking for a BSD-compatible install
configure:1945: result: /usr/bin/install -c
configure:1956: checking whether build environment is sane
configure:1999: result: yes
configure:2027: checking for a thread-safe mkdir -p
configure:2066: result: /bin/mkdir -p
configure:2079: checking for gawk
configure:2095: found /usr/bin/gawk
configure:2106: result: gawk
configure:2117: checking whether make sets $(MAKE)
configure:2138: result: yes
configure:2375: checking for gcc
configure:2391: found /usr/bin/gcc
configure:2402: result: gcc
configure:2640: checking for C compiler version
configure:2647: gcc --version >&5
gcc (Ubuntu 4.4.1-4ubuntu9) 4.4.1
Copyright (C) 2009 Free Software Foundation, Inc.
This is free software; see the source for copying conditions.  There is NO
warranty; not even for MERCHANTABILITY or FITNESS FOR A PARTICULAR PURPOSE.

configure:2650: $? = 0
configure:2657: gcc -v >&5
Using built-in specs.
Target: i486-linux-gnu
Configured with: ../src/configure -v --with-pkgversion='Ubuntu 4.4.1-4ubuntu9' --with-bugurl=file:///usr/share/doc/gcc-4.4/README.Bugs --enable-languages=c,c++,fortran,objc,obj-c++ --prefix=/usr --enable-shared --enable-multiarch --enable-linker-build-id --with-system-zlib --libexecdir=/usr/lib --without-included-gettext --enable-threads=posix --with-gxx-include-dir=/usr/include/c++/4.4 --program-suffix=-4.4 --enable-nls --enable-clocale=gnu --enable-libstdcxx-debug --enable-objc-gc --enable-targets=all --disable-werror --with-arch-32=i486 --with-tune=generic --enable-checking=release --build=i486-linux-gnu --host=i486-linux-gnu --target=i486-linux-gnu
Thread model: posix
gcc version 4.4.1 (Ubuntu 4.4.1-4ubuntu9) 
configure:2660: $? = 0
configure:2667: gcc -V >&5
gcc: '-V' option must have argument
configure:2670: $? = 1
configure:2693: checking for C compiler default output file name
configure:2720: gcc    conftest.c  >&5
configure:2723: $? = 0
configure:2761: result: a.out
configure:2778: checking whether the C compiler works
configure:2788: ./a.out
configure:2791: $? = 0
configure:2808: result: yes
configure:2815: checking whether we are cross compiling
configure:2817: result: no
configure:2820: checking for suffix of executables
configure:2827: gcc -o conftest    conftest.c  >&5
configure:2830: $? = 0
configure:2854: result: 
configure:2860: checking for suffix of object files
configure:2886: gcc -c   conftest.c >&5
configure:2889: $? = 0
configure:2912: result: o
configure:2916: checking whether we are using the GNU C compiler
configure:2945: gcc -c   conftest.c >&5
configure:2951: $? = 0
configure:2968: result: yes
configure:2973: checking whether gcc accepts -g
configure:3003: gcc -c -g  conftest.c >&5
configure:3009: $? = 0
configure:3108: result: yes
configure:3125: checking for gcc option to accept ISO C89
configure:3199: gcc  -c -g -O2  conftest.c >&5
configure:3205: $? = 0
configure:3228: result: none needed
configure:3257: checking for style of include used by make
configure:3285: result: GNU
configure:3310: checking dependency style of gcc
configure:3401: result: gcc3
configure:3417: checking whether gcc and cc understand -c and -o together
configure:3452: gcc -c conftest.c -o conftest2.o >&5
configure:3455: $? = 0
configure:3461: gcc -c conftest.c -o conftest2.o >&5
configure:3464: $? = 0
configure:3475: cc -c conftest.c >&5
configure:3478: $? = 0
configure:3486: cc -c conftest.c -o conftest2.o >&5
configure:3489: $? = 0
configure:3495: cc -c conftest.c -o conftest2.o >&5
configure:3498: $? = 0
configure:3516: result: yes
configure:3543: checking for library containing strerror
configure:3584: gcc -o conftest -g -O2   conftest.c  >&5
configure:3590: $? = 0
configure:3618: result: none required
configure:3631: checking how to run the C preprocessor
configure:3671: gcc -E  conftest.c
configure:3677: $? = 0
configure:3708: gcc -E  conftest.c
conftest.c:10:28: error: ac_nonexistent.h: No such file or directory
configure:3714: $? = 1
configure: failed program was:
| /* confdefs.h.  */
| #define PACKAGE_NAME ""
| #define PACKAGE_TARNAME ""
| #define PACKAGE_VERSION ""
| #define PACKAGE_STRING ""
| #define PACKAGE_BUGREPORT ""
| #define PACKAGE "gens"
| #define VERSION "2.12"
| /* end confdefs.h.  */
| #include <ac_nonexistent.h>
configure:3747: result: gcc -E
configure:3776: gcc -E  conftest.c
configure:3782: $? = 0
configure:3813: gcc -E  conftest.c
conftest.c:10:28: error: ac_nonexistent.h: No such file or directory
configure:3819: $? = 1
configure: failed program was:
| /* confdefs.h.  */
| #define PACKAGE_NAME ""
| #define PACKAGE_TARNAME ""
| #define PACKAGE_VERSION ""
| #define PACKAGE_STRING ""
| #define PACKAGE_BUGREPORT ""
| #define PACKAGE "gens"
| #define VERSION "2.12"
| /* end confdefs.h.  */
| #include <ac_nonexistent.h>
configure:3857: checking for grep that handles long lines and -e
configure:3931: result: /bin/grep
configure:3936: checking for egrep
configure:4014: result: /bin/grep -E
configure:4019: checking for ANSI C header files
configure:4049: gcc -c -g -O2  conftest.c >&5
configure:4055: $? = 0
configure:4154: gcc -o conftest -g -O2   conftest.c  >&5
configure:4157: $? = 0
configure:4163: ./conftest
configure:4166: $? = 0
configure:4183: result: yes
configure:4217: checking for pkg-config
configure:4235: found /usr/bin/pkg-config
configure:4248: result: /usr/bin/pkg-config
configure:4270: checking for GTK+ - version >= 2.4.0
configure:4426: result: no
configure:4464: gcc -o conftest -g -O2    conftest.c   >&5
conftest.c:12:21: error: gtk/gtk.h: No such file or directory
conftest.c: In function 'main':
conftest.c:18: error: 'gtk_major_version' undeclared (first use in this function)
conftest.c:18: error: (Each undeclared identifier is reported only once
conftest.c:18: error: for each function it appears in.)
conftest.c:18: error: 'gtk_minor_version' undeclared (first use in this function)
conftest.c:18: error: 'gtk_micro_version' undeclared (first use in this function)
configure:4470: $? = 1
configure: failed program was:
| /* confdefs.h.  */
| #define PACKAGE_NAME ""
| #define PACKAGE_TARNAME ""
| #define PACKAGE_VERSION ""
| #define PACKAGE_STRING ""
| #define PACKAGE_BUGREPORT ""
| #define PACKAGE "gens"
| #define VERSION "2.12"
| #define STDC_HEADERS 1
| /* end confdefs.h.  */
| 
| #include <gtk/gtk.h>
| #include <stdio.h>
| 
| int
| main ()
| {
|  return ((gtk_major_version) || (gtk_minor_version) || (gtk_micro_version));
|   ;
|   return 0;
| }
configure:4501: error: *** GTK+ version 2.4.0 not found!

## ---------------- ##
## Cache variables. ##
## ---------------- ##

ac_cv_build=i686-pc-linux-gnu
ac_cv_c_compiler_gnu=yes
ac_cv_env_CC_set=
ac_cv_env_CC_value=
ac_cv_env_CFLAGS_set=
ac_cv_env_CFLAGS_value=
ac_cv_env_CPPFLAGS_set=
ac_cv_env_CPPFLAGS_value=
ac_cv_env_CPP_set=
ac_cv_env_CPP_value=
ac_cv_env_LDFLAGS_set=
ac_cv_env_LDFLAGS_value=
ac_cv_env_LIBS_set=
ac_cv_env_LIBS_value=
ac_cv_env_build_alias_set=
ac_cv_env_build_alias_value=
ac_cv_env_host_alias_set=
ac_cv_env_host_alias_value=
ac_cv_env_target_alias_set=
ac_cv_env_target_alias_value=
ac_cv_header_stdc=yes
ac_cv_host=i686-pc-linux-gnu
ac_cv_objext=o
ac_cv_path_EGREP='/bin/grep -E'
ac_cv_path_GREP=/bin/grep
ac_cv_path_PKG_CONFIG=/usr/bin/pkg-config
ac_cv_path_install='/usr/bin/install -c'
ac_cv_path_mkdir=/bin/mkdir
ac_cv_prog_AWK=gawk
ac_cv_prog_CPP='gcc -E'
ac_cv_prog_ac_ct_CC=gcc
ac_cv_prog_cc_c89=
ac_cv_prog_cc_g=yes
ac_cv_prog_cc_gcc_c_o=yes
ac_cv_prog_make_make_set=yes
ac_cv_search_strerror='none required'
ac_cv_target=i686-pc-linux-gnu
am_cv_CC_dependencies_compiler_type=gcc3

## ----------------- ##
## Output variables. ##
## ----------------- ##

ACLOCAL='${SHELL} /home/awross/Downloads/installs/gens-2.15.5/missing --run aclocal-1.10'
AMDEPBACKSLASH='\'
AMDEP_FALSE='#'
AMDEP_TRUE=''
AMTAR='${SHELL} /home/awross/Downloads/installs/gens-2.15.5/missing --run tar'
AUTOCONF='${SHELL} /home/awross/Downloads/installs/gens-2.15.5/missing --run autoconf'
AUTOHEADER='${SHELL} /home/awross/Downloads/installs/gens-2.15.5/missing --run autoheader'
AUTOMAKE='${SHELL} /home/awross/Downloads/installs/gens-2.15.5/missing --run automake-1.10'
AWK='gawk'
CC='gcc'
CCDEPMODE='depmode=gcc3'
CFLAGS='-g -O2'
CPP='gcc -E'
CPPFLAGS=''
CYGPATH_W='echo'
DEFS=''
DEPDIR='.deps'
ECHO_C=''
ECHO_N='-n'
ECHO_T=''
EGREP='/bin/grep -E'
EXEEXT=''
GETTIMEFLAG=''
GREP='/bin/grep'
GTK_CFLAGS=''
GTK_LIBS=''
INSTALL_DATA='${INSTALL} -m 644'
INSTALL_PROGRAM='${INSTALL}'
INSTALL_SCRIPT='${INSTALL}'
INSTALL_STRIP_PROGRAM='$(install_sh) -c -s'
LDFLAGS=''
LIBOBJS=''
LIBS=''
LTLIBOBJS=''
MAKEINFO='${SHELL} /home/awross/Downloads/installs/gens-2.15.5/missing --run makeinfo'
NASM=''
OBJEXT='o'
PACKAGE='gens'
PACKAGE_BUGREPORT=''
PACKAGE_NAME=''
PACKAGE_STRING=''
PACKAGE_TARNAME=''
PACKAGE_VERSION=''
PATH_SEPARATOR=':'
PKG_CONFIG='/usr/bin/pkg-config'
SDL_CFLAGS=''
SDL_CONFIG=''
SDL_LIBS=''
SET_MAKE=''
SHELL='/bin/bash'
STRIP=''
VERSION='2.12'
ac_ct_CC='gcc'
am__fastdepCC_FALSE='#'
am__fastdepCC_TRUE=''
am__include='include'
am__isrc=''
am__leading_dot='.'
am__quote=''
am__tar='${AMTAR} chof - "$$tardir"'
am__untar='${AMTAR} xf -'
bindir='${exec_prefix}/bin'
build='i686-pc-linux-gnu'
build_alias=''
build_cpu='i686'
build_os='linux-gnu'
build_vendor='pc'
datadir='${datarootdir}'
datarootdir='${prefix}/share'
docdir='${datarootdir}/doc/${PACKAGE}'
dvidir='${docdir}'
exec_prefix='NONE'
host='i686-pc-linux-gnu'
host_alias=''
host_cpu='i686'
host_os='linux-gnu'
host_vendor='pc'
htmldir='${docdir}'
includedir='${prefix}/include'
infodir='${datarootdir}/info'
install_sh='$(SHELL) /home/awross/Downloads/installs/gens-2.15.5/install-sh'
libdir='${exec_prefix}/lib'
libexecdir='${exec_prefix}/libexec'
localedir='${datarootdir}/locale'
localstatedir='${prefix}/var'
mandir='${datarootdir}/man'
mkdir_p='/bin/mkdir -p'
oldincludedir='/usr/include'
pdfdir='${docdir}'
prefix='NONE'
program_transform_name='s,x,x,'
psdir='${docdir}'
sbindir='${exec_prefix}/sbin'
sharedstatedir='${prefix}/com'
sysconfdir='${prefix}/etc'
target='i686-pc-linux-gnu'
target_alias=''
target_cpu='i686'
target_os='linux-gnu'
target_vendor='pc'

## ----------- ##
## confdefs.h. ##
## ----------- ##

#define PACKAGE_NAME ""
#define PACKAGE_TARNAME ""
#define PACKAGE_VERSION ""
#define PACKAGE_STRING ""
#define PACKAGE_BUGREPORT ""
#define PACKAGE "gens"
#define VERSION "2.12"
#define STDC_HEADERS 1

configure: exit 1
