This file contains any messages produced by compilers while
running configure, to aid debugging if configure makes a mistake.

It was created by openbox configure 3.4.11, which was
generated by GNU Autoconf 2.61.  Invocation command line was

  $ ./configure --prefix=/usr

## --------- ##
## Platform. ##
## --------- ##

hostname = awross-desktop
uname -m = i686
uname -r = 2.6.31-19-generic-pae
uname -s = Linux
uname -v = #56-Ubuntu SMP Thu Jan 28 02:29:51 UTC 2010

/usr/bin/uname -p = unknown
/bin/uname -X     = unknown

/bin/arch              = unknown
/usr/bin/arch -k       = unknown
/usr/convex/getsysinfo = unknown
/usr/bin/hostinfo      = unknown
/bin/machine           = unknown
/usr/bin/oslevel       = unknown
/bin/universe          = unknown

PATH: /home/awross/bin
PATH: /home/awross/bin
PATH: /usr/local/sbin
PATH: /usr/local/bin
PATH: /usr/sbin
PATH: /usr/bin
PATH: /sbin
PATH: /bin
PATH: /usr/games


## ----------- ##
## Core tests. ##
## ----------- ##

configure:2096: checking for a BSD-compatible install
configure:2152: result: /usr/bin/install -c
configure:2163: checking whether build environment is sane
configure:2206: result: yes
configure:2234: checking for a thread-safe mkdir -p
configure:2273: result: /bin/mkdir -p
configure:2286: checking for gawk
configure:2302: found /usr/bin/gawk
configure:2313: result: gawk
configure:2324: checking whether make sets $(MAKE)
configure:2345: result: yes
configure:2565: checking build type
configure:2620: result: RELEASE
configure:2642: checking for style of include used by make
configure:2670: result: GNU
configure:2740: checking for gcc
configure:2756: found /usr/bin/gcc
configure:2767: result: gcc
configure:3005: checking for C compiler version
configure:3012: gcc --version >&5
gcc (Ubuntu 4.4.1-4ubuntu9) 4.4.1
Copyright (C) 2009 Free Software Foundation, Inc.
This is free software; see the source for copying conditions.  There is NO
warranty; not even for MERCHANTABILITY or FITNESS FOR A PARTICULAR PURPOSE.

configure:3015: $? = 0
configure:3022: gcc -v >&5
Using built-in specs.
Target: i486-linux-gnu
Configured with: ../src/configure -v --with-pkgversion='Ubuntu 4.4.1-4ubuntu9' --with-bugurl=file:///usr/share/doc/gcc-4.4/README.Bugs --enable-languages=c,c++,fortran,objc,obj-c++ --prefix=/usr --enable-shared --enable-multiarch --enable-linker-build-id --with-system-zlib --libexecdir=/usr/lib --without-included-gettext --enable-threads=posix --with-gxx-include-dir=/usr/include/c++/4.4 --program-suffix=-4.4 --enable-nls --enable-clocale=gnu --enable-libstdcxx-debug --enable-objc-gc --enable-targets=all --disable-werror --with-arch-32=i486 --with-tune=generic --enable-checking=release --build=i486-linux-gnu --host=i486-linux-gnu --target=i486-linux-gnu
Thread model: posix
gcc version 4.4.1 (Ubuntu 4.4.1-4ubuntu9) 
configure:3025: $? = 0
configure:3032: gcc -V >&5
gcc: '-V' option must have argument
configure:3035: $? = 1
configure:3058: checking for C compiler default output file name
configure:3085: gcc    conftest.c  >&5
configure:3088: $? = 0
configure:3126: result: a.out
configure:3143: checking whether the C compiler works
configure:3153: ./a.out
configure:3156: $? = 0
configure:3173: result: yes
configure:3180: checking whether we are cross compiling
configure:3182: result: no
configure:3185: checking for suffix of executables
configure:3192: gcc -o conftest    conftest.c  >&5
configure:3195: $? = 0
configure:3219: result: 
configure:3225: checking for suffix of object files
configure:3251: gcc -c   conftest.c >&5
configure:3254: $? = 0
configure:3277: result: o
configure:3281: checking whether we are using the GNU C compiler
configure:3310: gcc -c   conftest.c >&5
configure:3316: $? = 0
configure:3333: result: yes
configure:3338: checking whether gcc accepts -g
configure:3368: gcc -c -g  conftest.c >&5
configure:3374: $? = 0
configure:3473: result: yes
configure:3490: checking for gcc option to accept ISO C89
configure:3564: gcc  -c -g -O2  conftest.c >&5
configure:3570: $? = 0
configure:3593: result: none needed
configure:3613: checking dependency style of gcc
configure:3704: result: gcc3
configure:3720: checking whether gcc and cc understand -c and -o together
configure:3755: gcc -c conftest.c -o conftest2.o >&5
configure:3758: $? = 0
configure:3764: gcc -c conftest.c -o conftest2.o >&5
configure:3767: $? = 0
configure:3778: cc -c conftest.c >&5
configure:3781: $? = 0
configure:3789: cc -c conftest.c -o conftest2.o >&5
configure:3792: $? = 0
configure:3798: cc -c conftest.c -o conftest2.o >&5
configure:3801: $? = 0
configure:3819: result: yes
configure:3850: checking how to run the C preprocessor
configure:3890: gcc -E  conftest.c
configure:3896: $? = 0
configure:3927: gcc -E  conftest.c
conftest.c:10:28: error: ac_nonexistent.h: No such file or directory
configure:3933: $? = 1
configure: failed program was:
| /* confdefs.h.  */
| #define PACKAGE_NAME "openbox"
| #define PACKAGE_TARNAME "openbox"
| #define PACKAGE_VERSION "3.4.11"
| #define PACKAGE_STRING "openbox 3.4.11"
| #define PACKAGE_BUGREPORT "http://bugzilla.icculus.org"
| #define PACKAGE "openbox"
| #define VERSION "3.4.11"
| /* end confdefs.h.  */
| #include <ac_nonexistent.h>
configure:3966: result: gcc -E
configure:3995: gcc -E  conftest.c
configure:4001: $? = 0
configure:4032: gcc -E  conftest.c
conftest.c:10:28: error: ac_nonexistent.h: No such file or directory
configure:4038: $? = 1
configure: failed program was:
| /* confdefs.h.  */
| #define PACKAGE_NAME "openbox"
| #define PACKAGE_TARNAME "openbox"
| #define PACKAGE_VERSION "3.4.11"
| #define PACKAGE_STRING "openbox 3.4.11"
| #define PACKAGE_BUGREPORT "http://bugzilla.icculus.org"
| #define PACKAGE "openbox"
| #define VERSION "3.4.11"
| /* end confdefs.h.  */
| #include <ac_nonexistent.h>
configure:4089: checking for GNU CC
configure:4092: result: yes
configure:4112: checking for compiler specific flags
configure:4114: result: -DNDEBUG -DG_DISABLE_ASSERT -fno-strict-aliasing
configure:4120: checking for an ANSI C-conforming const
configure:4195: gcc -c -g -O2 -DNDEBUG -DG_DISABLE_ASSERT -fno-strict-aliasing  conftest.c >&5
configure:4201: $? = 0
configure:4216: result: yes
configure:4226: checking for inline
configure:4252: gcc -c -g -O2 -DNDEBUG -DG_DISABLE_ASSERT -fno-strict-aliasing  conftest.c >&5
configure:4258: $? = 0
configure:4276: result: inline
configure:4374: checking build system type
configure:4392: result: i686-pc-linux-gnu
configure:4414: checking host system type
configure:4429: result: i686-pc-linux-gnu
configure:4451: checking for a sed that does not truncate output
configure:4507: result: /bin/sed
configure:4510: checking for grep that handles long lines and -e
configure:4584: result: /bin/grep
configure:4589: checking for egrep
configure:4667: result: /bin/grep -E
configure:4683: checking for ld used by gcc
configure:4750: result: /usr/bin/ld
configure:4759: checking if the linker (/usr/bin/ld) is GNU ld
configure:4774: result: yes
configure:4779: checking for /usr/bin/ld option to reload object files
configure:4786: result: -r
configure:4804: checking for BSD-compatible nm
configure:4853: result: /usr/bin/nm -B
configure:4857: checking whether ln -s works
configure:4861: result: yes
configure:4868: checking how to recognize dependent libraries
configure:5054: result: pass_all
configure:5294: checking for ANSI C header files
configure:5324: gcc -c -g -O2 -DNDEBUG -DG_DISABLE_ASSERT -fno-strict-aliasing  conftest.c >&5
configure:5330: $? = 0
configure:5429: gcc -o conftest -g -O2 -DNDEBUG -DG_DISABLE_ASSERT -fno-strict-aliasing   conftest.c   >&5
configure:5432: $? = 0
configure:5438: ./conftest
configure:5441: $? = 0
configure:5458: result: yes
configure:5482: checking for sys/types.h
configure:5503: gcc -c -g -O2 -DNDEBUG -DG_DISABLE_ASSERT -fno-strict-aliasing  conftest.c >&5
configure:5509: $? = 0
configure:5525: result: yes
configure:5482: checking for sys/stat.h
configure:5503: gcc -c -g -O2 -DNDEBUG -DG_DISABLE_ASSERT -fno-strict-aliasing  conftest.c >&5
configure:5509: $? = 0
configure:5525: result: yes
configure:5482: checking for stdlib.h
configure:5503: gcc -c -g -O2 -DNDEBUG -DG_DISABLE_ASSERT -fno-strict-aliasing  conftest.c >&5
configure:5509: $? = 0
configure:5525: result: yes
configure:5482: checking for string.h
configure:5503: gcc -c -g -O2 -DNDEBUG -DG_DISABLE_ASSERT -fno-strict-aliasing  conftest.c >&5
configure:5509: $? = 0
configure:5525: result: yes
configure:5482: checking for memory.h
configure:5503: gcc -c -g -O2 -DNDEBUG -DG_DISABLE_ASSERT -fno-strict-aliasing  conftest.c >&5
configure:5509: $? = 0
configure:5525: result: yes
configure:5482: checking for strings.h
configure:5503: gcc -c -g -O2 -DNDEBUG -DG_DISABLE_ASSERT -fno-strict-aliasing  conftest.c >&5
configure:5509: $? = 0
configure:5525: result: yes
configure:5482: checking for inttypes.h
configure:5503: gcc -c -g -O2 -DNDEBUG -DG_DISABLE_ASSERT -fno-strict-aliasing  conftest.c >&5
configure:5509: $? = 0
configure:5525: result: yes
configure:5482: checking for stdint.h
configure:5503: gcc -c -g -O2 -DNDEBUG -DG_DISABLE_ASSERT -fno-strict-aliasing  conftest.c >&5
configure:5509: $? = 0
configure:5525: result: yes
configure:5482: checking for unistd.h
configure:5503: gcc -c -g -O2 -DNDEBUG -DG_DISABLE_ASSERT -fno-strict-aliasing  conftest.c >&5
configure:5509: $? = 0
configure:5525: result: yes
configure:5552: checking dlfcn.h usability
configure:5569: gcc -c -g -O2 -DNDEBUG -DG_DISABLE_ASSERT -fno-strict-aliasing  conftest.c >&5
configure:5575: $? = 0
configure:5589: result: yes
configure:5593: checking dlfcn.h presence
configure:5608: gcc -E  conftest.c
configure:5614: $? = 0
configure:5628: result: yes
configure:5661: checking for dlfcn.h
configure:5669: result: yes
configure:5740: checking for g++
configure:5756: found /usr/bin/g++
configure:5767: result: g++
configure:5798: checking for C++ compiler version
configure:5805: g++ --version >&5
g++ (Ubuntu 4.4.1-4ubuntu9) 4.4.1
Copyright (C) 2009 Free Software Foundation, Inc.
This is free software; see the source for copying conditions.  There is NO
warranty; not even for MERCHANTABILITY or FITNESS FOR A PARTICULAR PURPOSE.

configure:5808: $? = 0
configure:5815: g++ -v >&5
Using built-in specs.
Target: i486-linux-gnu
Configured with: ../src/configure -v --with-pkgversion='Ubuntu 4.4.1-4ubuntu9' --with-bugurl=file:///usr/share/doc/gcc-4.4/README.Bugs --enable-languages=c,c++,fortran,objc,obj-c++ --prefix=/usr --enable-shared --enable-multiarch --enable-linker-build-id --with-system-zlib --libexecdir=/usr/lib --without-included-gettext --enable-threads=posix --with-gxx-include-dir=/usr/include/c++/4.4 --program-suffix=-4.4 --enable-nls --enable-clocale=gnu --enable-libstdcxx-debug --enable-objc-gc --enable-targets=all --disable-werror --with-arch-32=i486 --with-tune=generic --enable-checking=release --build=i486-linux-gnu --host=i486-linux-gnu --target=i486-linux-gnu
Thread model: posix
gcc version 4.4.1 (Ubuntu 4.4.1-4ubuntu9) 
configure:5818: $? = 0
configure:5825: g++ -V >&5
g++: '-V' option must have argument
configure:5828: $? = 1
configure:5831: checking whether we are using the GNU C++ compiler
configure:5860: g++ -c   conftest.cpp >&5
configure:5866: $? = 0
configure:5883: result: yes
configure:5888: checking whether g++ accepts -g
configure:5918: g++ -c -g  conftest.cpp >&5
configure:5924: $? = 0
configure:6023: result: yes
configure:6048: checking dependency style of g++
configure:6139: result: gcc3
configure:6164: checking how to run the C++ preprocessor
configure:6200: g++ -E  conftest.cpp
configure:6206: $? = 0
configure:6237: g++ -E  conftest.cpp
conftest.cpp:21:28: error: ac_nonexistent.h: No such file or directory
configure:6243: $? = 1
configure: failed program was:
| /* confdefs.h.  */
| #define PACKAGE_NAME "openbox"
| #define PACKAGE_TARNAME "openbox"
| #define PACKAGE_VERSION "3.4.11"
| #define PACKAGE_STRING "openbox 3.4.11"
| #define PACKAGE_BUGREPORT "http://bugzilla.icculus.org"
| #define PACKAGE "openbox"
| #define VERSION "3.4.11"
| #define STDC_HEADERS 1
| #define HAVE_SYS_TYPES_H 1
| #define HAVE_SYS_STAT_H 1
| #define HAVE_STDLIB_H 1
| #define HAVE_STRING_H 1
| #define HAVE_MEMORY_H 1
| #define HAVE_STRINGS_H 1
| #define HAVE_INTTYPES_H 1
| #define HAVE_STDINT_H 1
| #define HAVE_UNISTD_H 1
| #define HAVE_DLFCN_H 1
| /* end confdefs.h.  */
| #include <ac_nonexistent.h>
configure:6276: result: g++ -E
configure:6305: g++ -E  conftest.cpp
configure:6311: $? = 0
configure:6342: g++ -E  conftest.cpp
conftest.cpp:21:28: error: ac_nonexistent.h: No such file or directory
configure:6348: $? = 1
configure: failed program was:
| /* confdefs.h.  */
| #define PACKAGE_NAME "openbox"
| #define PACKAGE_TARNAME "openbox"
| #define PACKAGE_VERSION "3.4.11"
| #define PACKAGE_STRING "openbox 3.4.11"
| #define PACKAGE_BUGREPORT "http://bugzilla.icculus.org"
| #define PACKAGE "openbox"
| #define VERSION "3.4.11"
| #define STDC_HEADERS 1
| #define HAVE_SYS_TYPES_H 1
| #define HAVE_SYS_STAT_H 1
| #define HAVE_STDLIB_H 1
| #define HAVE_STRING_H 1
| #define HAVE_MEMORY_H 1
| #define HAVE_STRINGS_H 1
| #define HAVE_INTTYPES_H 1
| #define HAVE_STDINT_H 1
| #define HAVE_UNISTD_H 1
| #define HAVE_DLFCN_H 1
| /* end confdefs.h.  */
| #include <ac_nonexistent.h>
configure:6441: checking for g77
configure:6471: result: no
configure:6441: checking for xlf
configure:6471: result: no
configure:6441: checking for f77
configure:6471: result: no
configure:6441: checking for frt
configure:6471: result: no
configure:6441: checking for pgf77
configure:6471: result: no
configure:6441: checking for cf77
configure:6471: result: no
configure:6441: checking for fort77
configure:6471: result: no
configure:6441: checking for fl32
configure:6471: result: no
configure:6441: checking for af77
configure:6471: result: no
configure:6441: checking for xlf90
configure:6471: result: no
configure:6441: checking for f90
configure:6471: result: no
configure:6441: checking for pgf90
configure:6471: result: no
configure:6441: checking for pghpf
configure:6471: result: no
configure:6441: checking for epcf90
configure:6471: result: no
configure:6441: checking for gfortran
configure:6471: result: no
configure:6441: checking for g95
configure:6471: result: no
configure:6441: checking for xlf95
configure:6471: result: no
configure:6441: checking for f95
configure:6471: result: no
configure:6441: checking for fort
configure:6471: result: no
configure:6441: checking for ifort
configure:6471: result: no
configure:6441: checking for ifc
configure:6471: result: no
configure:6441: checking for efc
configure:6471: result: no
configure:6441: checking for pgf95
configure:6471: result: no
configure:6441: checking for lf95
configure:6471: result: no
configure:6441: checking for ftn
configure:6471: result: no
configure:6498: checking for Fortran 77 compiler version
configure:6505:  --version >&5
./configure: line 6506: --version: command not found
configure:6508: $? = 127
configure:6515:  -v >&5
./configure: line 6516: -v: command not found
configure:6518: $? = 127
configure:6525:  -V >&5
./configure: line 6526: -V: command not found
configure:6528: $? = 127
configure:6536: checking whether we are using the GNU Fortran 77 compiler
configure:6555:  -c  conftest.F >&5
./configure: line 6556: -c: command not found
configure:6561: $? = 127
configure: failed program was:
|       program main
| #ifndef __GNUC__
|        choke me
| #endif
| 
|       end
configure:6578: result: no
configure:6584: checking whether  accepts -g
configure:6601:  -c -g conftest.f >&5
./configure: line 6602: -c: command not found
configure:6607: $? = 127
configure: failed program was:
|       program main
| 
|       end
configure:6623: result: no
configure:6652: checking the maximum length of command line arguments
configure:6764: result: 1572864
configure:6776: checking command to parse /usr/bin/nm -B output from gcc object
configure:6881: gcc -c -g -O2 -DNDEBUG -DG_DISABLE_ASSERT -fno-strict-aliasing  conftest.c >&5
configure:6884: $? = 0
configure:6888: /usr/bin/nm -B conftest.o \| sed -n -e 's/^.*[ 	]\([ABCDGIRSTW][ABCDGIRSTW]*\)[ 	][ 	]*\([_A-Za-z][_A-Za-z0-9]*\)$/\1 \2 \2/p' \> conftest.nm
configure:6891: $? = 0
configure:6943: gcc -o conftest -g -O2 -DNDEBUG -DG_DISABLE_ASSERT -fno-strict-aliasing   conftest.c conftstm.o >&5
configure:6946: $? = 0
configure:6984: result: ok
configure:6988: checking for objdir
configure:7003: result: .libs
configure:7095: checking for ar
configure:7111: found /usr/bin/ar
configure:7122: result: ar
configure:7191: checking for ranlib
configure:7207: found /usr/bin/ranlib
configure:7218: result: ranlib
configure:7287: checking for strip
configure:7303: found /usr/bin/strip
configure:7314: result: strip
configure:7912: checking if gcc supports -fno-rtti -fno-exceptions
configure:7930: gcc -c -g -O2 -DNDEBUG -DG_DISABLE_ASSERT -fno-strict-aliasing  -fno-rtti -fno-exceptions conftest.c >&5
cc1: warning: command line option "-fno-rtti" is valid for C++/ObjC++ but not for C
configure:7934: $? = 0
configure:7947: result: no
configure:7962: checking for gcc option to produce PIC
configure:8194: result: -fPIC
configure:8202: checking if gcc PIC flag -fPIC works
configure:8220: gcc -c -g -O2 -DNDEBUG -DG_DISABLE_ASSERT -fno-strict-aliasing  -fPIC -DPIC conftest.c >&5
configure:8224: $? = 0
configure:8237: result: yes
configure:8265: checking if gcc static flag -static works
configure:8293: result: yes
configure:8303: checking if gcc supports -c -o file.o
configure:8324: gcc -c -g -O2 -DNDEBUG -DG_DISABLE_ASSERT -fno-strict-aliasing  -o out/conftest2.o conftest.c >&5
configure:8328: $? = 0
configure:8350: result: yes
configure:8376: checking whether the gcc linker (/usr/bin/ld) supports shared libraries
configure:9357: result: yes
configure:9378: checking whether -lc should be explicitly linked in
configure:9383: gcc -c -g -O2 -DNDEBUG -DG_DISABLE_ASSERT -fno-strict-aliasing  conftest.c >&5
configure:9386: $? = 0
configure:9401: gcc -shared conftest.o  -v -Wl,-soname -Wl,conftest -o conftest 2\>\&1 \| grep  -lc  \>/dev/null 2\>\&1
configure:9404: $? = 0
configure:9416: result: no
configure:9424: checking dynamic linker characteristics
configure:10038: result: GNU/Linux ld.so
configure:10062: checking how to hardcode library paths into programs
configure:10087: result: immediate
configure:10101: checking whether stripping libraries is possible
configure:10106: result: yes
configure:10908: checking if libtool supports shared libraries
configure:10910: result: yes
configure:10913: checking whether to build shared libraries
configure:10934: result: yes
configure:10937: checking whether to build static libraries
configure:10941: result: yes
configure:11035: creating libtool
configure:11628: checking for ld used by g++
configure:11695: result: /usr/bin/ld
configure:11704: checking if the linker (/usr/bin/ld) is GNU ld
configure:11719: result: yes
configure:11770: checking whether the g++ linker (/usr/bin/ld) supports shared libraries
configure:12716: result: yes
configure:12733: g++ -c -g -O2  conftest.cpp >&5
configure:12736: $? = 0
configure:12892: checking for g++ option to produce PIC
configure:13176: result: -fPIC
configure:13184: checking if g++ PIC flag -fPIC works
configure:13202: g++ -c -g -O2  -fPIC -DPIC conftest.cpp >&5
configure:13206: $? = 0
configure:13219: result: yes
configure:13247: checking if g++ static flag -static works
configure:13275: result: yes
configure:13285: checking if g++ supports -c -o file.o
configure:13306: g++ -c -g -O2  -o out/conftest2.o conftest.cpp >&5
configure:13310: $? = 0
configure:13332: result: yes
configure:13358: checking whether the g++ linker (/usr/bin/ld) supports shared libraries
configure:13387: result: yes
configure:13454: checking dynamic linker characteristics
configure:14016: result: GNU/Linux ld.so
configure:14040: checking how to hardcode library paths into programs
configure:14065: result: immediate
configure:20328: checking for a BSD-compatible install
configure:20384: result: /usr/bin/install -c
configure:20398: checking whether NLS is requested
configure:20407: result: yes
configure:20445: checking for msgfmt
configure: trying /usr/bin/msgfmt...
0 translated messages.
configure:20477: result: /usr/bin/msgfmt
configure:20486: checking for gmsgfmt
configure:20517: result: /usr/bin/msgfmt
configure:20568: checking for xgettext
configure: trying /usr/bin/xgettext...
/usr/bin/xgettext: warning: file `/dev/null' extension `' is unknown; will try C
configure:20600: result: /usr/bin/xgettext
configure:20646: checking for msgmerge
configure: trying /usr/bin/msgmerge...
configure:20677: result: /usr/bin/msgmerge
configure:20731: checking for ld used by GCC
configure:20795: result: /usr/bin/ld
configure:20804: checking if the linker (/usr/bin/ld) is GNU ld
configure:20817: result: yes
configure:20824: checking for shared library run path origin
configure:20837: result: done
configure:21273: checking for CFPreferencesCopyAppValue
configure:21301: gcc -o conftest -g -O2 -DNDEBUG -DG_DISABLE_ASSERT -fno-strict-aliasing   conftest.c   -Wl,-framework -Wl,CoreFoundation >&5
conftest.c:21:42: error: CoreFoundation/CFPreferences.h: No such file or directory
conftest.c: In function 'main':
conftest.c:25: error: 'NULL' undeclared (first use in this function)
conftest.c:25: error: (Each undeclared identifier is reported only once
conftest.c:25: error: for each function it appears in.)
configure:21307: $? = 1
configure: failed program was:
| /* confdefs.h.  */
| #define PACKAGE_NAME "openbox"
| #define PACKAGE_TARNAME "openbox"
| #define PACKAGE_VERSION "3.4.11"
| #define PACKAGE_STRING "openbox 3.4.11"
| #define PACKAGE_BUGREPORT "http://bugzilla.icculus.org"
| #define PACKAGE "openbox"
| #define VERSION "3.4.11"
| #define STDC_HEADERS 1
| #define HAVE_SYS_TYPES_H 1
| #define HAVE_SYS_STAT_H 1
| #define HAVE_STDLIB_H 1
| #define HAVE_STRING_H 1
| #define HAVE_MEMORY_H 1
| #define HAVE_STRINGS_H 1
| #define HAVE_INTTYPES_H 1
| #define HAVE_STDINT_H 1
| #define HAVE_UNISTD_H 1
| #define HAVE_DLFCN_H 1
| /* end confdefs.h.  */
| #include <CoreFoundation/CFPreferences.h>
| int
| main ()
| {
| CFPreferencesCopyAppValue(NULL, NULL)
|   ;
|   return 0;
| }
configure:21325: result: no
configure:21334: checking for CFLocaleCopyCurrent
configure:21362: gcc -o conftest -g -O2 -DNDEBUG -DG_DISABLE_ASSERT -fno-strict-aliasing   conftest.c   -Wl,-framework -Wl,CoreFoundation >&5
conftest.c:21:37: error: CoreFoundation/CFLocale.h: No such file or directory
configure:21368: $? = 1
configure: failed program was:
| /* confdefs.h.  */
| #define PACKAGE_NAME "openbox"
| #define PACKAGE_TARNAME "openbox"
| #define PACKAGE_VERSION "3.4.11"
| #define PACKAGE_STRING "openbox 3.4.11"
| #define PACKAGE_BUGREPORT "http://bugzilla.icculus.org"
| #define PACKAGE "openbox"
| #define VERSION "3.4.11"
| #define STDC_HEADERS 1
| #define HAVE_SYS_TYPES_H 1
| #define HAVE_SYS_STAT_H 1
| #define HAVE_STDLIB_H 1
| #define HAVE_STRING_H 1
| #define HAVE_MEMORY_H 1
| #define HAVE_STRINGS_H 1
| #define HAVE_INTTYPES_H 1
| #define HAVE_STDINT_H 1
| #define HAVE_UNISTD_H 1
| #define HAVE_DLFCN_H 1
| /* end confdefs.h.  */
| #include <CoreFoundation/CFLocale.h>
| int
| main ()
| {
| CFLocaleCopyCurrent();
|   ;
|   return 0;
| }
configure:21386: result: no
configure:21417: checking for GNU gettext in libc
configure:21446: gcc -o conftest -g -O2 -DNDEBUG -DG_DISABLE_ASSERT -fno-strict-aliasing   conftest.c   >&5
configure:21452: $? = 0
configure:21469: result: yes
configure:22168: checking whether to use NLS
configure:22170: result: yes
configure:22173: checking where the gettext function comes from
configure:22184: result: libc
configure:22267: checking ctype.h usability
configure:22284: gcc -c -g -O2 -DNDEBUG -DG_DISABLE_ASSERT -fno-strict-aliasing  conftest.c >&5
configure:22290: $? = 0
configure:22304: result: yes
configure:22308: checking ctype.h presence
configure:22323: gcc -E  conftest.c
configure:22329: $? = 0
configure:22343: result: yes
configure:22376: checking for ctype.h
configure:22384: result: yes
configure:22267: checking fcntl.h usability
configure:22284: gcc -c -g -O2 -DNDEBUG -DG_DISABLE_ASSERT -fno-strict-aliasing  conftest.c >&5
configure:22290: $? = 0
configure:22304: result: yes
configure:22308: checking fcntl.h presence
configure:22323: gcc -E  conftest.c
configure:22329: $? = 0
configure:22343: result: yes
configure:22376: checking for fcntl.h
configure:22384: result: yes
configure:22267: checking locale.h usability
configure:22284: gcc -c -g -O2 -DNDEBUG -DG_DISABLE_ASSERT -fno-strict-aliasing  conftest.c >&5
configure:22290: $? = 0
configure:22304: result: yes
configure:22308: checking locale.h presence
configure:22323: gcc -E  conftest.c
configure:22329: $? = 0
configure:22343: result: yes
configure:22376: checking for locale.h
configure:22384: result: yes
configure:22267: checking signal.h usability
configure:22284: gcc -c -g -O2 -DNDEBUG -DG_DISABLE_ASSERT -fno-strict-aliasing  conftest.c >&5
configure:22290: $? = 0
configure:22304: result: yes
configure:22308: checking signal.h presence
configure:22323: gcc -E  conftest.c
configure:22329: $? = 0
configure:22343: result: yes
configure:22376: checking for signal.h
configure:22384: result: yes
configure:22257: checking for string.h
configure:22263: result: yes
configure:22267: checking stdio.h usability
configure:22284: gcc -c -g -O2 -DNDEBUG -DG_DISABLE_ASSERT -fno-strict-aliasing  conftest.c >&5
configure:22290: $? = 0
configure:22304: result: yes
configure:22308: checking stdio.h presence
configure:22323: gcc -E  conftest.c
configure:22329: $? = 0
configure:22343: result: yes
configure:22376: checking for stdio.h
configure:22384: result: yes
configure:22257: checking for stdlib.h
configure:22263: result: yes
configure:22406: checking for unistd.h
configure:22412: result: yes
configure:22406: checking for sys/stat.h
configure:22412: result: yes
configure:22416: checking sys/select.h usability
configure:22433: gcc -c -g -O2 -DNDEBUG -DG_DISABLE_ASSERT -fno-strict-aliasing  conftest.c >&5
configure:22439: $? = 0
configure:22453: result: yes
configure:22457: checking sys/select.h presence
configure:22472: gcc -E  conftest.c
configure:22478: $? = 0
configure:22492: result: yes
configure:22525: checking for sys/select.h
configure:22533: result: yes
configure:22416: checking sys/time.h usability
configure:22433: gcc -c -g -O2 -DNDEBUG -DG_DISABLE_ASSERT -fno-strict-aliasing  conftest.c >&5
configure:22439: $? = 0
configure:22453: result: yes
configure:22457: checking sys/time.h presence
configure:22472: gcc -E  conftest.c
configure:22478: $? = 0
configure:22492: result: yes
configure:22525: checking for sys/time.h
configure:22533: result: yes
configure:22416: checking sys/wait.h usability
configure:22433: gcc -c -g -O2 -DNDEBUG -DG_DISABLE_ASSERT -fno-strict-aliasing  conftest.c >&5
configure:22439: $? = 0
configure:22453: result: yes
configure:22457: checking sys/wait.h presence
configure:22472: gcc -E  conftest.c
configure:22478: $? = 0
configure:22492: result: yes
configure:22525: checking for sys/wait.h
configure:22533: result: yes
configure:22551: checking for sed
configure:22582: result: /bin/sed
configure:22645: checking for pkg-config
configure:22663: found /usr/bin/pkg-config
configure:22675: result: /usr/bin/pkg-config
configure:22704: checking pkg-config is at least version 0.9.0
configure:22707: result: yes
configure:22718: checking for GLIB
configure:22726: $PKG_CONFIG --exists --print-errors "glib-2.0 >= 2.14.0"
configure:22729: $? = 0
configure:22744: $PKG_CONFIG --exists --print-errors "glib-2.0 >= 2.14.0"
configure:22747: $? = 0
configure:22823: result: yes
configure:22832: checking for PANGO
configure:22840: $PKG_CONFIG --exists --print-errors "pango >= 1.8.0 pangoxft >= 1.8.0"
configure:22843: $? = 0
configure:22858: $PKG_CONFIG --exists --print-errors "pango >= 1.8.0 pangoxft >= 1.8.0"
configure:22861: $? = 0
configure:22937: result: yes
configure:22946: checking for XFT
configure:22954: $PKG_CONFIG --exists --print-errors "xft"
configure:22957: $? = 0
configure:22972: $PKG_CONFIG --exists --print-errors "xft"
configure:22975: $? = 0
configure:23051: result: yes
configure:23060: checking for XML
configure:23068: $PKG_CONFIG --exists --print-errors "libxml-2.0 >= 2.6.0"
configure:23071: $? = 0
configure:23086: $PKG_CONFIG --exists --print-errors "libxml-2.0 >= 2.6.0"
configure:23089: $? = 0
configure:23165: result: yes
configure:23184: checking for LIBSN
configure:23192: $PKG_CONFIG --exists --print-errors "libstartup-notification-1.0 >= 0.8"
configure:23195: $? = 0
configure:23210: $PKG_CONFIG --exists --print-errors "libstartup-notification-1.0 >= 0.8"
configure:23213: $? = 0
configure:23255: result: yes
configure:23284: checking for XCURSOR
configure:23292: $PKG_CONFIG --exists --print-errors "xcursor"
configure:23295: $? = 0
configure:23310: $PKG_CONFIG --exists --print-errors "xcursor"
configure:23313: $? = 0
configure:23355: result: yes
configure:23372: checking for X
configure:23487: gcc -E  conftest.c
configure:23493: $? = 0
configure:23542: gcc -o conftest -g -O2 -DNDEBUG -DG_DISABLE_ASSERT -fno-strict-aliasing   conftest.c -lX11   >&5
configure:23548: $? = 0
configure:23607: result: libraries , headers 
configure:23769: gcc -o conftest -g -O2 -DNDEBUG -DG_DISABLE_ASSERT -fno-strict-aliasing   conftest.c    -lX11 >&5
configure:23775: $? = 0
configure:23932: checking for gethostbyname
configure:23988: gcc -o conftest -g -O2 -DNDEBUG -DG_DISABLE_ASSERT -fno-strict-aliasing   conftest.c   >&5
configure:23994: $? = 0
configure:24011: result: yes
configure:24156: checking for connect
configure:24212: gcc -o conftest -g -O2 -DNDEBUG -DG_DISABLE_ASSERT -fno-strict-aliasing   conftest.c   >&5
configure:24218: $? = 0
configure:24235: result: yes
configure:24307: checking for remove
configure:24363: gcc -o conftest -g -O2 -DNDEBUG -DG_DISABLE_ASSERT -fno-strict-aliasing   conftest.c   >&5
configure:24369: $? = 0
configure:24386: result: yes
configure:24458: checking for shmat
configure:24514: gcc -o conftest -g -O2 -DNDEBUG -DG_DISABLE_ASSERT -fno-strict-aliasing   conftest.c   >&5
configure:24520: $? = 0
configure:24537: result: yes
configure:24618: checking for IceConnectionNumber in -lICE
configure:24653: gcc -o conftest -g -O2 -DNDEBUG -DG_DISABLE_ASSERT -fno-strict-aliasing   conftest.c -lICE    >&5
configure:24659: $? = 0
configure:24677: result: yes
configure:24702: checking for XOpenDisplay in -lX11
configure:24737: gcc -o conftest -g -O2 -DNDEBUG -DG_DISABLE_ASSERT -fno-strict-aliasing    conftest.c -lX11     -lSM -lICE  -lX11 >&5
configure:24743: $? = 0
configure:24761: result: yes
configure:24804: checking for SmcSaveYourselfDone in -lSM
configure:24839: gcc -o conftest -g -O2 -DNDEBUG -DG_DISABLE_ASSERT -fno-strict-aliasing    conftest.c -lSM     -lSM -lICE  -lX11 >&5
configure:24845: $? = 0
configure:24863: result: yes
configure:24882: checking X11/SM/SMlib.h usability
configure:24899: gcc -c -g -O2 -DNDEBUG -DG_DISABLE_ASSERT -fno-strict-aliasing   conftest.c >&5
configure:24905: $? = 0
configure:24919: result: yes
configure:24923: checking X11/SM/SMlib.h presence
configure:24938: gcc -E   conftest.c
configure:24944: $? = 0
configure:24958: result: yes
configure:24991: checking for X11/SM/SMlib.h
configure:24999: result: yes
configure:25031: checking for session management support
configure:25034: result: yes
configure:25056: checking for XkbBell in -lX11
configure:25091: gcc -o conftest -g -O2 -DNDEBUG -DG_DISABLE_ASSERT -fno-strict-aliasing    conftest.c -lX11     -lSM -lICE  -lX11 >&5
configure:25097: $? = 0
configure:25115: result: yes
configure:25118: checking for X11/XKBlib.h
configure:25149: gcc -o conftest -g -O2 -DNDEBUG -DG_DISABLE_ASSERT -fno-strict-aliasing    conftest.c    -lSM -lICE  -lX11 >&5
configure:25155: $? = 0
configure:25162: result: yes
configure:25196: checking for the Xkb extension
configure:25199: result: yes
configure:25216: checking for XRRSelectInput in -lXrandr
configure:25251: gcc -o conftest -g -O2 -DNDEBUG -DG_DISABLE_ASSERT -fno-strict-aliasing    conftest.c -lXrandr     -lSM -lICE  -lX11 -lXext -lXrender -lXrandr >&5
configure:25257: $? = 0
configure:25275: result: yes
configure:25278: checking for X11/extensions/Xrandr.h
configure:25310: gcc -o conftest -g -O2 -DNDEBUG -DG_DISABLE_ASSERT -fno-strict-aliasing    conftest.c    -lSM -lICE  -lX11 -lXext -lXrender -lXrandr >&5
configure:25316: $? = 0
configure:25323: result: yes
configure:25357: checking for the XRandR extension
configure:25360: result: yes
configure:25377: checking for XShapeCombineShape in -lXext
configure:25412: gcc -o conftest -g -O2 -DNDEBUG -DG_DISABLE_ASSERT -fno-strict-aliasing    conftest.c -lXext     -lSM -lICE  -lX11 >&5
configure:25418: $? = 0
configure:25436: result: yes
configure:25439: checking for X11/extensions/shape.h
configure:25468: gcc -o conftest -g -O2 -DNDEBUG -DG_DISABLE_ASSERT -fno-strict-aliasing    conftest.c    -lSM -lICE  -lX11 >&5
configure:25474: $? = 0
configure:25481: result: yes
configure:25515: checking for the Shape extension
configure:25518: result: yes
configure:25535: checking for XineramaQueryExtension in -lXinerama
configure:25570: gcc -o conftest -g -O2 -DNDEBUG -DG_DISABLE_ASSERT -fno-strict-aliasing    conftest.c -lXinerama     -lSM -lICE  -lX11 -lXext >&5
configure:25576: $? = 0
configure:25594: result: yes
configure:25598: checking for X11/extensions/Xinerama.h
configure:25626: gcc -o conftest -g -O2 -DNDEBUG -DG_DISABLE_ASSERT -fno-strict-aliasing    conftest.c    -lSM -lICE  -lX11 -lXext >&5
configure:25632: $? = 0
configure:25639: result: yes
configure:25670: checking for the Xinerama extension
configure:25673: result: yes
configure:25690: checking for XSyncInitialize in -lXext
configure:25725: gcc -o conftest -g -O2 -DNDEBUG -DG_DISABLE_ASSERT -fno-strict-aliasing    conftest.c -lXext     -lSM -lICE  -lX11 >&5
configure:25731: $? = 0
configure:25749: result: yes
configure:25752: checking for X11/extensions/sync.h
configure:25781: gcc -o conftest -g -O2 -DNDEBUG -DG_DISABLE_ASSERT -fno-strict-aliasing    conftest.c    -lSM -lICE  -lX11 >&5
configure:25787: $? = 0
configure:25794: result: yes
configure:25828: checking for the Sync extension
configure:25831: result: yes
configure:25998: creating ./config.status

## ---------------------- ##
## Running config.status. ##
## ---------------------- ##

This file was extended by openbox config.status 3.4.11, which was
generated by GNU Autoconf 2.61.  Invocation command line was

  CONFIG_FILES    = 
  CONFIG_HEADERS  = 
  CONFIG_LINKS    = 
  CONFIG_COMMANDS = 
  $ ./config.status 

on awross-desktop

config.status:720: creating Makefile
config.status:720: creating m4/Makefile
config.status:720: creating po/Makefile.in
config.status:720: creating render/obrender-3.0.pc
config.status:720: creating parser/obparser-3.0.pc
config.status:720: creating version.h
config.status:911: executing depfiles commands
config.status:911: executing po-directories commands
config.status:911: executing doc commands
config.status:911: executing data commands
config.status:911: executing data/xsession commands
configure:27316: result: 
configure:27322: result: Compiling with these options:
               Startup Notification... yes
               X Cursor Library... yes
               Session Management... yes
               
configure:27328: result: configure complete, now type "make"

## ---------------- ##
## Cache variables. ##
## ---------------- ##

ac_cv_build=i686-pc-linux-gnu
ac_cv_c_compiler_gnu=yes
ac_cv_c_const=yes
ac_cv_c_inline=inline
ac_cv_cxx_compiler_gnu=yes
ac_cv_env_CCC_set=
ac_cv_env_CCC_value=
ac_cv_env_CC_set=
ac_cv_env_CC_value=
ac_cv_env_CFLAGS_set=
ac_cv_env_CFLAGS_value=
ac_cv_env_CPPFLAGS_set=
ac_cv_env_CPPFLAGS_value=
ac_cv_env_CPP_set=
ac_cv_env_CPP_value=
ac_cv_env_CXXCPP_set=
ac_cv_env_CXXCPP_value=
ac_cv_env_CXXFLAGS_set=
ac_cv_env_CXXFLAGS_value=
ac_cv_env_CXX_set=
ac_cv_env_CXX_value=
ac_cv_env_F77_set=
ac_cv_env_F77_value=
ac_cv_env_FFLAGS_set=
ac_cv_env_FFLAGS_value=
ac_cv_env_GLIB_CFLAGS_set=
ac_cv_env_GLIB_CFLAGS_value=
ac_cv_env_GLIB_LIBS_set=
ac_cv_env_GLIB_LIBS_value=
ac_cv_env_LDFLAGS_set=
ac_cv_env_LDFLAGS_value=
ac_cv_env_LIBSN_CFLAGS_set=
ac_cv_env_LIBSN_CFLAGS_value=
ac_cv_env_LIBSN_LIBS_set=
ac_cv_env_LIBSN_LIBS_value=
ac_cv_env_LIBS_set=
ac_cv_env_LIBS_value=
ac_cv_env_PANGO_CFLAGS_set=
ac_cv_env_PANGO_CFLAGS_value=
ac_cv_env_PANGO_LIBS_set=
ac_cv_env_PANGO_LIBS_value=
ac_cv_env_PKG_CONFIG_set=
ac_cv_env_PKG_CONFIG_value=
ac_cv_env_XCURSOR_CFLAGS_set=
ac_cv_env_XCURSOR_CFLAGS_value=
ac_cv_env_XCURSOR_LIBS_set=
ac_cv_env_XCURSOR_LIBS_value=
ac_cv_env_XFT_CFLAGS_set=
ac_cv_env_XFT_CFLAGS_value=
ac_cv_env_XFT_LIBS_set=
ac_cv_env_XFT_LIBS_value=
ac_cv_env_XMKMF_set=
ac_cv_env_XMKMF_value=
ac_cv_env_XML_CFLAGS_set=
ac_cv_env_XML_CFLAGS_value=
ac_cv_env_XML_LIBS_set=
ac_cv_env_XML_LIBS_value=
ac_cv_env_build_alias_set=
ac_cv_env_build_alias_value=
ac_cv_env_host_alias_set=
ac_cv_env_host_alias_value=
ac_cv_env_target_alias_set=
ac_cv_env_target_alias_value=
ac_cv_f77_compiler_gnu=no
ac_cv_func_connect=yes
ac_cv_func_gethostbyname=yes
ac_cv_func_remove=yes
ac_cv_func_shmat=yes
ac_cv_have_x='have_x=yes	ac_x_includes='\'''\''	ac_x_libraries='\'''\'''
ac_cv_header_X11_SM_SMlib_h=yes
ac_cv_header_ctype_h=yes
ac_cv_header_dlfcn_h=yes
ac_cv_header_fcntl_h=yes
ac_cv_header_inttypes_h=yes
ac_cv_header_locale_h=yes
ac_cv_header_memory_h=yes
ac_cv_header_signal_h=yes
ac_cv_header_stdc=yes
ac_cv_header_stdint_h=yes
ac_cv_header_stdio_h=yes
ac_cv_header_stdlib_h=yes
ac_cv_header_string_h=yes
ac_cv_header_strings_h=yes
ac_cv_header_sys_select_h=yes
ac_cv_header_sys_stat_h=yes
ac_cv_header_sys_time_h=yes
ac_cv_header_sys_types_h=yes
ac_cv_header_sys_wait_h=yes
ac_cv_header_unistd_h=yes
ac_cv_host=i686-pc-linux-gnu
ac_cv_lib_ICE_IceConnectionNumber=yes
ac_cv_lib_SM_SmcSaveYourselfDone=yes
ac_cv_lib_X11_XOpenDisplay=yes
ac_cv_lib_X11_XkbBell=yes
ac_cv_lib_Xext_XShapeCombineShape=yes
ac_cv_lib_Xext_XSyncInitialize=yes
ac_cv_lib_Xinerama_XineramaQueryExtension=yes
ac_cv_lib_Xrandr_XRRSelectInput=yes
ac_cv_objext=o
ac_cv_path_EGREP='/bin/grep -E'
ac_cv_path_GMSGFMT=/usr/bin/msgfmt
ac_cv_path_GREP=/bin/grep
ac_cv_path_MSGFMT=/usr/bin/msgfmt
ac_cv_path_MSGMERGE=/usr/bin/msgmerge
ac_cv_path_SED=/bin/sed
ac_cv_path_XGETTEXT=/usr/bin/xgettext
ac_cv_path_ac_pt_PKG_CONFIG=/usr/bin/pkg-config
ac_cv_path_install='/usr/bin/install -c'
ac_cv_path_mkdir=/bin/mkdir
ac_cv_prog_AWK=gawk
ac_cv_prog_CPP='gcc -E'
ac_cv_prog_CXXCPP='g++ -E'
ac_cv_prog_ac_ct_AR=ar
ac_cv_prog_ac_ct_CC=gcc
ac_cv_prog_ac_ct_CXX=g++
ac_cv_prog_ac_ct_RANLIB=ranlib
ac_cv_prog_ac_ct_STRIP=strip
ac_cv_prog_cc_c89=
ac_cv_prog_cc_g=yes
ac_cv_prog_cc_gcc_c_o=yes
ac_cv_prog_cxx_g=yes
ac_cv_prog_f77_g=no
ac_cv_prog_make_make_set=yes
acl_cv_hardcode_direct=no
acl_cv_hardcode_libdir_flag_spec='${wl}-rpath ${wl}$libdir'
acl_cv_hardcode_libdir_separator=
acl_cv_hardcode_minus_L=no
acl_cv_libext=a
acl_cv_path_LD=/usr/bin/ld
acl_cv_prog_gnu_ld=yes
acl_cv_rpath=done
acl_cv_shlibext=so
acl_cv_wl=-Wl,
am_cv_CC_dependencies_compiler_type=gcc3
am_cv_CXX_dependencies_compiler_type=gcc3
gt_cv_func_CFLocaleCopyCurrent=no
gt_cv_func_CFPreferencesCopyAppValue=no
gt_cv_func_gnugettext1_libc=yes
lt_cv_deplibs_check_method=pass_all
lt_cv_file_magic_cmd='$MAGIC_CMD'
lt_cv_file_magic_test_file=
lt_cv_ld_reload_flag=-r
lt_cv_objdir=.libs
lt_cv_path_LD=/usr/bin/ld
lt_cv_path_LDCXX=/usr/bin/ld
lt_cv_path_NM='/usr/bin/nm -B'
lt_cv_path_SED=/bin/sed
lt_cv_prog_compiler_c_o=yes
lt_cv_prog_compiler_c_o_CXX=yes
lt_cv_prog_compiler_pic_works=yes
lt_cv_prog_compiler_pic_works_CXX=yes
lt_cv_prog_compiler_rtti_exceptions=no
lt_cv_prog_compiler_static_works=yes
lt_cv_prog_compiler_static_works_CXX=yes
lt_cv_prog_gnu_ld=yes
lt_cv_prog_gnu_ldcxx=yes
lt_cv_sys_global_symbol_pipe='sed -n -e '\''s/^.*[ 	]\([ABCDGIRSTW][ABCDGIRSTW]*\)[ 	][ 	]*\([_A-Za-z][_A-Za-z0-9]*\)$/\1 \2 \2/p'\'''
lt_cv_sys_global_symbol_to_c_name_address='sed -n -e '\''s/^: \([^ ]*\) $/  {\"\1\", (lt_ptr) 0},/p'\'' -e '\''s/^[BCDEGRST] \([^ ]*\) \([^ ]*\)$/  {"\2", (lt_ptr) \&\2},/p'\'''
lt_cv_sys_global_symbol_to_cdecl='sed -n -e '\''s/^. .* \(.*\)$/extern int \1;/p'\'''
lt_cv_sys_lib_dlsearch_path_spec='/lib /usr/lib /lib/i486-linux-gnu /usr/lib/i486-linux-gnu /usr/lib/alsa-lib /usr/local/lib '
lt_cv_sys_lib_search_path_spec='/usr/lib/gcc/i486-linux-gnu/4.4.1 /usr/lib /lib /usr/lib/i486-linux-gnu'
lt_cv_sys_max_cmd_len=1572864
lt_lt_cv_prog_compiler_c_o='"yes"'
lt_lt_cv_prog_compiler_c_o_CXX='"yes"'
lt_lt_cv_sys_global_symbol_pipe='"sed -n -e '\''s/^.*[ 	]\\([ABCDGIRSTW][ABCDGIRSTW]*\\)[ 	][ 	]*\\([_A-Za-z][_A-Za-z0-9]*\\)\$/\\1 \\2 \\2/p'\''"'
lt_lt_cv_sys_global_symbol_to_c_name_address='"sed -n -e '\''s/^: \\([^ ]*\\) \$/  {\\\"\\1\\\", (lt_ptr) 0},/p'\'' -e '\''s/^[BCDEGRST] \\([^ ]*\\) \\([^ ]*\\)\$/  {\"\\2\", (lt_ptr) \\&\\2},/p'\''"'
lt_lt_cv_sys_global_symbol_to_cdecl='"sed -n -e '\''s/^. .* \\(.*\\)\$/extern int \\1;/p'\''"'
pkg_cv_GLIB_CFLAGS='-I/usr/include/glib-2.0 -I/usr/lib/glib-2.0/include  '
pkg_cv_GLIB_LIBS='-lglib-2.0  '
pkg_cv_LIBSN_CFLAGS='-I/usr/include/startup-notification-1.0  '
pkg_cv_LIBSN_LIBS='-lstartup-notification-1  '
pkg_cv_PANGO_CFLAGS='-I/usr/include/pango-1.0 -I/usr/include/glib-2.0 -I/usr/lib/glib-2.0/include -I/usr/include/freetype2  '
pkg_cv_PANGO_LIBS='-lpangoxft-1.0 -lpangoft2-1.0 -lXft -lpango-1.0 -lfreetype -lfontconfig -lgobject-2.0 -lgmodule-2.0 -lglib-2.0  '
pkg_cv_XCURSOR_CFLAGS=' '
pkg_cv_XCURSOR_LIBS='-lXcursor  '
pkg_cv_XFT_CFLAGS='-I/usr/include/freetype2  '
pkg_cv_XFT_LIBS='-lXft  '
pkg_cv_XML_CFLAGS='-I/usr/include/libxml2  '
pkg_cv_XML_LIBS='-lxml2  '

## ----------------- ##
## Output variables. ##
## ----------------- ##

ACLOCAL='${SHELL} /home/awross/Downloads/installs/openbox-3.4.11/missing --run aclocal-1.10'
AMDEPBACKSLASH='\'
AMDEP_FALSE='#'
AMDEP_TRUE=''
AMTAR='${SHELL} /home/awross/Downloads/installs/openbox-3.4.11/missing --run tar'
AR='ar'
AUTOCONF='${SHELL} /home/awross/Downloads/installs/openbox-3.4.11/missing --run autoconf'
AUTOHEADER='${SHELL} /home/awross/Downloads/installs/openbox-3.4.11/missing --run autoheader'
AUTOMAKE='${SHELL} /home/awross/Downloads/installs/openbox-3.4.11/missing --run automake-1.10'
AWK='gawk'
CC='gcc'
CCDEPMODE='depmode=gcc3'
CFLAGS='-g -O2 -DNDEBUG -DG_DISABLE_ASSERT -fno-strict-aliasing'
CPP='gcc -E'
CPPFLAGS=''
CXX='g++'
CXXCPP='g++ -E'
CXXDEPMODE='depmode=gcc3'
CXXFLAGS='-g -O2'
CYGPATH_W='echo'
DEFS='-DPACKAGE_NAME=\"openbox\" -DPACKAGE_TARNAME=\"openbox\" -DPACKAGE_VERSION=\"3.4.11\" -DPACKAGE_STRING=\"openbox\ 3.4.11\" -DPACKAGE_BUGREPORT=\"http://bugzilla.icculus.org\" -DPACKAGE=\"openbox\" -DVERSION=\"3.4.11\" -DSTDC_HEADERS=1 -DHAVE_SYS_TYPES_H=1 -DHAVE_SYS_STAT_H=1 -DHAVE_STDLIB_H=1 -DHAVE_STRING_H=1 -DHAVE_MEMORY_H=1 -DHAVE_STRINGS_H=1 -DHAVE_INTTYPES_H=1 -DHAVE_STDINT_H=1 -DHAVE_UNISTD_H=1 -DHAVE_DLFCN_H=1 -DENABLE_NLS=1 -DHAVE_GETTEXT=1 -DHAVE_DCGETTEXT=1 -DHAVE_CTYPE_H=1 -DHAVE_FCNTL_H=1 -DHAVE_LOCALE_H=1 -DHAVE_SIGNAL_H=1 -DHAVE_STRING_H=1 -DHAVE_STDIO_H=1 -DHAVE_STDLIB_H=1 -DHAVE_UNISTD_H=1 -DHAVE_SYS_STAT_H=1 -DHAVE_SYS_SELECT_H=1 -DHAVE_SYS_TIME_H=1 -DHAVE_SYS_WAIT_H=1 -DUSE_LIBSN=1 -DUSE_XCURSOR=1 -DHAVE_LIBX11=1 -DHAVE_X11_SM_SMLIB_H=1 -DUSE_SM=1 -DXKB=1 -DXRANDR=1 -DSHAPE=1 -DXINERAMA=1 -DSYNC=1'
DEPDIR='.deps'
DSYMUTIL=''
ECHO='echo'
ECHO_C=''
ECHO_N='-n'
ECHO_T=''
EFENCE_LIBS=''
EGREP='/bin/grep -E'
EXEEXT=''
F77=''
FFLAGS=''
GLIB_CFLAGS='-I/usr/include/glib-2.0 -I/usr/lib/glib-2.0/include  '
GLIB_LIBS='-lglib-2.0  '
GMSGFMT='/usr/bin/msgfmt'
GMSGFMT_015='/usr/bin/msgfmt'
GREP='/bin/grep'
INSTALL_DATA='${INSTALL} -m 644'
INSTALL_PROGRAM='${INSTALL}'
INSTALL_SCRIPT='${INSTALL}'
INSTALL_STRIP_PROGRAM='$(install_sh) -c -s'
INTLLIBS=''
INTL_MACOSX_LIBS=''
LDFLAGS=''
LIBICONV='-liconv'
LIBINTL=''
LIBOBJS=''
LIBS=' '
LIBSN_CFLAGS='-I/usr/include/startup-notification-1.0  '
LIBSN_LIBS='-lstartup-notification-1  '
LIBTOOL='$(SHELL) $(top_builddir)/libtool --silent'
LIBTOOL_DEPS='./ltmain.sh'
LN_S='ln -s'
LTLIBICONV='-liconv'
LTLIBINTL=''
LTLIBOBJS=''
LT_AGE='0'
LT_CURRENT='21'
LT_CURRENT_MINUS_AGE='21'
LT_RELEASE='3.4'
LT_REVISION='7'
MAKEINFO='${SHELL} /home/awross/Downloads/installs/openbox-3.4.11/missing --run makeinfo'
MSGFMT='/usr/bin/msgfmt'
MSGFMT_015='/usr/bin/msgfmt'
MSGMERGE='/usr/bin/msgmerge'
NMEDIT=''
OBJEXT='o'
OB_BINARY_AGE='7'
OB_INTERFACE_AGE='7'
OB_MAJOR_VERSION='3'
OB_MICRO_VERSION='28'
OB_MINOR_VERSION='4'
OB_VERSION='3.4.11'
PACKAGE='openbox'
PACKAGE_BUGREPORT='http://bugzilla.icculus.org'
PACKAGE_NAME='openbox'
PACKAGE_STRING='openbox 3.4.11'
PACKAGE_TARNAME='openbox'
PACKAGE_VERSION='3.4.11'
PANGO_CFLAGS='-I/usr/include/pango-1.0 -I/usr/include/glib-2.0 -I/usr/lib/glib-2.0/include -I/usr/include/freetype2  '
PANGO_LIBS='-lpangoxft-1.0 -lpangoft2-1.0 -lXft -lpango-1.0 -lfreetype -lfontconfig -lgobject-2.0 -lgmodule-2.0 -lglib-2.0  '
PATH_SEPARATOR=':'
PKG_CONFIG='/usr/bin/pkg-config'
POSUB='po'
RANLIB='ranlib'
SED='/bin/sed'
SET_MAKE=''
SHELL='/bin/bash'
SM_CFLAGS=''
SM_LIBS='-lSM -lICE'
STRIP='strip'
USE_NLS='yes'
VERSION='3.4.11'
XCURSOR_CFLAGS=' '
XCURSOR_LIBS='-lXcursor  '
XFT_CFLAGS='-I/usr/include/freetype2  '
XFT_LIBS='-lXft  '
XGETTEXT='/usr/bin/xgettext'
XGETTEXT_015='/usr/bin/xgettext'
XINERAMA_LIBS='-lXext -lXinerama'
XKB_CFLAGS=''
XKB_LIBS=''
XMKMF=''
XML_CFLAGS='-I/usr/include/libxml2  '
XML_LIBS='-lxml2  '
XRANDR_CFLAGS=''
XRANDR_LIBS='-lXext -lXrender -lXrandr'
XSHAPE_CFLAGS=''
XSHAPE_LIBS='-lXext'
XSYNC_CFLAGS=''
XSYNC_LIBS='-lXext'
X_CFLAGS=''
X_EXTRA_LIBS=''
X_LIBS=' -lSM -lICE  -lX11'
X_PRE_LIBS=' -lSM -lICE'
ac_ct_CC='gcc'
ac_ct_CXX='g++'
ac_ct_F77=''
am__fastdepCC_FALSE='#'
am__fastdepCC_TRUE=''
am__fastdepCXX_FALSE='#'
am__fastdepCXX_TRUE=''
am__include='include'
am__isrc=''
am__leading_dot='.'
am__quote=''
am__tar='${AMTAR} chof - "$$tardir"'
am__untar='${AMTAR} xf -'
bindir='${exec_prefix}/bin'
build='i686-pc-linux-gnu'
build_alias=''
build_cpu='i686'
build_os='linux-gnu'
build_vendor='pc'
datadir='${datarootdir}'
datarootdir='${prefix}/share'
docdir='${datarootdir}/doc/${PACKAGE_TARNAME}'
dvidir='${docdir}'
exec_prefix='${prefix}'
host='i686-pc-linux-gnu'
host_alias=''
host_cpu='i686'
host_os='linux-gnu'
host_vendor='pc'
htmldir='${docdir}'
includedir='${prefix}/include'
infodir='${datarootdir}/info'
install_sh='$(SHELL) /home/awross/Downloads/installs/openbox-3.4.11/install-sh'
libdir='${exec_prefix}/lib'
libexecdir='${exec_prefix}/libexec'
localedir='${datarootdir}/locale'
localstatedir='${prefix}/var'
mandir='${datarootdir}/man'
mkdir_p='/bin/mkdir -p'
oldincludedir='/usr/include'
pdfdir='${docdir}'
prefix='/usr'
program_transform_name='s,x,x,'
psdir='${docdir}'
sbindir='${exec_prefix}/sbin'
sharedstatedir='${prefix}/com'
sysconfdir='${prefix}/etc'
target_alias=''

## ----------- ##
## confdefs.h. ##
## ----------- ##

#define PACKAGE_NAME "openbox"
#define PACKAGE_TARNAME "openbox"
#define PACKAGE_VERSION "3.4.11"
#define PACKAGE_STRING "openbox 3.4.11"
#define PACKAGE_BUGREPORT "http://bugzilla.icculus.org"
#define PACKAGE "openbox"
#define VERSION "3.4.11"
#define STDC_HEADERS 1
#define HAVE_SYS_TYPES_H 1
#define HAVE_SYS_STAT_H 1
#define HAVE_STDLIB_H 1
#define HAVE_STRING_H 1
#define HAVE_MEMORY_H 1
#define HAVE_STRINGS_H 1
#define HAVE_INTTYPES_H 1
#define HAVE_STDINT_H 1
#define HAVE_UNISTD_H 1
#define HAVE_DLFCN_H 1
#define ENABLE_NLS 1
#define HAVE_GETTEXT 1
#define HAVE_DCGETTEXT 1
#define HAVE_CTYPE_H 1
#define HAVE_FCNTL_H 1
#define HAVE_LOCALE_H 1
#define HAVE_SIGNAL_H 1
#define HAVE_STRING_H 1
#define HAVE_STDIO_H 1
#define HAVE_STDLIB_H 1
#define HAVE_UNISTD_H 1
#define HAVE_SYS_STAT_H 1
#define HAVE_SYS_SELECT_H 1
#define HAVE_SYS_TIME_H 1
#define HAVE_SYS_WAIT_H 1
#define USE_LIBSN 1
#define USE_XCURSOR 1
#define HAVE_LIBX11 1
#define HAVE_X11_SM_SMLIB_H 1
#define USE_SM 1
#define XKB 1
#define XRANDR 1
#define SHAPE 1
#define XINERAMA 1
#define SYNC 1

configure: exit 0
