This file contains any messages produced by compilers while
running configure, to aid debugging if configure makes a mistake.

It was created by gens configure 2.16.7, which was
generated by GNU Autoconf 2.63.  Invocation command line was

  $ ./configure 

## --------- ##
## Platform. ##
## --------- ##

hostname = jules
uname -m = i686
uname -r = 2.6.31-19-generic-pae
uname -s = Linux
uname -v = #56-Ubuntu SMP Thu Jan 28 02:29:51 UTC 2010

/usr/bin/uname -p = unknown
/bin/uname -X     = unknown

/bin/arch              = unknown
/usr/bin/arch -k       = unknown
/usr/convex/getsysinfo = unknown
/usr/bin/hostinfo      = unknown
/bin/machine           = unknown
/usr/bin/oslevel       = unknown
/bin/universe          = unknown

PATH: /home/awross/bin
PATH: /home/awross/bin
PATH: /usr/local/sbin
PATH: /usr/local/bin
PATH: /usr/sbin
PATH: /usr/bin
PATH: /sbin
PATH: /bin
PATH: /usr/games


## ----------- ##
## Core tests. ##
## ----------- ##

configure:2238: checking build system type
configure:2256: result: i686-pc-linux-gnu
configure:2278: checking host system type
configure:2293: result: i686-pc-linux-gnu
configure:2315: checking target system type
configure:2330: result: i686-pc-linux-gnu
configure:2376: checking for a BSD-compatible install
configure:2444: result: /usr/bin/install -c
configure:2455: checking whether build environment is sane
configure:2498: result: yes
configure:2523: checking for a thread-safe mkdir -p
configure:2562: result: /bin/mkdir -p
configure:2575: checking for gawk
configure:2591: found /usr/bin/gawk
configure:2602: result: gawk
configure:2613: checking whether make sets $(MAKE)
configure:2635: result: yes
configure:2844: checking for style of include used by make
configure:2872: result: GNU
configure:2942: checking for gcc
configure:2958: found /usr/bin/gcc
configure:2969: result: gcc
configure:3201: checking for C compiler version
configure:3209: gcc --version >&5
gcc (Ubuntu 4.4.1-4ubuntu9) 4.4.1
Copyright (C) 2009 Free Software Foundation, Inc.
This is free software; see the source for copying conditions.  There is NO
warranty; not even for MERCHANTABILITY or FITNESS FOR A PARTICULAR PURPOSE.

configure:3213: $? = 0
configure:3220: gcc -v >&5
Using built-in specs.
Target: i486-linux-gnu
Configured with: ../src/configure -v --with-pkgversion='Ubuntu 4.4.1-4ubuntu9' --with-bugurl=file:///usr/share/doc/gcc-4.4/README.Bugs --enable-languages=c,c++,fortran,objc,obj-c++ --prefix=/usr --enable-shared --enable-multiarch --enable-linker-build-id --with-system-zlib --libexecdir=/usr/lib --without-included-gettext --enable-threads=posix --with-gxx-include-dir=/usr/include/c++/4.4 --program-suffix=-4.4 --enable-nls --enable-clocale=gnu --enable-libstdcxx-debug --enable-objc-gc --enable-targets=all --disable-werror --with-arch-32=i486 --with-tune=generic --enable-checking=release --build=i486-linux-gnu --host=i486-linux-gnu --target=i486-linux-gnu
Thread model: posix
gcc version 4.4.1 (Ubuntu 4.4.1-4ubuntu9) 
configure:3224: $? = 0
configure:3231: gcc -V >&5
gcc: '-V' option must have argument
configure:3235: $? = 1
configure:3258: checking for C compiler default output file name
configure:3280: gcc    conftest.c  >&5
configure:3284: $? = 0
configure:3322: result: a.out
configure:3341: checking whether the C compiler works
configure:3351: ./a.out
configure:3355: $? = 0
configure:3374: result: yes
configure:3381: checking whether we are cross compiling
configure:3383: result: no
configure:3386: checking for suffix of executables
configure:3393: gcc -o conftest    conftest.c  >&5
configure:3397: $? = 0
configure:3423: result: 
configure:3429: checking for suffix of object files
configure:3455: gcc -c   conftest.c >&5
configure:3459: $? = 0
configure:3484: result: o
configure:3488: checking whether we are using the GNU C compiler
configure:3517: gcc -c   conftest.c >&5
configure:3524: $? = 0
configure:3541: result: yes
configure:3550: checking whether gcc accepts -g
configure:3580: gcc -c -g  conftest.c >&5
configure:3587: $? = 0
configure:3688: result: yes
configure:3705: checking for gcc option to accept ISO C89
configure:3779: gcc  -c -g -O2  conftest.c >&5
configure:3786: $? = 0
configure:3809: result: none needed
configure:3829: checking dependency style of gcc
configure:3920: result: gcc3
configure:3944: checking dependency style of gcc
configure:4035: result: gcc3
configure:4108: checking for g++
configure:4124: found /usr/bin/g++
configure:4135: result: g++
configure:4162: checking for C++ compiler version
configure:4170: g++ --version >&5
g++ (Ubuntu 4.4.1-4ubuntu9) 4.4.1
Copyright (C) 2009 Free Software Foundation, Inc.
This is free software; see the source for copying conditions.  There is NO
warranty; not even for MERCHANTABILITY or FITNESS FOR A PARTICULAR PURPOSE.

configure:4174: $? = 0
configure:4181: g++ -v >&5
Using built-in specs.
Target: i486-linux-gnu
Configured with: ../src/configure -v --with-pkgversion='Ubuntu 4.4.1-4ubuntu9' --with-bugurl=file:///usr/share/doc/gcc-4.4/README.Bugs --enable-languages=c,c++,fortran,objc,obj-c++ --prefix=/usr --enable-shared --enable-multiarch --enable-linker-build-id --with-system-zlib --libexecdir=/usr/lib --without-included-gettext --enable-threads=posix --with-gxx-include-dir=/usr/include/c++/4.4 --program-suffix=-4.4 --enable-nls --enable-clocale=gnu --enable-libstdcxx-debug --enable-objc-gc --enable-targets=all --disable-werror --with-arch-32=i486 --with-tune=generic --enable-checking=release --build=i486-linux-gnu --host=i486-linux-gnu --target=i486-linux-gnu
Thread model: posix
gcc version 4.4.1 (Ubuntu 4.4.1-4ubuntu9) 
configure:4185: $? = 0
configure:4192: g++ -V >&5
g++: '-V' option must have argument
configure:4196: $? = 1
configure:4199: checking whether we are using the GNU C++ compiler
configure:4228: g++ -c   conftest.cpp >&5
configure:4235: $? = 0
configure:4252: result: yes
configure:4261: checking whether g++ accepts -g
configure:4291: g++ -c -g  conftest.cpp >&5
configure:4298: $? = 0
configure:4399: result: yes
configure:4424: checking dependency style of g++
configure:4515: result: gcc3
configure:4534: checking for gawk
configure:4561: result: gawk
configure:4620: checking for gcc
configure:4647: result: gcc
configure:4879: checking for C compiler version
configure:4887: gcc --version >&5
gcc (Ubuntu 4.4.1-4ubuntu9) 4.4.1
Copyright (C) 2009 Free Software Foundation, Inc.
This is free software; see the source for copying conditions.  There is NO
warranty; not even for MERCHANTABILITY or FITNESS FOR A PARTICULAR PURPOSE.

configure:4891: $? = 0
configure:4898: gcc -v >&5
Using built-in specs.
Target: i486-linux-gnu
Configured with: ../src/configure -v --with-pkgversion='Ubuntu 4.4.1-4ubuntu9' --with-bugurl=file:///usr/share/doc/gcc-4.4/README.Bugs --enable-languages=c,c++,fortran,objc,obj-c++ --prefix=/usr --enable-shared --enable-multiarch --enable-linker-build-id --with-system-zlib --libexecdir=/usr/lib --without-included-gettext --enable-threads=posix --with-gxx-include-dir=/usr/include/c++/4.4 --program-suffix=-4.4 --enable-nls --enable-clocale=gnu --enable-libstdcxx-debug --enable-objc-gc --enable-targets=all --disable-werror --with-arch-32=i486 --with-tune=generic --enable-checking=release --build=i486-linux-gnu --host=i486-linux-gnu --target=i486-linux-gnu
Thread model: posix
gcc version 4.4.1 (Ubuntu 4.4.1-4ubuntu9) 
configure:4902: $? = 0
configure:4909: gcc -V >&5
gcc: '-V' option must have argument
configure:4913: $? = 1
configure:4916: checking whether we are using the GNU C compiler
configure:4969: result: yes
configure:4978: checking whether gcc accepts -g
configure:5116: result: yes
configure:5133: checking for gcc option to accept ISO C89
configure:5237: result: none needed
configure:5257: checking dependency style of gcc
configure:5348: result: gcc3
configure:5364: checking whether gcc and cc understand -c and -o together
configure:5399: gcc -c conftest.c -o conftest2.o >&5
configure:5403: $? = 0
configure:5409: gcc -c conftest.c -o conftest2.o >&5
configure:5413: $? = 0
configure:5424: cc -c conftest.c >&5
configure:5428: $? = 0
configure:5436: cc -c conftest.c -o conftest2.o >&5
configure:5440: $? = 0
configure:5446: cc -c conftest.c -o conftest2.o >&5
configure:5450: $? = 0
configure:5468: result: yes
configure:5500: checking how to run the C preprocessor
configure:5540: gcc -E  conftest.c
configure:5547: $? = 0
configure:5578: gcc -E  conftest.c
conftest.c:12:28: error: ac_nonexistent.h: No such file or directory
configure:5585: $? = 1
configure: failed program was:
| /* confdefs.h.  */
| #define PACKAGE_NAME "gens"
| #define PACKAGE_TARNAME "gens"
| #define PACKAGE_VERSION "2.16.7"
| #define PACKAGE_STRING "gens 2.16.7"
| #define PACKAGE_BUGREPORT "gerbilsoft@verizon.net"
| #define GENS_VERSION_WIN32 2,16,7,0
| #define GENS_GS_VERSION "r7"
| #define PACKAGE "gens"
| #define VERSION "2.16.7"
| /* end confdefs.h.  */
| #include <ac_nonexistent.h>
configure:5618: result: gcc -E
configure:5647: gcc -E  conftest.c
configure:5654: $? = 0
configure:5685: gcc -E  conftest.c
conftest.c:12:28: error: ac_nonexistent.h: No such file or directory
configure:5692: $? = 1
configure: failed program was:
| /* confdefs.h.  */
| #define PACKAGE_NAME "gens"
| #define PACKAGE_TARNAME "gens"
| #define PACKAGE_VERSION "2.16.7"
| #define PACKAGE_STRING "gens 2.16.7"
| #define PACKAGE_BUGREPORT "gerbilsoft@verizon.net"
| #define GENS_VERSION_WIN32 2,16,7,0
| #define GENS_GS_VERSION "r7"
| #define PACKAGE "gens"
| #define VERSION "2.16.7"
| /* end confdefs.h.  */
| #include <ac_nonexistent.h>
configure:5745: checking for a BSD-compatible install
configure:5813: result: /usr/bin/install -c
configure:5824: checking whether ln -s works
configure:5828: result: yes
configure:5835: checking whether make sets $(MAKE)
configure:5857: result: yes
configure:5909: checking for ranlib
configure:5925: found /usr/bin/ranlib
configure:5936: result: ranlib
configure:5958: checking for a thread-safe mkdir -p
configure:5997: result: /bin/mkdir -p
configure:6025: checking for a sed that does not truncate output
configure:6091: result: /bin/sed
configure:6109: checking for grep that handles long lines and -e
configure:6169: result: /bin/grep
configure:6174: checking for egrep
configure:6238: result: /bin/grep -E
configure:6243: checking for fgrep
configure:6307: result: /bin/grep -F
configure:6342: checking for ld used by gcc
configure:6409: result: /usr/bin/ld
configure:6418: checking if the linker (/usr/bin/ld) is GNU ld
configure:6433: result: yes
configure:6445: checking for BSD- or MS-compatible name lister (nm)
configure:6494: result: /usr/bin/nm -B
configure:6612: checking the name lister (/usr/bin/nm -B) interface
configure:6619: gcc -c -g -O2  conftest.c >&5
configure:6622: /usr/bin/nm -B "conftest.o"
configure:6625: output
00000000 B some_variable
configure:6632: result: BSD nm
configure:6636: checking the maximum length of command line arguments
configure:6756: result: 1572864
configure:6773: checking whether the shell understands some XSI constructs
configure:6783: result: yes
configure:6787: checking whether the shell understands "+="
configure:6793: result: yes
configure:6828: checking for /usr/bin/ld option to reload object files
configure:6835: result: -r
configure:6904: checking for objdump
configure:6920: found /usr/bin/objdump
configure:6931: result: objdump
configure:6963: checking how to recognize dependent libraries
configure:7159: result: pass_all
configure:7219: checking for ar
configure:7235: found /usr/bin/ar
configure:7246: result: ar
configure:7324: checking for strip
configure:7340: found /usr/bin/strip
configure:7351: result: strip
configure:7423: checking for ranlib
configure:7450: result: ranlib
configure:7540: checking command to parse /usr/bin/nm -B output from gcc object
configure:7658: gcc -c -g -O2  conftest.c >&5
configure:7661: $? = 0
configure:7665: /usr/bin/nm -B conftest.o \| sed -n -e 's/^.*[	 ]\([ABCDGIRSTW][ABCDGIRSTW]*\)[	 ][	 ]*\([_A-Za-z][_A-Za-z0-9]*\)$/\1 \2 \2/p' \> conftest.nm
configure:7668: $? = 0
configure:7722: gcc -o conftest -g -O2   conftest.c conftstm.o >&5
configure:7725: $? = 0
configure:7763: result: ok
configure:8626: checking for ANSI C header files
configure:8656: gcc -c -g -O2  conftest.c >&5
configure:8663: $? = 0
configure:8762: gcc -o conftest -g -O2   conftest.c  >&5
configure:8766: $? = 0
configure:8772: ./conftest
configure:8776: $? = 0
configure:8794: result: yes
configure:8818: checking for sys/types.h
configure:8839: gcc -c -g -O2  conftest.c >&5
configure:8846: $? = 0
configure:8863: result: yes
configure:8818: checking for sys/stat.h
configure:8839: gcc -c -g -O2  conftest.c >&5
configure:8846: $? = 0
configure:8863: result: yes
configure:8818: checking for stdlib.h
configure:8839: gcc -c -g -O2  conftest.c >&5
configure:8846: $? = 0
configure:8863: result: yes
configure:8818: checking for string.h
configure:8839: gcc -c -g -O2  conftest.c >&5
configure:8846: $? = 0
configure:8863: result: yes
configure:8818: checking for memory.h
configure:8839: gcc -c -g -O2  conftest.c >&5
configure:8846: $? = 0
configure:8863: result: yes
configure:8818: checking for strings.h
configure:8839: gcc -c -g -O2  conftest.c >&5
configure:8846: $? = 0
configure:8863: result: yes
configure:8818: checking for inttypes.h
configure:8839: gcc -c -g -O2  conftest.c >&5
configure:8846: $? = 0
configure:8863: result: yes
configure:8818: checking for stdint.h
configure:8839: gcc -c -g -O2  conftest.c >&5
configure:8846: $? = 0
configure:8863: result: yes
configure:8818: checking for unistd.h
configure:8839: gcc -c -g -O2  conftest.c >&5
configure:8846: $? = 0
configure:8863: result: yes
configure:8881: checking for dlfcn.h
configure:8902: gcc -c -g -O2  conftest.c >&5
configure:8909: $? = 0
configure:8926: result: yes
configure:9053: checking for C++ compiler version
configure:9061: g++ --version >&5
g++ (Ubuntu 4.4.1-4ubuntu9) 4.4.1
Copyright (C) 2009 Free Software Foundation, Inc.
This is free software; see the source for copying conditions.  There is NO
warranty; not even for MERCHANTABILITY or FITNESS FOR A PARTICULAR PURPOSE.

configure:9065: $? = 0
configure:9072: g++ -v >&5
Using built-in specs.
Target: i486-linux-gnu
Configured with: ../src/configure -v --with-pkgversion='Ubuntu 4.4.1-4ubuntu9' --with-bugurl=file:///usr/share/doc/gcc-4.4/README.Bugs --enable-languages=c,c++,fortran,objc,obj-c++ --prefix=/usr --enable-shared --enable-multiarch --enable-linker-build-id --with-system-zlib --libexecdir=/usr/lib --without-included-gettext --enable-threads=posix --with-gxx-include-dir=/usr/include/c++/4.4 --program-suffix=-4.4 --enable-nls --enable-clocale=gnu --enable-libstdcxx-debug --enable-objc-gc --enable-targets=all --disable-werror --with-arch-32=i486 --with-tune=generic --enable-checking=release --build=i486-linux-gnu --host=i486-linux-gnu --target=i486-linux-gnu
Thread model: posix
gcc version 4.4.1 (Ubuntu 4.4.1-4ubuntu9) 
configure:9076: $? = 0
configure:9083: g++ -V >&5
g++: '-V' option must have argument
configure:9087: $? = 1
configure:9090: checking whether we are using the GNU C++ compiler
configure:9143: result: yes
configure:9152: checking whether g++ accepts -g
configure:9290: result: yes
configure:9315: checking dependency style of g++
configure:9406: result: gcc3
configure:9429: checking how to run the C++ preprocessor
configure:9465: g++ -E  conftest.cpp
configure:9472: $? = 0
configure:9503: g++ -E  conftest.cpp
conftest.cpp:23:28: error: ac_nonexistent.h: No such file or directory
configure:9510: $? = 1
configure: failed program was:
| /* confdefs.h.  */
| #define PACKAGE_NAME "gens"
| #define PACKAGE_TARNAME "gens"
| #define PACKAGE_VERSION "2.16.7"
| #define PACKAGE_STRING "gens 2.16.7"
| #define PACKAGE_BUGREPORT "gerbilsoft@verizon.net"
| #define GENS_VERSION_WIN32 2,16,7,0
| #define GENS_GS_VERSION "r7"
| #define PACKAGE "gens"
| #define VERSION "2.16.7"
| #define STDC_HEADERS 1
| #define HAVE_SYS_TYPES_H 1
| #define HAVE_SYS_STAT_H 1
| #define HAVE_STDLIB_H 1
| #define HAVE_STRING_H 1
| #define HAVE_MEMORY_H 1
| #define HAVE_STRINGS_H 1
| #define HAVE_INTTYPES_H 1
| #define HAVE_STDINT_H 1
| #define HAVE_UNISTD_H 1
| #define HAVE_DLFCN_H 1
| /* end confdefs.h.  */
| #include <ac_nonexistent.h>
configure:9543: result: g++ -E
configure:9572: g++ -E  conftest.cpp
configure:9579: $? = 0
configure:9610: g++ -E  conftest.cpp
conftest.cpp:23:28: error: ac_nonexistent.h: No such file or directory
configure:9617: $? = 1
configure: failed program was:
| /* confdefs.h.  */
| #define PACKAGE_NAME "gens"
| #define PACKAGE_TARNAME "gens"
| #define PACKAGE_VERSION "2.16.7"
| #define PACKAGE_STRING "gens 2.16.7"
| #define PACKAGE_BUGREPORT "gerbilsoft@verizon.net"
| #define GENS_VERSION_WIN32 2,16,7,0
| #define GENS_GS_VERSION "r7"
| #define PACKAGE "gens"
| #define VERSION "2.16.7"
| #define STDC_HEADERS 1
| #define HAVE_SYS_TYPES_H 1
| #define HAVE_SYS_STAT_H 1
| #define HAVE_STDLIB_H 1
| #define HAVE_STRING_H 1
| #define HAVE_MEMORY_H 1
| #define HAVE_STRINGS_H 1
| #define HAVE_INTTYPES_H 1
| #define HAVE_STDINT_H 1
| #define HAVE_UNISTD_H 1
| #define HAVE_DLFCN_H 1
| /* end confdefs.h.  */
| #include <ac_nonexistent.h>
configure:9831: checking for objdir
configure:9846: result: .libs
configure:10142: checking if gcc supports -fno-rtti -fno-exceptions
configure:10160: gcc -c -g -O2  -fno-rtti -fno-exceptions conftest.c >&5
cc1: warning: command line option "-fno-rtti" is valid for C++/ObjC++ but not for C
configure:10164: $? = 0
configure:10177: result: no
configure:10197: checking for gcc option to produce PIC
configure:10469: result: -fPIC -DPIC
configure:10481: checking if gcc PIC flag -fPIC -DPIC works
configure:10499: gcc -c -g -O2  -fPIC -DPIC -DPIC conftest.c >&5
configure:10503: $? = 0
configure:10516: result: yes
configure:10540: checking if gcc static flag -static works
configure:10568: result: yes
configure:10583: checking if gcc supports -c -o file.o
configure:10604: gcc -c -g -O2  -o out/conftest2.o conftest.c >&5
configure:10608: $? = 0
configure:10630: result: yes
configure:10638: checking if gcc supports -c -o file.o
configure:10685: result: yes
configure:10718: checking whether the gcc linker (/usr/bin/ld) supports shared libraries
configure:11792: result: yes
configure:11829: checking whether -lc should be explicitly linked in
configure:11834: gcc -c -g -O2  conftest.c >&5
configure:11837: $? = 0
configure:11852: gcc -shared conftest.o  -v -Wl,-soname -Wl,conftest -o conftest 2\>\&1 \| /bin/grep  -lc  \>/dev/null 2\>\&1
configure:11855: $? = 0
configure:11867: result: no
configure:12031: checking dynamic linker characteristics
configure:12487: gcc -o conftest -g -O2   -Wl,-rpath -Wl,/foo conftest.c  >&5
configure:12494: $? = 0
configure:12727: result: GNU/Linux ld.so
configure:12829: checking how to hardcode library paths into programs
configure:12854: result: immediate
configure:13687: checking whether stripping libraries is possible
configure:13692: result: yes
configure:13727: checking if libtool supports shared libraries
configure:13729: result: yes
configure:13732: checking whether to build shared libraries
configure:13753: result: yes
configure:13756: checking whether to build static libraries
configure:13760: result: yes
configure:13910: checking for ld used by g++
configure:13977: result: /usr/bin/ld
configure:13986: checking if the linker (/usr/bin/ld) is GNU ld
configure:14001: result: yes
configure:14056: checking whether the g++ linker (/usr/bin/ld) supports shared libraries
configure:15031: result: yes
configure:15059: g++ -c -g -O2  conftest.cpp >&5
configure:15062: $? = 0
configure:15244: checking for g++ option to produce PIC
configure:15561: result: -fPIC -DPIC
configure:15570: checking if g++ PIC flag -fPIC -DPIC works
configure:15588: g++ -c -g -O2  -fPIC -DPIC -DPIC conftest.cpp >&5
configure:15592: $? = 0
configure:15605: result: yes
configure:15626: checking if g++ static flag -static works
configure:15654: result: yes
configure:15666: checking if g++ supports -c -o file.o
configure:15687: g++ -c -g -O2  -o out/conftest2.o conftest.cpp >&5
configure:15691: $? = 0
configure:15713: result: yes
configure:15718: checking if g++ supports -c -o file.o
configure:15765: result: yes
configure:15795: checking whether the g++ linker (/usr/bin/ld) supports shared libraries
configure:15821: result: yes
configure:15958: checking dynamic linker characteristics
configure:16362: g++ -o conftest -g -O2   -Wl,-rpath -Wl,/foo conftest.cpp  >&5
configure:16369: $? = 0
configure:16602: result: GNU/Linux ld.so
configure:16653: checking how to hardcode library paths into programs
configure:16678: result: immediate
configure:16738: checking for gcc option to accept ISO C99
configure:16897: gcc  -c -g -O2  conftest.c >&5
conftest.c:74: error: expected ';', ',' or ')' before 'text'
conftest.c: In function 'main':
conftest.c:128: error: expected '=', ',', ';', 'asm' or '__attribute__' before 'newvar'
conftest.c:128: error: 'newvar' undeclared (first use in this function)
conftest.c:128: error: (Each undeclared identifier is reported only once
conftest.c:128: error: for each function it appears in.)
conftest.c:138: error: 'for' loop initial declarations are only allowed in C99 mode
conftest.c:138: note: use option -std=c99 or -std=gnu99 to compile your code
configure:16904: $? = 1
configure: failed program was:
| /* confdefs.h.  */
| #define PACKAGE_NAME "gens"
| #define PACKAGE_TARNAME "gens"
| #define PACKAGE_VERSION "2.16.7"
| #define PACKAGE_STRING "gens 2.16.7"
| #define PACKAGE_BUGREPORT "gerbilsoft@verizon.net"
| #define GENS_VERSION_WIN32 2,16,7,0
| #define GENS_GS_VERSION "r7"
| #define PACKAGE "gens"
| #define VERSION "2.16.7"
| #define STDC_HEADERS 1
| #define HAVE_SYS_TYPES_H 1
| #define HAVE_SYS_STAT_H 1
| #define HAVE_STDLIB_H 1
| #define HAVE_STRING_H 1
| #define HAVE_MEMORY_H 1
| #define HAVE_STRINGS_H 1
| #define HAVE_INTTYPES_H 1
| #define HAVE_STDINT_H 1
| #define HAVE_UNISTD_H 1
| #define HAVE_DLFCN_H 1
| #define LT_OBJDIR ".libs/"
| /* end confdefs.h.  */
| #include <stdarg.h>
| #include <stdbool.h>
| #include <stdlib.h>
| #include <wchar.h>
| #include <stdio.h>
| 
| // Check varargs macros.  These examples are taken from C99 6.10.3.5.
| #define debug(...) fprintf (stderr, __VA_ARGS__)
| #define showlist(...) puts (#__VA_ARGS__)
| #define report(test,...) ((test) ? puts (#test) : printf (__VA_ARGS__))
| static void
| test_varargs_macros (void)
| {
|   int x = 1234;
|   int y = 5678;
|   debug ("Flag");
|   debug ("X = %d\n", x);
|   showlist (The first, second, and third items.);
|   report (x>y, "x is %d but y is %d", x, y);
| }
| 
| // Check long long types.
| #define BIG64 18446744073709551615ull
| #define BIG32 4294967295ul
| #define BIG_OK (BIG64 / BIG32 == 4294967297ull && BIG64 % BIG32 == 0)
| #if !BIG_OK
|   your preprocessor is broken;
| #endif
| #if BIG_OK
| #else
|   your preprocessor is broken;
| #endif
| static long long int bignum = -9223372036854775807LL;
| static unsigned long long int ubignum = BIG64;
| 
| struct incomplete_array
| {
|   int datasize;
|   double data[];
| };
| 
| struct named_init {
|   int number;
|   const wchar_t *name;
|   double average;
| };
| 
| typedef const char *ccp;
| 
| static inline int
| test_restrict (ccp restrict text)
| {
|   // See if C++-style comments work.
|   // Iterate through items via the restricted pointer.
|   // Also check for declarations in for loops.
|   for (unsigned int i = 0; *(text+i) != '\0'; ++i)
|     continue;
|   return 0;
| }
| 
| // Check varargs and va_copy.
| static void
| test_varargs (const char *format, ...)
| {
|   va_list args;
|   va_start (args, format);
|   va_list args_copy;
|   va_copy (args_copy, args);
| 
|   const char *str;
|   int number;
|   float fnumber;
| 
|   while (*format)
|     {
|       switch (*format++)
| 	{
| 	case 's': // string
| 	  str = va_arg (args_copy, const char *);
| 	  break;
| 	case 'd': // int
| 	  number = va_arg (args_copy, int);
| 	  break;
| 	case 'f': // float
| 	  fnumber = va_arg (args_copy, double);
| 	  break;
| 	default:
| 	  break;
| 	}
|     }
|   va_end (args_copy);
|   va_end (args);
| }
| 
| int
| main ()
| {
| 
|   // Check bool.
|   _Bool success = false;
| 
|   // Check restrict.
|   if (test_restrict ("String literal") == 0)
|     success = true;
|   char *restrict newvar = "Another string";
| 
|   // Check varargs.
|   test_varargs ("s, d' f .", "string", 65, 34.234);
|   test_varargs_macros ();
| 
|   // Check flexible array members.
|   struct incomplete_array *ia =
|     malloc (sizeof (struct incomplete_array) + (sizeof (double) * 10));
|   ia->datasize = 10;
|   for (int i = 0; i < ia->datasize; ++i)
|     ia->data[i] = i * 1.234;
| 
|   // Check named initializers.
|   struct named_init ni = {
|     .number = 34,
|     .name = L"Test wide string",
|     .average = 543.34343,
|   };
| 
|   ni.number = 58;
| 
|   int dynamic_array[ni.number];
|   dynamic_array[ni.number - 1] = 543;
| 
|   // work around unused variable warnings
|   return (!success || bignum == 0LL || ubignum == 0uLL || newvar[0] == 'x'
| 	  || dynamic_array[ni.number - 1] != 543);
| 
|   ;
|   return 0;
| }
configure:16897: gcc -std=gnu99 -c -g -O2  conftest.c >&5
configure:16904: $? = 0
configure:16934: result: -std=gnu99
configure:17246: checking for pkg-config
configure:17264: found /usr/bin/pkg-config
configure:17276: result: /usr/bin/pkg-config
configure:17301: checking pkg-config is at least version 0.9.0
configure:17304: result: yes
configure:17315: checking for X11
configure:17322: $PKG_CONFIG --exists --print-errors "x11"
configure:17325: $? = 0
configure:17338: $PKG_CONFIG --exists --print-errors "x11"
configure:17341: $? = 0
configure:17376: result: yes
configure:17425: checking for pkg-config
configure:17456: result: /usr/bin/pkg-config
configure:17478: checking for GTK+ - version >= 2.4.0
configure:17637: result: no
configure:17675: gcc -std=gnu99 -o conftest -g -O2    conftest.c   >&5
conftest.c:30:21: error: gtk/gtk.h: No such file or directory
conftest.c: In function 'main':
conftest.c:36: error: 'gtk_major_version' undeclared (first use in this function)
conftest.c:36: error: (Each undeclared identifier is reported only once
conftest.c:36: error: for each function it appears in.)
conftest.c:36: error: 'gtk_minor_version' undeclared (first use in this function)
conftest.c:36: error: 'gtk_micro_version' undeclared (first use in this function)
configure:17682: $? = 1
configure: failed program was:
| /* confdefs.h.  */
| #define PACKAGE_NAME "gens"
| #define PACKAGE_TARNAME "gens"
| #define PACKAGE_VERSION "2.16.7"
| #define PACKAGE_STRING "gens 2.16.7"
| #define PACKAGE_BUGREPORT "gerbilsoft@verizon.net"
| #define GENS_VERSION_WIN32 2,16,7,0
| #define GENS_GS_VERSION "r7"
| #define PACKAGE "gens"
| #define VERSION "2.16.7"
| #define STDC_HEADERS 1
| #define HAVE_SYS_TYPES_H 1
| #define HAVE_SYS_STAT_H 1
| #define HAVE_STDLIB_H 1
| #define HAVE_STRING_H 1
| #define HAVE_MEMORY_H 1
| #define HAVE_STRINGS_H 1
| #define HAVE_INTTYPES_H 1
| #define HAVE_STDINT_H 1
| #define HAVE_UNISTD_H 1
| #define HAVE_DLFCN_H 1
| #define LT_OBJDIR ".libs/"
| #define GENS_OS_LINUX 1
| #define GENS_OS_UNIX 1
| #define GENS_PLATFORM "Linux"
| #define GENS_DEBUG 1
| #define HAVE_LIBX11 1
| /* end confdefs.h.  */
| 
| #include <gtk/gtk.h>
| #include <stdio.h>
| 
| int
| main ()
| {
|  return ((gtk_major_version) || (gtk_minor_version) || (gtk_micro_version));
|   ;
|   return 0;
| }
configure:17716: error: *** GTK+ version 2.4.0 or later not found!

## ---------------- ##
## Cache variables. ##
## ---------------- ##

ac_cv_build=i686-pc-linux-gnu
ac_cv_c_compiler_gnu=yes
ac_cv_cxx_compiler_gnu=yes
ac_cv_env_CCASFLAGS_set=
ac_cv_env_CCASFLAGS_value=
ac_cv_env_CCAS_set=
ac_cv_env_CCAS_value=
ac_cv_env_CCC_set=
ac_cv_env_CCC_value=
ac_cv_env_CC_set=
ac_cv_env_CC_value=
ac_cv_env_CFLAGS_set=
ac_cv_env_CFLAGS_value=
ac_cv_env_CPPFLAGS_set=
ac_cv_env_CPPFLAGS_value=
ac_cv_env_CPP_set=
ac_cv_env_CPP_value=
ac_cv_env_CXXCPP_set=
ac_cv_env_CXXCPP_value=
ac_cv_env_CXXFLAGS_set=
ac_cv_env_CXXFLAGS_value=
ac_cv_env_CXX_set=
ac_cv_env_CXX_value=
ac_cv_env_LDFLAGS_set=
ac_cv_env_LDFLAGS_value=
ac_cv_env_LIBS_set=
ac_cv_env_LIBS_value=
ac_cv_env_PKG_CONFIG_set=
ac_cv_env_PKG_CONFIG_value=
ac_cv_env_X11_CFLAGS_set=
ac_cv_env_X11_CFLAGS_value=
ac_cv_env_X11_LIBS_set=
ac_cv_env_X11_LIBS_value=
ac_cv_env_XMKMF_set=
ac_cv_env_XMKMF_value=
ac_cv_env_build_alias_set=
ac_cv_env_build_alias_value=
ac_cv_env_host_alias_set=
ac_cv_env_host_alias_value=
ac_cv_env_target_alias_set=
ac_cv_env_target_alias_value=
ac_cv_header_dlfcn_h=yes
ac_cv_header_inttypes_h=yes
ac_cv_header_memory_h=yes
ac_cv_header_stdc=yes
ac_cv_header_stdint_h=yes
ac_cv_header_stdlib_h=yes
ac_cv_header_string_h=yes
ac_cv_header_strings_h=yes
ac_cv_header_sys_stat_h=yes
ac_cv_header_sys_types_h=yes
ac_cv_header_unistd_h=yes
ac_cv_host=i686-pc-linux-gnu
ac_cv_objext=o
ac_cv_path_EGREP='/bin/grep -E'
ac_cv_path_FGREP='/bin/grep -F'
ac_cv_path_GREP=/bin/grep
ac_cv_path_PKG_CONFIG=/usr/bin/pkg-config
ac_cv_path_SED=/bin/sed
ac_cv_path_ac_pt_PKG_CONFIG=/usr/bin/pkg-config
ac_cv_path_install='/usr/bin/install -c'
ac_cv_path_mkdir=/bin/mkdir
ac_cv_prog_AWK=gawk
ac_cv_prog_CPP='gcc -E'
ac_cv_prog_CXXCPP='g++ -E'
ac_cv_prog_ac_ct_AR=ar
ac_cv_prog_ac_ct_CC=gcc
ac_cv_prog_ac_ct_CXX=g++
ac_cv_prog_ac_ct_OBJDUMP=objdump
ac_cv_prog_ac_ct_RANLIB=ranlib
ac_cv_prog_ac_ct_STRIP=strip
ac_cv_prog_cc_c89=
ac_cv_prog_cc_c99=-std=gnu99
ac_cv_prog_cc_g=yes
ac_cv_prog_cc_gcc_c_o=yes
ac_cv_prog_cxx_g=yes
ac_cv_prog_make_make_set=yes
ac_cv_target=i686-pc-linux-gnu
am_cv_CCAS_dependencies_compiler_type=gcc3
am_cv_CC_dependencies_compiler_type=gcc3
am_cv_CXX_dependencies_compiler_type=gcc3
lt_cv_deplibs_check_method=pass_all
lt_cv_file_magic_cmd='$MAGIC_CMD'
lt_cv_file_magic_test_file=
lt_cv_ld_reload_flag=-r
lt_cv_nm_interface='BSD nm'
lt_cv_objdir=.libs
lt_cv_path_LD=/usr/bin/ld
lt_cv_path_LDCXX=/usr/bin/ld
lt_cv_path_NM='/usr/bin/nm -B'
lt_cv_prog_compiler_c_o=yes
lt_cv_prog_compiler_c_o_CXX=yes
lt_cv_prog_compiler_pic_works=yes
lt_cv_prog_compiler_pic_works_CXX=yes
lt_cv_prog_compiler_rtti_exceptions=no
lt_cv_prog_compiler_static_works=yes
lt_cv_prog_compiler_static_works_CXX=yes
lt_cv_prog_gnu_ld=yes
lt_cv_prog_gnu_ldcxx=yes
lt_cv_sys_global_symbol_pipe='sed -n -e '\''s/^.*[	 ]\([ABCDGIRSTW][ABCDGIRSTW]*\)[	 ][	 ]*\([_A-Za-z][_A-Za-z0-9]*\)$/\1 \2 \2/p'\'''
lt_cv_sys_global_symbol_to_c_name_address='sed -n -e '\''s/^: \([^ ]*\) $/  {\"\1\", (void *) 0},/p'\'' -e '\''s/^[ABCDGIRSTW]* \([^ ]*\) \([^ ]*\)$/  {"\2", (void *) \&\2},/p'\'''
lt_cv_sys_global_symbol_to_c_name_address_lib_prefix='sed -n -e '\''s/^: \([^ ]*\) $/  {\"\1\", (void *) 0},/p'\'' -e '\''s/^[ABCDGIRSTW]* \([^ ]*\) \(lib[^ ]*\)$/  {"\2", (void *) \&\2},/p'\'' -e '\''s/^[ABCDGIRSTW]* \([^ ]*\) \([^ ]*\)$/  {"lib\2", (void *) \&\2},/p'\'''
lt_cv_sys_global_symbol_to_cdecl='sed -n -e '\''s/^T .* \(.*\)$/extern int \1();/p'\'' -e '\''s/^[ABCDGIRSTW]* .* \(.*\)$/extern char \1;/p'\'''
lt_cv_sys_max_cmd_len=1572864
pkg_cv_X11_CFLAGS=' '
pkg_cv_X11_LIBS='-lX11  '

## ----------------- ##
## Output variables. ##
## ----------------- ##

ACLOCAL='${SHELL} /home/awross/Downloads/installs/gens-gs-r7/missing --run aclocal-1.10'
ALLOCA=''
AMDEPBACKSLASH='\'
AMDEP_FALSE='#'
AMDEP_TRUE=''
AMTAR='${SHELL} /home/awross/Downloads/installs/gens-gs-r7/missing --run tar'
AM_CFLAGS=''
AM_CPPFLAGS=''
AM_CXXFLAGS=''
AM_LDFLAGS=''
AR='ar'
AUTOCONF='${SHELL} /home/awross/Downloads/installs/gens-gs-r7/missing --run autoconf'
AUTOHEADER='${SHELL} /home/awross/Downloads/installs/gens-gs-r7/missing --run autoheader'
AUTOMAKE='${SHELL} /home/awross/Downloads/installs/gens-gs-r7/missing --run automake-1.10'
AWK='gawk'
CC='gcc -std=gnu99'
CCAS='gcc'
CCASDEPMODE='depmode=gcc3'
CCASFLAGS='-g -O2'
CCDEPMODE='depmode=gcc3'
CFLAGS='-g -O2'
CPP='gcc -E'
CPPFLAGS=''
CXX='g++'
CXXCPP='g++ -E'
CXXDEPMODE='depmode=gcc3'
CXXFLAGS='-g -O2'
CYGPATH_W='echo'
DEFS=''
DEPDIR='.deps'
DSYMUTIL=''
DUMPBIN=''
ECHO_C=''
ECHO_N='-n'
ECHO_T=''
EGREP='/bin/grep -E'
EXEEXT=''
FGREP='/bin/grep -F'
GENS_CDROM_FALSE=''
GENS_CDROM_TRUE=''
GENS_DEBUGGER_FALSE=''
GENS_DEBUGGER_TRUE=''
GENS_DEBUG_FALSE='#'
GENS_DEBUG_TRUE=''
GENS_LZMA_FALSE=''
GENS_LZMA_TRUE=''
GENS_MP3_FALSE=''
GENS_MP3_TRUE=''
GENS_OBJ_ELF32_FALSE='#'
GENS_OBJ_ELF32_TRUE=''
GENS_OBJ_ELF64_FALSE=''
GENS_OBJ_ELF64_TRUE='#'
GENS_OBJ_MACHO_FALSE=''
GENS_OBJ_MACHO_TRUE='#'
GENS_OBJ_WIN32_FALSE=''
GENS_OBJ_WIN32_TRUE='#'
GENS_OPENGL_FALSE=''
GENS_OPENGL_TRUE=''
GENS_OS_HAIKU_FALSE=''
GENS_OS_HAIKU_TRUE='#'
GENS_OS_LINUX_FALSE='#'
GENS_OS_LINUX_TRUE=''
GENS_OS_MACOSX_FALSE=''
GENS_OS_MACOSX_TRUE='#'
GENS_OS_UNIX_FALSE='#'
GENS_OS_UNIX_TRUE=''
GENS_OS_WIN32_FALSE=''
GENS_OS_WIN32_TRUE='#'
GENS_PNG_DLOPEN_FALSE=''
GENS_PNG_DLOPEN_TRUE=''
GENS_PNG_FALSE=''
GENS_PNG_INTERNAL_FALSE=''
GENS_PNG_INTERNAL_TRUE=''
GENS_PNG_TRUE=''
GENS_UI_GTK_FALSE=''
GENS_UI_GTK_TRUE=''
GENS_UI_WIN32_FALSE=''
GENS_UI_WIN32_TRUE=''
GENS_WIN32_CONSOLE_FALSE=''
GENS_WIN32_CONSOLE_TRUE=''
GENS_X86_ASM_FALSE=''
GENS_X86_ASM_TRUE=''
GENS_ZLIB_FALSE=''
GENS_ZLIB_INTERNAL_FALSE=''
GENS_ZLIB_INTERNAL_TRUE=''
GENS_ZLIB_TRUE=''
GETTIMEFLAG=''
GL_LIBS=''
GREP='/bin/grep'
GTK_CFLAGS=''
GTK_LIBS=''
HAVE_ICONV_FALSE=''
HAVE_ICONV_TRUE=''
HAVE_LIBRT_FALSE=''
HAVE_LIBRT_TRUE=''
HAVE_LIBX11_FALSE=''
HAVE_LIBX11_TRUE=''
HAVE_SIGACTION_FALSE=''
HAVE_SIGACTION_TRUE=''
HAVE_STRDUP_FALSE=''
HAVE_STRDUP_TRUE=''
HAVE_STRLCAT_FALSE=''
HAVE_STRLCAT_TRUE=''
HAVE_STRLCPY_FALSE=''
HAVE_STRLCPY_TRUE=''
HAVE_STRSEP_FALSE=''
HAVE_STRSEP_TRUE=''
ICONV_LIBS=''
INSTALL_DATA='${INSTALL} -m 644'
INSTALL_PROGRAM='${INSTALL}'
INSTALL_SCRIPT='${INSTALL}'
INSTALL_STRIP_PROGRAM='$(install_sh) -c -s'
LD='/usr/bin/ld'
LDFLAGS=''
LIBOBJS=''
LIBS=''
LIBTOOL='$(SHELL) $(top_builddir)/libtool'
LIPO=''
LN_S='ln -s'
LTLIBOBJS=''
MAKEINFO='${SHELL} /home/awross/Downloads/installs/gens-gs-r7/missing --run makeinfo'
MKDIR_P='/bin/mkdir -p'
NASM=''
NM='/usr/bin/nm -B'
NMEDIT=''
OBJDUMP='objdump'
OBJEXT='o'
OTOOL64=''
OTOOL=''
PACKAGE='gens'
PACKAGE_BUGREPORT='gerbilsoft@verizon.net'
PACKAGE_NAME='gens'
PACKAGE_STRING='gens 2.16.7'
PACKAGE_TARNAME='gens'
PACKAGE_VERSION='2.16.7'
PATH_SEPARATOR=':'
PKG_CONFIG='/usr/bin/pkg-config'
PNG_LIBS=''
RANLIB='ranlib'
RC=''
RT_LIBS=''
SDL_CFLAGS=''
SDL_CONFIG=''
SDL_LIBS=''
SED='/bin/sed'
SET_MAKE=''
SHELL='/bin/bash'
STRIP='strip'
VERSION='2.16.7'
X11_CFLAGS=' '
X11_LIBS='-lX11  '
XMKMF=''
YASM=''
ac_ct_CC='gcc'
ac_ct_CXX='g++'
ac_ct_DUMPBIN=''
am__fastdepCCAS_FALSE='#'
am__fastdepCCAS_TRUE=''
am__fastdepCC_FALSE='#'
am__fastdepCC_TRUE=''
am__fastdepCXX_FALSE='#'
am__fastdepCXX_TRUE=''
am__include='include'
am__isrc=''
am__leading_dot='.'
am__quote=''
am__tar='${AMTAR} chof - "$$tardir"'
am__untar='${AMTAR} xf -'
bindir='${exec_prefix}/bin'
build='i686-pc-linux-gnu'
build_alias=''
build_cpu='i686'
build_os='linux-gnu'
build_vendor='pc'
datadir='${datarootdir}'
datarootdir='${prefix}/share'
docdir='${datarootdir}/doc/${PACKAGE_TARNAME}'
dvidir='${docdir}'
exec_prefix='NONE'
host='i686-pc-linux-gnu'
host_alias=''
host_cpu='i686'
host_os='linux-gnu'
host_vendor='pc'
htmldir='${docdir}'
includedir='${prefix}/include'
infodir='${datarootdir}/info'
install_sh='$(SHELL) /home/awross/Downloads/installs/gens-gs-r7/install-sh'
libdir='${exec_prefix}/lib'
libexecdir='${exec_prefix}/libexec'
localedir='${datarootdir}/locale'
localstatedir='${prefix}/var'
lt_ECHO='echo'
mandir='${datarootdir}/man'
mkdir_p='/bin/mkdir -p'
oldincludedir='/usr/include'
pdfdir='${docdir}'
prefix='NONE'
program_transform_name='s,x,x,'
psdir='${docdir}'
sbindir='${exec_prefix}/sbin'
sharedstatedir='${prefix}/com'
sysconfdir='${prefix}/etc'
target='i686-pc-linux-gnu'
target_alias=''
target_cpu='i686'
target_os='linux-gnu'
target_vendor='pc'

## ----------- ##
## confdefs.h. ##
## ----------- ##

#define PACKAGE_NAME "gens"
#define PACKAGE_TARNAME "gens"
#define PACKAGE_VERSION "2.16.7"
#define PACKAGE_STRING "gens 2.16.7"
#define PACKAGE_BUGREPORT "gerbilsoft@verizon.net"
#define GENS_VERSION_WIN32 2,16,7,0
#define GENS_GS_VERSION "r7"
#define PACKAGE "gens"
#define VERSION "2.16.7"
#define STDC_HEADERS 1
#define HAVE_SYS_TYPES_H 1
#define HAVE_SYS_STAT_H 1
#define HAVE_STDLIB_H 1
#define HAVE_STRING_H 1
#define HAVE_MEMORY_H 1
#define HAVE_STRINGS_H 1
#define HAVE_INTTYPES_H 1
#define HAVE_STDINT_H 1
#define HAVE_UNISTD_H 1
#define HAVE_DLFCN_H 1
#define LT_OBJDIR ".libs/"
#define GENS_OS_LINUX 1
#define GENS_OS_UNIX 1
#define GENS_PLATFORM "Linux"
#define GENS_DEBUG 1
#define HAVE_LIBX11 1

configure: exit 1
