This file contains any messages produced by compilers while
running configure, to aid debugging if configure makes a mistake.

It was created by configure, which was
generated by GNU Autoconf 2.59.  Invocation command line was

  $ ./configure 

## --------- ##
## Platform. ##
## --------- ##

hostname = awross-desktop
uname -m = i686
uname -r = 2.6.31-19-generic-pae
uname -s = Linux
uname -v = #56-Ubuntu SMP Thu Jan 28 02:29:51 UTC 2010

/usr/bin/uname -p = unknown
/bin/uname -X     = unknown

/bin/arch              = unknown
/usr/bin/arch -k       = unknown
/usr/convex/getsysinfo = unknown
hostinfo               = unknown
/bin/machine           = unknown
/usr/bin/oslevel       = unknown
/bin/universe          = unknown

PATH: /home/awross/bin
PATH: /home/awross/bin
PATH: /usr/local/sbin
PATH: /usr/local/bin
PATH: /usr/sbin
PATH: /usr/bin
PATH: /sbin
PATH: /bin
PATH: /usr/games


## ----------- ##
## Core tests. ##
## ----------- ##

configure:1366: checking for a BSD-compatible install
configure:1421: result: /usr/bin/install -c
configure:1432: checking whether build environment is sane
configure:1475: result: yes
configure:1532: checking for gawk
configure:1561: result: no
configure:1532: checking for mawk
configure:1548: found /usr/bin/mawk
configure:1558: result: mawk
configure:1568: checking whether make sets $(MAKE)
configure:1588: result: yes
configure:1811: checking for g++
configure:1827: found /usr/bin/g++
configure:1837: result: g++
configure:1853: checking for C++ compiler version
configure:1856: g++ --version </dev/null >&5
g++ (Ubuntu 4.4.1-4ubuntu9) 4.4.1
Copyright (C) 2009 Free Software Foundation, Inc.
This is free software; see the source for copying conditions.  There is NO
warranty; not even for MERCHANTABILITY or FITNESS FOR A PARTICULAR PURPOSE.

configure:1859: $? = 0
configure:1861: g++ -v </dev/null >&5
Using built-in specs.
Target: i486-linux-gnu
Configured with: ../src/configure -v --with-pkgversion='Ubuntu 4.4.1-4ubuntu9' --with-bugurl=file:///usr/share/doc/gcc-4.4/README.Bugs --enable-languages=c,c++,fortran,objc,obj-c++ --prefix=/usr --enable-shared --enable-multiarch --enable-linker-build-id --with-system-zlib --libexecdir=/usr/lib --without-included-gettext --enable-threads=posix --with-gxx-include-dir=/usr/include/c++/4.4 --program-suffix=-4.4 --enable-nls --enable-clocale=gnu --enable-libstdcxx-debug --enable-objc-gc --enable-targets=all --disable-werror --with-arch-32=i486 --with-tune=generic --enable-checking=release --build=i486-linux-gnu --host=i486-linux-gnu --target=i486-linux-gnu
Thread model: posix
gcc version 4.4.1 (Ubuntu 4.4.1-4ubuntu9) 
configure:1864: $? = 0
configure:1866: g++ -V </dev/null >&5
g++: '-V' option must have argument
configure:1869: $? = 1
configure:1892: checking for C++ compiler default output file name
configure:1895: g++    conftest.cc  >&5
configure:1898: $? = 0
configure:1944: result: a.out
configure:1949: checking whether the C++ compiler works
configure:1955: ./a.out
configure:1958: $? = 0
configure:1975: result: yes
configure:1982: checking whether we are cross compiling
configure:1984: result: no
configure:1987: checking for suffix of executables
configure:1989: g++ -o conftest    conftest.cc  >&5
configure:1992: $? = 0
configure:2017: result: 
configure:2023: checking for suffix of object files
configure:2044: g++ -c   conftest.cc >&5
configure:2047: $? = 0
configure:2069: result: o
configure:2073: checking whether we are using the GNU C++ compiler
configure:2097: g++ -c   conftest.cc >&5
configure:2103: $? = 0
configure:2107: test -z 
			 || test ! -s conftest.err
configure:2110: $? = 0
configure:2113: test -s conftest.o
configure:2116: $? = 0
configure:2129: result: yes
configure:2135: checking whether g++ accepts -g
configure:2156: g++ -c -g  conftest.cc >&5
configure:2162: $? = 0
configure:2166: test -z 
			 || test ! -s conftest.err
configure:2169: $? = 0
configure:2172: test -s conftest.o
configure:2175: $? = 0
configure:2186: result: yes
configure:2228: g++ -c -g -O2  conftest.cc >&5
configure:2234: $? = 0
configure:2238: test -z 
			 || test ! -s conftest.err
configure:2241: $? = 0
configure:2244: test -s conftest.o
configure:2247: $? = 0
configure:2273: g++ -c -g -O2  conftest.cc >&5
conftest.cc: In function 'int main()':
conftest.cc:15: error: 'exit' was not declared in this scope
configure:2279: $? = 1
configure: failed program was:
| /* confdefs.h.  */
| 
| #define PACKAGE_NAME ""
| #define PACKAGE_TARNAME ""
| #define PACKAGE_VERSION ""
| #define PACKAGE_STRING ""
| #define PACKAGE_BUGREPORT ""
| #define PACKAGE "3ddesktop"
| #define VERSION "0.2.9"
| /* end confdefs.h.  */
| 
| int
| main ()
| {
| exit (42);
|   ;
|   return 0;
| }
configure:2228: g++ -c -g -O2  conftest.cc >&5
conftest.cc:11: error: 'void std::exit(int)' should have been declared inside 'std'
configure:2234: $? = 1
configure: failed program was:
| /* confdefs.h.  */
| 
| #define PACKAGE_NAME ""
| #define PACKAGE_TARNAME ""
| #define PACKAGE_VERSION ""
| #define PACKAGE_STRING ""
| #define PACKAGE_BUGREPORT ""
| #define PACKAGE "3ddesktop"
| #define VERSION "0.2.9"
| /* end confdefs.h.  */
| extern "C" void std::exit (int) throw (); using std::exit;
| #include <stdlib.h>
| int
| main ()
| {
| exit (42);
|   ;
|   return 0;
| }
configure:2228: g++ -c -g -O2  conftest.cc >&5
conftest.cc:11: error: 'void std::exit(int)' should have been declared inside 'std'
In file included from conftest.cc:12:
/usr/include/stdlib.h:543: error: declaration of 'void std::exit(int) throw ()' throws different exceptions
conftest.cc:11: error: from previous declaration 'void std::exit(int)'
configure:2234: $? = 1
configure: failed program was:
| /* confdefs.h.  */
| 
| #define PACKAGE_NAME ""
| #define PACKAGE_TARNAME ""
| #define PACKAGE_VERSION ""
| #define PACKAGE_STRING ""
| #define PACKAGE_BUGREPORT ""
| #define PACKAGE "3ddesktop"
| #define VERSION "0.2.9"
| /* end confdefs.h.  */
| extern "C" void std::exit (int); using std::exit;
| #include <stdlib.h>
| int
| main ()
| {
| exit (42);
|   ;
|   return 0;
| }
configure:2228: g++ -c -g -O2  conftest.cc >&5
configure:2234: $? = 0
configure:2238: test -z 
			 || test ! -s conftest.err
configure:2241: $? = 0
configure:2244: test -s conftest.o
configure:2247: $? = 0
configure:2273: g++ -c -g -O2  conftest.cc >&5
configure:2279: $? = 0
configure:2283: test -z 
			 || test ! -s conftest.err
configure:2286: $? = 0
configure:2289: test -s conftest.o
configure:2292: $? = 0
configure:2326: checking for style of include used by make
configure:2354: result: GNU
configure:2382: checking dependency style of g++
configure:2467: result: gcc3
configure:2491: checking how to run the C++ preprocessor
configure:2522: g++ -E  conftest.cc
configure:2528: $? = 0
configure:2560: g++ -E  conftest.cc
conftest.cc:14:28: error: ac_nonexistent.h: No such file or directory
configure:2566: $? = 1
configure: failed program was:
| /* confdefs.h.  */
| 
| #define PACKAGE_NAME ""
| #define PACKAGE_TARNAME ""
| #define PACKAGE_VERSION ""
| #define PACKAGE_STRING ""
| #define PACKAGE_BUGREPORT ""
| #define PACKAGE "3ddesktop"
| #define VERSION "0.2.9"
| #ifdef __cplusplus
| extern "C" void exit (int) throw ();
| #endif
| /* end confdefs.h.  */
| #include <ac_nonexistent.h>
configure:2605: result: g++ -E
configure:2629: g++ -E  conftest.cc
configure:2635: $? = 0
configure:2667: g++ -E  conftest.cc
conftest.cc:14:28: error: ac_nonexistent.h: No such file or directory
configure:2673: $? = 1
configure: failed program was:
| /* confdefs.h.  */
| 
| #define PACKAGE_NAME ""
| #define PACKAGE_TARNAME ""
| #define PACKAGE_VERSION ""
| #define PACKAGE_STRING ""
| #define PACKAGE_BUGREPORT ""
| #define PACKAGE "3ddesktop"
| #define VERSION "0.2.9"
| #ifdef __cplusplus
| extern "C" void exit (int) throw ();
| #endif
| /* end confdefs.h.  */
| #include <ac_nonexistent.h>
configure:2717: checking for X
configure:2822: g++ -E  conftest.cc
conftest.cc:14:27: error: X11/Intrinsic.h: No such file or directory
configure:2828: $? = 1
configure: failed program was:
| /* confdefs.h.  */
| 
| #define PACKAGE_NAME ""
| #define PACKAGE_TARNAME ""
| #define PACKAGE_VERSION ""
| #define PACKAGE_STRING ""
| #define PACKAGE_BUGREPORT ""
| #define PACKAGE "3ddesktop"
| #define VERSION "0.2.9"
| #ifdef __cplusplus
| extern "C" void exit (int) throw ();
| #endif
| /* end confdefs.h.  */
| #include <X11/Intrinsic.h>
configure:2878: g++ -o conftest -g -O2   conftest.cc -lXt  >&5
conftest.cc:14:27: error: X11/Intrinsic.h: No such file or directory
conftest.cc: In function 'int main()':
conftest.cc:18: error: 'XtMalloc' was not declared in this scope
configure:2884: $? = 1
configure: failed program was:
| /* confdefs.h.  */
| 
| #define PACKAGE_NAME ""
| #define PACKAGE_TARNAME ""
| #define PACKAGE_VERSION ""
| #define PACKAGE_STRING ""
| #define PACKAGE_BUGREPORT ""
| #define PACKAGE "3ddesktop"
| #define VERSION "0.2.9"
| #ifdef __cplusplus
| extern "C" void exit (int) throw ();
| #endif
| /* end confdefs.h.  */
| #include <X11/Intrinsic.h>
| int
| main ()
| {
| XtMalloc (0)
|   ;
|   return 0;
| }
configure:2937: result: no
configure:4114: checking for dirent.h that defines DIR
configure:4138: g++ -c -g -O2  conftest.cc >&5
configure:4144: $? = 0
configure:4148: test -z 
			 || test ! -s conftest.err
configure:4151: $? = 0
configure:4154: test -s conftest.o
configure:4157: $? = 0
configure:4168: result: yes
configure:4181: checking for library containing opendir
configure:4211: g++ -o conftest -g -O2   conftest.cc  >&5
configure:4217: $? = 0
configure:4221: test -z 
			 || test ! -s conftest.err
configure:4224: $? = 0
configure:4227: test -s conftest
configure:4230: $? = 0
configure:4300: result: none required
configure:4436: checking for egrep
configure:4446: result: grep -E
configure:4451: checking for ANSI C header files
configure:4476: g++ -c -g -O2  conftest.cc >&5
configure:4482: $? = 0
configure:4486: test -z 
			 || test ! -s conftest.err
configure:4489: $? = 0
configure:4492: test -s conftest.o
configure:4495: $? = 0
configure:4584: g++ -o conftest -g -O2   conftest.cc  >&5
configure:4587: $? = 0
configure:4589: ./conftest
configure:4592: $? = 0
configure:4607: result: yes
configure:4631: checking for sys/types.h
configure:4647: g++ -c -g -O2  conftest.cc >&5
configure:4653: $? = 0
configure:4657: test -z 
			 || test ! -s conftest.err
configure:4660: $? = 0
configure:4663: test -s conftest.o
configure:4666: $? = 0
configure:4677: result: yes
configure:4631: checking for sys/stat.h
configure:4647: g++ -c -g -O2  conftest.cc >&5
configure:4653: $? = 0
configure:4657: test -z 
			 || test ! -s conftest.err
configure:4660: $? = 0
configure:4663: test -s conftest.o
configure:4666: $? = 0
configure:4677: result: yes
configure:4631: checking for stdlib.h
configure:4647: g++ -c -g -O2  conftest.cc >&5
configure:4653: $? = 0
configure:4657: test -z 
			 || test ! -s conftest.err
configure:4660: $? = 0
configure:4663: test -s conftest.o
configure:4666: $? = 0
configure:4677: result: yes
configure:4631: checking for string.h
configure:4647: g++ -c -g -O2  conftest.cc >&5
configure:4653: $? = 0
configure:4657: test -z 
			 || test ! -s conftest.err
configure:4660: $? = 0
configure:4663: test -s conftest.o
configure:4666: $? = 0
configure:4677: result: yes
configure:4631: checking for memory.h
configure:4647: g++ -c -g -O2  conftest.cc >&5
configure:4653: $? = 0
configure:4657: test -z 
			 || test ! -s conftest.err
configure:4660: $? = 0
configure:4663: test -s conftest.o
configure:4666: $? = 0
configure:4677: result: yes
configure:4631: checking for strings.h
configure:4647: g++ -c -g -O2  conftest.cc >&5
configure:4653: $? = 0
configure:4657: test -z 
			 || test ! -s conftest.err
configure:4660: $? = 0
configure:4663: test -s conftest.o
configure:4666: $? = 0
configure:4677: result: yes
configure:4631: checking for inttypes.h
configure:4647: g++ -c -g -O2  conftest.cc >&5
configure:4653: $? = 0
configure:4657: test -z 
			 || test ! -s conftest.err
configure:4660: $? = 0
configure:4663: test -s conftest.o
configure:4666: $? = 0
configure:4677: result: yes
configure:4631: checking for stdint.h
configure:4647: g++ -c -g -O2  conftest.cc >&5
configure:4653: $? = 0
configure:4657: test -z 
			 || test ! -s conftest.err
configure:4660: $? = 0
configure:4663: test -s conftest.o
configure:4666: $? = 0
configure:4677: result: yes
configure:4631: checking for unistd.h
configure:4647: g++ -c -g -O2  conftest.cc >&5
configure:4653: $? = 0
configure:4657: test -z 
			 || test ! -s conftest.err
configure:4660: $? = 0
configure:4663: test -s conftest.o
configure:4666: $? = 0
configure:4677: result: yes
configure:4705: checking fcntl.h usability
configure:4717: g++ -c -g -O2  conftest.cc >&5
configure:4723: $? = 0
configure:4727: test -z 
			 || test ! -s conftest.err
configure:4730: $? = 0
configure:4733: test -s conftest.o
configure:4736: $? = 0
configure:4746: result: yes
configure:4750: checking fcntl.h presence
configure:4760: g++ -E  conftest.cc
configure:4766: $? = 0
configure:4786: result: yes
configure:4821: checking for fcntl.h
configure:4828: result: yes
configure:4705: checking sys/time.h usability
configure:4717: g++ -c -g -O2  conftest.cc >&5
configure:4723: $? = 0
configure:4727: test -z 
			 || test ! -s conftest.err
configure:4730: $? = 0
configure:4733: test -s conftest.o
configure:4736: $? = 0
configure:4746: result: yes
configure:4750: checking sys/time.h presence
configure:4760: g++ -E  conftest.cc
configure:4766: $? = 0
configure:4786: result: yes
configure:4821: checking for sys/time.h
configure:4828: result: yes
configure:4696: checking for unistd.h
configure:4701: result: yes
configure:6014: checking GL/gl.h usability
configure:6026: g++ -c -g -O2    conftest.cc >&5
configure:6032: $? = 0
configure:6036: test -z 
			 || test ! -s conftest.err
configure:6039: $? = 0
configure:6042: test -s conftest.o
configure:6045: $? = 0
configure:6055: result: yes
configure:6059: checking GL/gl.h presence
configure:6069: g++ -E   conftest.cc
configure:6075: $? = 0
configure:6095: result: yes
configure:6130: checking for GL/gl.h
configure:6137: result: yes
configure:6157: checking for XextCreateExtension in -lXext
configure:6187: g++ -o conftest -g -O2     conftest.cc -lXext     >&5
configure:6193: $? = 0
configure:6197: test -z 
			 || test ! -s conftest.err
configure:6200: $? = 0
configure:6203: test -s conftest
configure:6206: $? = 0
configure:6219: result: yes
configure:6235: checking for XF86VidModeSetViewPort in -lXxf86vm
configure:6265: g++ -o conftest -g -O2     conftest.cc -lXxf86vm  -lXext    >&5
configure:6271: $? = 0
configure:6275: test -z 
			 || test ! -s conftest.err
configure:6278: $? = 0
configure:6281: test -s conftest
configure:6284: $? = 0
configure:6297: result: yes
configure:6359: checking for gcc
configure:6375: found /usr/bin/gcc
configure:6385: result: gcc
configure:6629: checking for C compiler version
configure:6632: gcc --version </dev/null >&5
gcc (Ubuntu 4.4.1-4ubuntu9) 4.4.1
Copyright (C) 2009 Free Software Foundation, Inc.
This is free software; see the source for copying conditions.  There is NO
warranty; not even for MERCHANTABILITY or FITNESS FOR A PARTICULAR PURPOSE.

configure:6635: $? = 0
configure:6637: gcc -v </dev/null >&5
Using built-in specs.
Target: i486-linux-gnu
Configured with: ../src/configure -v --with-pkgversion='Ubuntu 4.4.1-4ubuntu9' --with-bugurl=file:///usr/share/doc/gcc-4.4/README.Bugs --enable-languages=c,c++,fortran,objc,obj-c++ --prefix=/usr --enable-shared --enable-multiarch --enable-linker-build-id --with-system-zlib --libexecdir=/usr/lib --without-included-gettext --enable-threads=posix --with-gxx-include-dir=/usr/include/c++/4.4 --program-suffix=-4.4 --enable-nls --enable-clocale=gnu --enable-libstdcxx-debug --enable-objc-gc --enable-targets=all --disable-werror --with-arch-32=i486 --with-tune=generic --enable-checking=release --build=i486-linux-gnu --host=i486-linux-gnu --target=i486-linux-gnu
Thread model: posix
gcc version 4.4.1 (Ubuntu 4.4.1-4ubuntu9) 
configure:6640: $? = 0
configure:6642: gcc -V </dev/null >&5
gcc: '-V' option must have argument
configure:6645: $? = 1
configure:6648: checking whether we are using the GNU C compiler
configure:6672: gcc -c    conftest.c >&5
configure:6678: $? = 0
configure:6682: test -z 
			 || test ! -s conftest.err
configure:6685: $? = 0
configure:6688: test -s conftest.o
configure:6691: $? = 0
configure:6704: result: yes
configure:6710: checking whether gcc accepts -g
configure:6731: gcc -c -g   conftest.c >&5
configure:6737: $? = 0
configure:6741: test -z 
			 || test ! -s conftest.err
configure:6744: $? = 0
configure:6747: test -s conftest.o
configure:6750: $? = 0
configure:6761: result: yes
configure:6778: checking for gcc option to accept ANSI C
configure:6848: gcc  -c -g -O2   conftest.c >&5
configure:6854: $? = 0
configure:6858: test -z 
			 || test ! -s conftest.err
configure:6861: $? = 0
configure:6864: test -s conftest.o
configure:6867: $? = 0
configure:6885: result: none needed
configure:6903: gcc -c -g -O2   conftest.c >&5
conftest.c:2: error: expected '=', ',', ';', 'asm' or '__attribute__' before 'me'
configure:6909: $? = 1
configure: failed program was:
| #ifndef __cplusplus
|   choke me
| #endif
configure:7044: checking dependency style of gcc
configure:7129: result: gcc3
configure:7152: checking build system type
configure:7170: result: i686-pc-linux-gnu
configure:7178: checking host system type
configure:7192: result: i686-pc-linux-gnu
configure:7338: checking for main in -lm
configure:7362: g++ -o conftest -g -O2     conftest.cc -lm  -lXxf86vm -lXext    >&5
configure:7368: $? = 0
configure:7372: test -z 
			 || test ! -s conftest.err
configure:7375: $? = 0
configure:7378: test -s conftest
configure:7381: $? = 0
configure:7394: result: yes
configure:7410: checking for OpenGL
configure:7460: checking for library containing glAccum
configure:7490: gcc -o conftest -g -O2   conftest.c  >&5
/tmp/ccUiQMbY.o: In function `main':
/home/awross/Downloads/3ddesktop-0.2.9/conftest.c:44: undefined reference to `glAccum'
collect2: ld returned 1 exit status
configure:7496: $? = 1
configure: failed program was:
| /* confdefs.h.  */
| 
| #define PACKAGE_NAME ""
| #define PACKAGE_TARNAME ""
| #define PACKAGE_VERSION ""
| #define PACKAGE_STRING ""
| #define PACKAGE_BUGREPORT ""
| #define PACKAGE "3ddesktop"
| #define VERSION "0.2.9"
| #ifdef __cplusplus
| extern "C" void exit (int) throw ();
| #endif
| #define X_DISPLAY_MISSING 1
| #define HAVE_DIRENT_H 1
| #define STDC_HEADERS 1
| #define HAVE_SYS_TYPES_H 1
| #define HAVE_SYS_STAT_H 1
| #define HAVE_STDLIB_H 1
| #define HAVE_STRING_H 1
| #define HAVE_MEMORY_H 1
| #define HAVE_STRINGS_H 1
| #define HAVE_INTTYPES_H 1
| #define HAVE_STDINT_H 1
| #define HAVE_UNISTD_H 1
| #define HAVE_FCNTL_H 1
| #define HAVE_SYS_TIME_H 1
| #define HAVE_UNISTD_H 1
| #define X_DISPLAY_MISSING 1
| #define HAVE_GL_GL_H 1
| #define HAVE_LIBXEXT 1
| #define HAVE_LIBXXF86VM 1
| /* end confdefs.h.  */
| 
| /* Override any gcc2 internal prototype to avoid an error.  */
| #ifdef __cplusplus
| extern "C"
| #endif
| /* We use char because int might match the return type of a gcc2
|    builtin and then its argument prototype would still apply.  */
| char glAccum ();
| int
| main ()
| {
| glAccum ();
|   ;
|   return 0;
| }
configure:7545: gcc -o conftest -g -O2   conftest.c -lGL   >&5
configure:7551: $? = 0
configure:7555: test -z 
			 || test ! -s conftest.err
configure:7558: $? = 0
configure:7561: test -s conftest
configure:7564: $? = 0
configure:7579: result: -lGL
configure:7588: checking for library containing gluBeginCurve
configure:7618: gcc -o conftest -g -O2   conftest.c -lGL  >&5
/tmp/cckj4aYb.o: In function `main':
/home/awross/Downloads/3ddesktop-0.2.9/conftest.c:44: undefined reference to `gluBeginCurve'
collect2: ld returned 1 exit status
configure:7624: $? = 1
configure: failed program was:
| /* confdefs.h.  */
| 
| #define PACKAGE_NAME ""
| #define PACKAGE_TARNAME ""
| #define PACKAGE_VERSION ""
| #define PACKAGE_STRING ""
| #define PACKAGE_BUGREPORT ""
| #define PACKAGE "3ddesktop"
| #define VERSION "0.2.9"
| #ifdef __cplusplus
| extern "C" void exit (int) throw ();
| #endif
| #define X_DISPLAY_MISSING 1
| #define HAVE_DIRENT_H 1
| #define STDC_HEADERS 1
| #define HAVE_SYS_TYPES_H 1
| #define HAVE_SYS_STAT_H 1
| #define HAVE_STDLIB_H 1
| #define HAVE_STRING_H 1
| #define HAVE_MEMORY_H 1
| #define HAVE_STRINGS_H 1
| #define HAVE_INTTYPES_H 1
| #define HAVE_STDINT_H 1
| #define HAVE_UNISTD_H 1
| #define HAVE_FCNTL_H 1
| #define HAVE_SYS_TIME_H 1
| #define HAVE_UNISTD_H 1
| #define X_DISPLAY_MISSING 1
| #define HAVE_GL_GL_H 1
| #define HAVE_LIBXEXT 1
| #define HAVE_LIBXXF86VM 1
| /* end confdefs.h.  */
| 
| /* Override any gcc2 internal prototype to avoid an error.  */
| #ifdef __cplusplus
| extern "C"
| #endif
| /* We use char because int might match the return type of a gcc2
|    builtin and then its argument prototype would still apply.  */
| char gluBeginCurve ();
| int
| main ()
| {
| gluBeginCurve ();
|   ;
|   return 0;
| }
configure:7673: gcc -o conftest -g -O2   conftest.c -lGLU  -lGL  >&5
configure:7679: $? = 0
configure:7683: test -z 
			 || test ! -s conftest.err
configure:7686: $? = 0
configure:7689: test -s conftest
configure:7692: $? = 0
configure:7707: result: -lGLU
configure:7716: checking for library containing glXChooseVisual
configure:7746: gcc -o conftest -g -O2   conftest.c -lGLU -lGL  >&5
configure:7752: $? = 0
configure:7756: test -z 
			 || test ! -s conftest.err
configure:7759: $? = 0
configure:7762: test -s conftest
configure:7765: $? = 0
configure:7835: result: none required
configure:7844: checking for library containing glutInit
configure:7874: gcc -o conftest -g -O2   conftest.c -lGLU -lGL  >&5
/tmp/ccaUx8ol.o: In function `main':
/home/awross/Downloads/3ddesktop-0.2.9/conftest.c:44: undefined reference to `glutInit'
collect2: ld returned 1 exit status
configure:7880: $? = 1
configure: failed program was:
| /* confdefs.h.  */
| 
| #define PACKAGE_NAME ""
| #define PACKAGE_TARNAME ""
| #define PACKAGE_VERSION ""
| #define PACKAGE_STRING ""
| #define PACKAGE_BUGREPORT ""
| #define PACKAGE "3ddesktop"
| #define VERSION "0.2.9"
| #ifdef __cplusplus
| extern "C" void exit (int) throw ();
| #endif
| #define X_DISPLAY_MISSING 1
| #define HAVE_DIRENT_H 1
| #define STDC_HEADERS 1
| #define HAVE_SYS_TYPES_H 1
| #define HAVE_SYS_STAT_H 1
| #define HAVE_STDLIB_H 1
| #define HAVE_STRING_H 1
| #define HAVE_MEMORY_H 1
| #define HAVE_STRINGS_H 1
| #define HAVE_INTTYPES_H 1
| #define HAVE_STDINT_H 1
| #define HAVE_UNISTD_H 1
| #define HAVE_FCNTL_H 1
| #define HAVE_SYS_TIME_H 1
| #define HAVE_UNISTD_H 1
| #define X_DISPLAY_MISSING 1
| #define HAVE_GL_GL_H 1
| #define HAVE_LIBXEXT 1
| #define HAVE_LIBXXF86VM 1
| /* end confdefs.h.  */
| 
| /* Override any gcc2 internal prototype to avoid an error.  */
| #ifdef __cplusplus
| extern "C"
| #endif
| /* We use char because int might match the return type of a gcc2
|    builtin and then its argument prototype would still apply.  */
| char glutInit ();
| int
| main ()
| {
| glutInit ();
|   ;
|   return 0;
| }
configure:7929: gcc -o conftest -g -O2   conftest.c -lglut  -lGLU -lGL  >&5
/usr/bin/ld: cannot find -lglut
collect2: ld returned 1 exit status
configure:7935: $? = 1
configure: failed program was:
| /* confdefs.h.  */
| 
| #define PACKAGE_NAME ""
| #define PACKAGE_TARNAME ""
| #define PACKAGE_VERSION ""
| #define PACKAGE_STRING ""
| #define PACKAGE_BUGREPORT ""
| #define PACKAGE "3ddesktop"
| #define VERSION "0.2.9"
| #ifdef __cplusplus
| extern "C" void exit (int) throw ();
| #endif
| #define X_DISPLAY_MISSING 1
| #define HAVE_DIRENT_H 1
| #define STDC_HEADERS 1
| #define HAVE_SYS_TYPES_H 1
| #define HAVE_SYS_STAT_H 1
| #define HAVE_STDLIB_H 1
| #define HAVE_STRING_H 1
| #define HAVE_MEMORY_H 1
| #define HAVE_STRINGS_H 1
| #define HAVE_INTTYPES_H 1
| #define HAVE_STDINT_H 1
| #define HAVE_UNISTD_H 1
| #define HAVE_FCNTL_H 1
| #define HAVE_SYS_TIME_H 1
| #define HAVE_UNISTD_H 1
| #define X_DISPLAY_MISSING 1
| #define HAVE_GL_GL_H 1
| #define HAVE_LIBXEXT 1
| #define HAVE_LIBXXF86VM 1
| /* end confdefs.h.  */
| 
| /* Override any gcc2 internal prototype to avoid an error.  */
| #ifdef __cplusplus
| extern "C"
| #endif
| /* We use char because int might match the return type of a gcc2
|    builtin and then its argument prototype would still apply.  */
| char glutInit ();
| int
| main ()
| {
| glutInit ();
|   ;
|   return 0;
| }
configure:7963: result: no
configure:7999: result: yes
configure:8005: checking for cos in -lm
configure:8035: g++ -o conftest -g -O2     conftest.cc -lm  -lXxf86vm -lXext    >&5
configure:8041: $? = 0
configure:8045: test -z 
			 || test ! -s conftest.err
configure:8048: $? = 0
configure:8051: test -s conftest
configure:8054: $? = 0
configure:8067: result: yes
configure:8082: checking for imlib2-config
configure:8098: found /usr/bin/imlib2-config
configure:8108: result: yes
configure:8137: checking for inline
configure:8158: g++ -c -g -O2    conftest.cc >&5
configure:8164: $? = 0
configure:8168: test -z 
			 || test ! -s conftest.err
configure:8171: $? = 0
configure:8174: test -s conftest.o
configure:8177: $? = 0
configure:8189: result: inline
configure:8208: checking whether time.h and sys/time.h may both be included
configure:8233: g++ -c -g -O2    conftest.cc >&5
configure:8239: $? = 0
configure:8243: test -z 
			 || test ! -s conftest.err
configure:8246: $? = 0
configure:8249: test -s conftest.o
configure:8252: $? = 0
configure:8263: result: yes
configure:8280: checking for gettimeofday
configure:8337: g++ -o conftest -g -O2     conftest.cc -lm -lXxf86vm -lXext    >&5
configure:8343: $? = 0
configure:8347: test -z 
			 || test ! -s conftest.err
configure:8350: $? = 0
configure:8353: test -s conftest
configure:8356: $? = 0
configure:8368: result: yes
configure:8280: checking for mkdir
configure:8337: g++ -o conftest -g -O2     conftest.cc -lm -lXxf86vm -lXext    >&5
configure:8343: $? = 0
configure:8347: test -z 
			 || test ! -s conftest.err
configure:8350: $? = 0
configure:8353: test -s conftest
configure:8356: $? = 0
configure:8368: result: yes
configure:8280: checking for strerror
configure:8337: g++ -o conftest -g -O2     conftest.cc -lm -lXxf86vm -lXext    >&5
configure:8343: $? = 0
configure:8347: test -z 
			 || test ! -s conftest.err
configure:8350: $? = 0
configure:8353: test -s conftest
configure:8356: $? = 0
configure:8368: result: yes
configure:8497: creating ./config.status

## ---------------------- ##
## Running config.status. ##
## ---------------------- ##

This file was extended by config.status, which was
generated by GNU Autoconf 2.59.  Invocation command line was

  CONFIG_FILES    = 
  CONFIG_HEADERS  = 
  CONFIG_LINKS    = 
  CONFIG_COMMANDS = 
  $ ./config.status 

on awross-desktop

config.status:712: creating Makefile
config.status:712: creating 3ddesktop.spec
config.status:712: creating maketar.sh
config.status:816: creating config.h
config.status:950: config.h is unchanged
config.status:1130: executing depfiles commands

## ---------------- ##
## Cache variables. ##
## ---------------- ##

ac_cv_build=i686-pc-linux-gnu
ac_cv_build_alias=i686-pc-linux-gnu
ac_cv_c_compiler_gnu=yes
ac_cv_c_inline=inline
ac_cv_cxx_compiler_gnu=yes
ac_cv_env_CC_set=
ac_cv_env_CC_value=
ac_cv_env_CFLAGS_set=
ac_cv_env_CFLAGS_value=
ac_cv_env_CPPFLAGS_set=
ac_cv_env_CPPFLAGS_value=
ac_cv_env_CXXCPP_set=
ac_cv_env_CXXCPP_value=
ac_cv_env_CXXFLAGS_set=
ac_cv_env_CXXFLAGS_value=
ac_cv_env_CXX_set=
ac_cv_env_CXX_value=
ac_cv_env_LDFLAGS_set=
ac_cv_env_LDFLAGS_value=
ac_cv_env_build_alias_set=
ac_cv_env_build_alias_value=
ac_cv_env_host_alias_set=
ac_cv_env_host_alias_value=
ac_cv_env_target_alias_set=
ac_cv_env_target_alias_value=
ac_cv_exeext=
ac_cv_func_gettimeofday=yes
ac_cv_func_mkdir=yes
ac_cv_func_strerror=yes
ac_cv_have_x=have_x=no
ac_cv_header_GL_gl_h=yes
ac_cv_header_dirent_dirent_h=yes
ac_cv_header_fcntl_h=yes
ac_cv_header_inttypes_h=yes
ac_cv_header_memory_h=yes
ac_cv_header_stdc=yes
ac_cv_header_stdint_h=yes
ac_cv_header_stdlib_h=yes
ac_cv_header_string_h=yes
ac_cv_header_strings_h=yes
ac_cv_header_sys_stat_h=yes
ac_cv_header_sys_time_h=yes
ac_cv_header_sys_types_h=yes
ac_cv_header_time=yes
ac_cv_header_unistd_h=yes
ac_cv_host=i686-pc-linux-gnu
ac_cv_host_alias=i686-pc-linux-gnu
ac_cv_lib_Xext_XextCreateExtension=yes
ac_cv_lib_Xxf86vm_XF86VidModeSetViewPort=yes
ac_cv_lib_m_cos=yes
ac_cv_lib_m_main=yes
ac_cv_objext=o
ac_cv_path_install='/usr/bin/install -c'
ac_cv_prog_AWK=mawk
ac_cv_prog_CXXCPP='g++ -E'
ac_cv_prog_IMLIB2_CONFIG_IN_PATH=yes
ac_cv_prog_ac_ct_CC=gcc
ac_cv_prog_ac_ct_CXX=g++
ac_cv_prog_cc_g=yes
ac_cv_prog_cc_stdc=
ac_cv_prog_cxx_g=yes
ac_cv_prog_egrep='grep -E'
ac_cv_prog_make_make_set=yes
ac_cv_search_glAccum=-lGL
ac_cv_search_glXChooseVisual='none required'
ac_cv_search_gluBeginCurve=-lGLU
ac_cv_search_glutInit=no
ac_cv_search_opendir='none required'
am_cv_CC_dependencies_compiler_type=gcc3
am_cv_CXX_dependencies_compiler_type=gcc3
mdl_cv_have_OpenGL=yes

## ----------------- ##
## Output variables. ##
## ----------------- ##

ACLOCAL='${SHELL} /home/awross/Downloads/3ddesktop-0.2.9/missing --run aclocal-1.8'
AMDEPBACKSLASH='\'
AMDEP_FALSE='#'
AMDEP_TRUE=''
AMTAR='${SHELL} /home/awross/Downloads/3ddesktop-0.2.9/missing --run tar'
AUTOCONF='${SHELL} /home/awross/Downloads/3ddesktop-0.2.9/missing --run autoconf'
AUTOHEADER='${SHELL} /home/awross/Downloads/3ddesktop-0.2.9/missing --run autoheader'
AUTOMAKE='${SHELL} /home/awross/Downloads/3ddesktop-0.2.9/missing --run automake-1.8'
AWK='mawk'
CC='gcc'
CCDEPMODE='depmode=gcc3'
CFLAGS='-g -O2'
CPPFLAGS=' '
CXX='g++'
CXXCPP='g++ -E'
CXXDEPMODE='depmode=gcc3'
CXXFLAGS='-g -O2 '
CYGPATH_W='echo'
DEFS='-DHAVE_CONFIG_H'
DEPDIR='.deps'
ECHO_C=''
ECHO_N='-n'
ECHO_T=''
EGREP='grep -E'
EXEEXT=''
GL_CFLAGS=''
GL_LIBS='-lGLU -lGL '
IMLIB2_CONFIG_IN_PATH='yes'
INSTALL_DATA='${INSTALL} -m 644'
INSTALL_PROGRAM='${INSTALL}'
INSTALL_SCRIPT='${INSTALL}'
INSTALL_STRIP_PROGRAM='${SHELL} $(install_sh) -c -s'
LDFLAGS=''
LIBOBJS=''
LIBS='-lm -lXxf86vm -lXext   '
LTLIBOBJS=''
MAKEINFO='${SHELL} /home/awross/Downloads/3ddesktop-0.2.9/missing --run makeinfo'
OBJEXT='o'
PACKAGE='3ddesktop'
PACKAGE_BUGREPORT=''
PACKAGE_NAME=''
PACKAGE_STRING=''
PACKAGE_TARNAME=''
PACKAGE_VERSION=''
PATH_SEPARATOR=':'
SET_MAKE=''
SHELL='/bin/bash'
STRIP=''
VERSION='0.2.9'
X_CFLAGS=''
X_EXTRA_LIBS=''
X_LIBS=''
X_PRE_LIBS=''
ac_ct_CC='gcc'
ac_ct_CXX='g++'
ac_ct_STRIP=''
am__fastdepCC_FALSE='#'
am__fastdepCC_TRUE=''
am__fastdepCXX_FALSE='#'
am__fastdepCXX_TRUE=''
am__include='include'
am__leading_dot='.'
am__quote=''
bindir='${exec_prefix}/bin'
build='i686-pc-linux-gnu'
build_alias=''
build_cpu='i686'
build_os='linux-gnu'
build_vendor='pc'
datadir='${prefix}/share'
exec_prefix='${prefix}'
host='i686-pc-linux-gnu'
host_alias=''
host_cpu='i686'
host_os='linux-gnu'
host_vendor='pc'
imlib2_cflags=''
imlib2_libs='-L/usr/lib -lImlib2 -lfreetype -lz -L/usr/X11R6/lib -lX11 -lXext -ldl -lm'
includedir='${prefix}/include'
infodir='${prefix}/info'
install_sh='/home/awross/Downloads/3ddesktop-0.2.9/install-sh'
libdir='${exec_prefix}/lib'
libexecdir='${exec_prefix}/libexec'
localstatedir='${prefix}/var'
mandir='${prefix}/man'
mkdir_p='mkdir -p -- .'
oldincludedir='/usr/include'
prefix='/usr/local'
program_transform_name='s,x,x,'
sbindir='${exec_prefix}/sbin'
sharedstatedir='${prefix}/com'
sysconfdir='${prefix}/etc'
target_alias=''

## ----------- ##
## confdefs.h. ##
## ----------- ##

#define HAVE_DIRENT_H 1
#define HAVE_FCNTL_H 1
#define HAVE_GETTIMEOFDAY 1
#define HAVE_GL_GL_H 1
#define HAVE_INTTYPES_H 1
#define HAVE_LIBM 1
#define HAVE_LIBXEXT 1
#define HAVE_LIBXXF86VM 1
#define HAVE_MEMORY_H 1
#define HAVE_MKDIR 1
#define HAVE_STDINT_H 1
#define HAVE_STDLIB_H 1
#define HAVE_STRERROR 1
#define HAVE_STRINGS_H 1
#define HAVE_STRING_H 1
#define HAVE_SYS_STAT_H 1
#define HAVE_SYS_TIME_H 1
#define HAVE_SYS_TYPES_H 1
#define HAVE_UNISTD_H 1
#define HAVE_UNISTD_H 1
#define PACKAGE "3ddesktop"
#define PACKAGE_BUGREPORT ""
#define PACKAGE_NAME ""
#define PACKAGE_STRING ""
#define PACKAGE_TARNAME ""
#define PACKAGE_VERSION ""
#define STDC_HEADERS 1
#define TIME_WITH_SYS_TIME 1
#define VERSION "0.2.9"
#define X_DISPLAY_MISSING 1
#define X_DISPLAY_MISSING 1
#endif
#ifdef __cplusplus
extern "C" void exit (int) throw ();

configure: exit 0
