This file contains any messages produced by compilers while
running configure, to aid debugging if configure makes a mistake.

It was created by gtk+ configure 2.4.0, which was
generated by GNU Autoconf 2.59.  Invocation command line was

  $ ./configure 

## --------- ##
## Platform. ##
## --------- ##

hostname = jules
uname -m = i686
uname -r = 2.6.31-19-generic-pae
uname -s = Linux
uname -v = #56-Ubuntu SMP Thu Jan 28 02:29:51 UTC 2010

/usr/bin/uname -p = unknown
/bin/uname -X     = unknown

/bin/arch              = unknown
/usr/bin/arch -k       = unknown
/usr/convex/getsysinfo = unknown
hostinfo               = unknown
/bin/machine           = unknown
/usr/bin/oslevel       = unknown
/bin/universe          = unknown

PATH: /home/awross/bin
PATH: /home/awross/bin
PATH: /usr/local/sbin
PATH: /usr/local/bin
PATH: /usr/sbin
PATH: /usr/bin
PATH: /sbin
PATH: /bin
PATH: /usr/games


## ----------- ##
## Core tests. ##
## ----------- ##

configure:1601: checking for a BSD-compatible install
configure:1656: result: /usr/bin/install -c
configure:1667: checking whether build environment is sane
configure:1710: result: yes
configure:1743: checking for gawk
configure:1759: found /usr/bin/gawk
configure:1769: result: gawk
configure:1779: checking whether make sets $(MAKE)
configure:1799: result: yes
configure:2022: checking for native Win32
configure:2033: result: no
configure:2082: checking for gcc
configure:2098: found /usr/bin/gcc
configure:2108: result: gcc
configure:2352: checking for C compiler version
configure:2355: gcc --version </dev/null >&5
gcc (Ubuntu 4.4.1-4ubuntu9) 4.4.1
Copyright (C) 2009 Free Software Foundation, Inc.
This is free software; see the source for copying conditions.  There is NO
warranty; not even for MERCHANTABILITY or FITNESS FOR A PARTICULAR PURPOSE.

configure:2358: $? = 0
configure:2360: gcc -v </dev/null >&5
Using built-in specs.
Target: i486-linux-gnu
Configured with: ../src/configure -v --with-pkgversion='Ubuntu 4.4.1-4ubuntu9' --with-bugurl=file:///usr/share/doc/gcc-4.4/README.Bugs --enable-languages=c,c++,fortran,objc,obj-c++ --prefix=/usr --enable-shared --enable-multiarch --enable-linker-build-id --with-system-zlib --libexecdir=/usr/lib --without-included-gettext --enable-threads=posix --with-gxx-include-dir=/usr/include/c++/4.4 --program-suffix=-4.4 --enable-nls --enable-clocale=gnu --enable-libstdcxx-debug --enable-objc-gc --enable-targets=all --disable-werror --with-arch-32=i486 --with-tune=generic --enable-checking=release --build=i486-linux-gnu --host=i486-linux-gnu --target=i486-linux-gnu
Thread model: posix
gcc version 4.4.1 (Ubuntu 4.4.1-4ubuntu9) 
configure:2363: $? = 0
configure:2365: gcc -V </dev/null >&5
gcc: '-V' option must have argument
configure:2368: $? = 1
configure:2391: checking for C compiler default output file name
configure:2394: gcc    conftest.c  >&5
configure:2397: $? = 0
configure:2443: result: a.out
configure:2448: checking whether the C compiler works
configure:2454: ./a.out
configure:2457: $? = 0
configure:2474: result: yes
configure:2481: checking whether we are cross compiling
configure:2483: result: no
configure:2486: checking for suffix of executables
configure:2488: gcc -o conftest    conftest.c  >&5
configure:2491: $? = 0
configure:2516: result: 
configure:2522: checking for suffix of object files
configure:2543: gcc -c   conftest.c >&5
configure:2546: $? = 0
configure:2568: result: o
configure:2572: checking whether we are using the GNU C compiler
configure:2596: gcc -c   conftest.c >&5
configure:2602: $? = 0
configure:2606: test -z 
			 || test ! -s conftest.err
configure:2609: $? = 0
configure:2612: test -s conftest.o
configure:2615: $? = 0
configure:2628: result: yes
configure:2634: checking whether gcc accepts -g
configure:2655: gcc -c -g  conftest.c >&5
configure:2661: $? = 0
configure:2665: test -z 
			 || test ! -s conftest.err
configure:2668: $? = 0
configure:2671: test -s conftest.o
configure:2674: $? = 0
configure:2685: result: yes
configure:2702: checking for gcc option to accept ANSI C
configure:2772: gcc  -c -g -O2  conftest.c >&5
configure:2778: $? = 0
configure:2782: test -z 
			 || test ! -s conftest.err
configure:2785: $? = 0
configure:2788: test -s conftest.o
configure:2791: $? = 0
configure:2809: result: none needed
configure:2827: gcc -c -g -O2  conftest.c >&5
conftest.c:2: error: expected '=', ',', ';', 'asm' or '__attribute__' before 'me'
configure:2833: $? = 1
configure: failed program was:
| #ifndef __cplusplus
|   choke me
| #endif
configure:2977: checking for style of include used by make
configure:3005: result: GNU
configure:3033: checking dependency style of gcc
configure:3116: result: gcc3
configure:3226: checking build system type
configure:3244: result: i686-pc-linux-gnu
configure:3252: checking host system type
configure:3266: result: i686-pc-linux-gnu
configure:3274: checking for a sed that does not truncate output
configure:3328: result: /bin/sed
configure:3331: checking for egrep
configure:3341: result: grep -E
configure:3357: checking for ld used by gcc
configure:3424: result: /usr/bin/ld
configure:3433: checking if the linker (/usr/bin/ld) is GNU ld
configure:3448: result: yes
configure:3453: checking for /usr/bin/ld option to reload object files
configure:3460: result: -r
configure:3469: checking for BSD-compatible nm
configure:3511: result: /usr/bin/nm -B
configure:3515: checking whether ln -s works
configure:3519: result: yes
configure:3526: checking how to recognise dependent libraries
configure:3709: result: pass_all
configure:3923: checking how to run the C preprocessor
configure:3958: gcc -E  conftest.c
configure:3964: $? = 0
configure:3996: gcc -E  conftest.c
conftest.c:10:28: error: ac_nonexistent.h: No such file or directory
configure:4002: $? = 1
configure: failed program was:
| /* confdefs.h.  */
| 
| #define PACKAGE_NAME "gtk+"
| #define PACKAGE_TARNAME "gtk+"
| #define PACKAGE_VERSION "2.4.0"
| #define PACKAGE_STRING "gtk+ 2.4.0"
| #define PACKAGE_BUGREPORT "http://bugzilla.gnome.org/enter_bug.cgi?product=gtk+"
| #define GETTEXT_PACKAGE "gtk20"
| /* end confdefs.h.  */
| #include <ac_nonexistent.h>
configure:4041: result: gcc -E
configure:4065: gcc -E  conftest.c
configure:4071: $? = 0
configure:4103: gcc -E  conftest.c
conftest.c:10:28: error: ac_nonexistent.h: No such file or directory
configure:4109: $? = 1
configure: failed program was:
| /* confdefs.h.  */
| 
| #define PACKAGE_NAME "gtk+"
| #define PACKAGE_TARNAME "gtk+"
| #define PACKAGE_VERSION "2.4.0"
| #define PACKAGE_STRING "gtk+ 2.4.0"
| #define PACKAGE_BUGREPORT "http://bugzilla.gnome.org/enter_bug.cgi?product=gtk+"
| #define GETTEXT_PACKAGE "gtk20"
| /* end confdefs.h.  */
| #include <ac_nonexistent.h>
configure:4153: checking for ANSI C header files
configure:4178: gcc -c -g -O2  conftest.c >&5
configure:4184: $? = 0
configure:4188: test -z 
			 || test ! -s conftest.err
configure:4191: $? = 0
configure:4194: test -s conftest.o
configure:4197: $? = 0
configure:4286: gcc -o conftest -g -O2   conftest.c  >&5
conftest.c: In function 'main':
conftest.c:27: warning: incompatible implicit declaration of built-in function 'exit'
configure:4289: $? = 0
configure:4291: ./conftest
configure:4294: $? = 0
configure:4309: result: yes
configure:4333: checking for sys/types.h
configure:4349: gcc -c -g -O2  conftest.c >&5
configure:4355: $? = 0
configure:4359: test -z 
			 || test ! -s conftest.err
configure:4362: $? = 0
configure:4365: test -s conftest.o
configure:4368: $? = 0
configure:4379: result: yes
configure:4333: checking for sys/stat.h
configure:4349: gcc -c -g -O2  conftest.c >&5
configure:4355: $? = 0
configure:4359: test -z 
			 || test ! -s conftest.err
configure:4362: $? = 0
configure:4365: test -s conftest.o
configure:4368: $? = 0
configure:4379: result: yes
configure:4333: checking for stdlib.h
configure:4349: gcc -c -g -O2  conftest.c >&5
configure:4355: $? = 0
configure:4359: test -z 
			 || test ! -s conftest.err
configure:4362: $? = 0
configure:4365: test -s conftest.o
configure:4368: $? = 0
configure:4379: result: yes
configure:4333: checking for string.h
configure:4349: gcc -c -g -O2  conftest.c >&5
configure:4355: $? = 0
configure:4359: test -z 
			 || test ! -s conftest.err
configure:4362: $? = 0
configure:4365: test -s conftest.o
configure:4368: $? = 0
configure:4379: result: yes
configure:4333: checking for memory.h
configure:4349: gcc -c -g -O2  conftest.c >&5
configure:4355: $? = 0
configure:4359: test -z 
			 || test ! -s conftest.err
configure:4362: $? = 0
configure:4365: test -s conftest.o
configure:4368: $? = 0
configure:4379: result: yes
configure:4333: checking for strings.h
configure:4349: gcc -c -g -O2  conftest.c >&5
configure:4355: $? = 0
configure:4359: test -z 
			 || test ! -s conftest.err
configure:4362: $? = 0
configure:4365: test -s conftest.o
configure:4368: $? = 0
configure:4379: result: yes
configure:4333: checking for inttypes.h
configure:4349: gcc -c -g -O2  conftest.c >&5
configure:4355: $? = 0
configure:4359: test -z 
			 || test ! -s conftest.err
configure:4362: $? = 0
configure:4365: test -s conftest.o
configure:4368: $? = 0
configure:4379: result: yes
configure:4333: checking for stdint.h
configure:4349: gcc -c -g -O2  conftest.c >&5
configure:4355: $? = 0
configure:4359: test -z 
			 || test ! -s conftest.err
configure:4362: $? = 0
configure:4365: test -s conftest.o
configure:4368: $? = 0
configure:4379: result: yes
configure:4333: checking for unistd.h
configure:4349: gcc -c -g -O2  conftest.c >&5
configure:4355: $? = 0
configure:4359: test -z 
			 || test ! -s conftest.err
configure:4362: $? = 0
configure:4365: test -s conftest.o
configure:4368: $? = 0
configure:4379: result: yes
configure:4405: checking dlfcn.h usability
configure:4417: gcc -c -g -O2  conftest.c >&5
configure:4423: $? = 0
configure:4427: test -z 
			 || test ! -s conftest.err
configure:4430: $? = 0
configure:4433: test -s conftest.o
configure:4436: $? = 0
configure:4446: result: yes
configure:4450: checking dlfcn.h presence
configure:4460: gcc -E  conftest.c
configure:4466: $? = 0
configure:4486: result: yes
configure:4521: checking for dlfcn.h
configure:4528: result: yes
configure:4593: checking for g++
configure:4609: found /usr/bin/g++
configure:4619: result: g++
configure:4635: checking for C++ compiler version
configure:4638: g++ --version </dev/null >&5
g++ (Ubuntu 4.4.1-4ubuntu9) 4.4.1
Copyright (C) 2009 Free Software Foundation, Inc.
This is free software; see the source for copying conditions.  There is NO
warranty; not even for MERCHANTABILITY or FITNESS FOR A PARTICULAR PURPOSE.

configure:4641: $? = 0
configure:4643: g++ -v </dev/null >&5
Using built-in specs.
Target: i486-linux-gnu
Configured with: ../src/configure -v --with-pkgversion='Ubuntu 4.4.1-4ubuntu9' --with-bugurl=file:///usr/share/doc/gcc-4.4/README.Bugs --enable-languages=c,c++,fortran,objc,obj-c++ --prefix=/usr --enable-shared --enable-multiarch --enable-linker-build-id --with-system-zlib --libexecdir=/usr/lib --without-included-gettext --enable-threads=posix --with-gxx-include-dir=/usr/include/c++/4.4 --program-suffix=-4.4 --enable-nls --enable-clocale=gnu --enable-libstdcxx-debug --enable-objc-gc --enable-targets=all --disable-werror --with-arch-32=i486 --with-tune=generic --enable-checking=release --build=i486-linux-gnu --host=i486-linux-gnu --target=i486-linux-gnu
Thread model: posix
gcc version 4.4.1 (Ubuntu 4.4.1-4ubuntu9) 
configure:4646: $? = 0
configure:4648: g++ -V </dev/null >&5
g++: '-V' option must have argument
configure:4651: $? = 1
configure:4654: checking whether we are using the GNU C++ compiler
configure:4678: g++ -c   conftest.cc >&5
configure:4684: $? = 0
configure:4688: test -z 
			 || test ! -s conftest.err
configure:4691: $? = 0
configure:4694: test -s conftest.o
configure:4697: $? = 0
configure:4710: result: yes
configure:4716: checking whether g++ accepts -g
configure:4737: g++ -c -g  conftest.cc >&5
configure:4743: $? = 0
configure:4747: test -z 
			 || test ! -s conftest.err
configure:4750: $? = 0
configure:4753: test -s conftest.o
configure:4756: $? = 0
configure:4767: result: yes
configure:4809: g++ -c -g -O2  conftest.cc >&5
configure:4815: $? = 0
configure:4819: test -z 
			 || test ! -s conftest.err
configure:4822: $? = 0
configure:4825: test -s conftest.o
configure:4828: $? = 0
configure:4854: g++ -c -g -O2  conftest.cc >&5
conftest.cc: In function 'int main()':
conftest.cc:25: error: 'exit' was not declared in this scope
configure:4860: $? = 1
configure: failed program was:
| /* confdefs.h.  */
| 
| #define PACKAGE_NAME "gtk+"
| #define PACKAGE_TARNAME "gtk+"
| #define PACKAGE_VERSION "2.4.0"
| #define PACKAGE_STRING "gtk+ 2.4.0"
| #define PACKAGE_BUGREPORT "http://bugzilla.gnome.org/enter_bug.cgi?product=gtk+"
| #define GETTEXT_PACKAGE "gtk20"
| #define STDC_HEADERS 1
| #define HAVE_SYS_TYPES_H 1
| #define HAVE_SYS_STAT_H 1
| #define HAVE_STDLIB_H 1
| #define HAVE_STRING_H 1
| #define HAVE_MEMORY_H 1
| #define HAVE_STRINGS_H 1
| #define HAVE_INTTYPES_H 1
| #define HAVE_STDINT_H 1
| #define HAVE_UNISTD_H 1
| #define HAVE_DLFCN_H 1
| /* end confdefs.h.  */
| 
| int
| main ()
| {
| exit (42);
|   ;
|   return 0;
| }
configure:4809: g++ -c -g -O2  conftest.cc >&5
conftest.cc:21: error: 'void std::exit(int)' should have been declared inside 'std'
configure:4815: $? = 1
configure: failed program was:
| /* confdefs.h.  */
| 
| #define PACKAGE_NAME "gtk+"
| #define PACKAGE_TARNAME "gtk+"
| #define PACKAGE_VERSION "2.4.0"
| #define PACKAGE_STRING "gtk+ 2.4.0"
| #define PACKAGE_BUGREPORT "http://bugzilla.gnome.org/enter_bug.cgi?product=gtk+"
| #define GETTEXT_PACKAGE "gtk20"
| #define STDC_HEADERS 1
| #define HAVE_SYS_TYPES_H 1
| #define HAVE_SYS_STAT_H 1
| #define HAVE_STDLIB_H 1
| #define HAVE_STRING_H 1
| #define HAVE_MEMORY_H 1
| #define HAVE_STRINGS_H 1
| #define HAVE_INTTYPES_H 1
| #define HAVE_STDINT_H 1
| #define HAVE_UNISTD_H 1
| #define HAVE_DLFCN_H 1
| /* end confdefs.h.  */
| extern "C" void std::exit (int) throw (); using std::exit;
| #include <stdlib.h>
| int
| main ()
| {
| exit (42);
|   ;
|   return 0;
| }
configure:4809: g++ -c -g -O2  conftest.cc >&5
conftest.cc:21: error: 'void std::exit(int)' should have been declared inside 'std'
In file included from conftest.cc:22:
/usr/include/stdlib.h:543: error: declaration of 'void std::exit(int) throw ()' throws different exceptions
conftest.cc:21: error: from previous declaration 'void std::exit(int)'
configure:4815: $? = 1
configure: failed program was:
| /* confdefs.h.  */
| 
| #define PACKAGE_NAME "gtk+"
| #define PACKAGE_TARNAME "gtk+"
| #define PACKAGE_VERSION "2.4.0"
| #define PACKAGE_STRING "gtk+ 2.4.0"
| #define PACKAGE_BUGREPORT "http://bugzilla.gnome.org/enter_bug.cgi?product=gtk+"
| #define GETTEXT_PACKAGE "gtk20"
| #define STDC_HEADERS 1
| #define HAVE_SYS_TYPES_H 1
| #define HAVE_SYS_STAT_H 1
| #define HAVE_STDLIB_H 1
| #define HAVE_STRING_H 1
| #define HAVE_MEMORY_H 1
| #define HAVE_STRINGS_H 1
| #define HAVE_INTTYPES_H 1
| #define HAVE_STDINT_H 1
| #define HAVE_UNISTD_H 1
| #define HAVE_DLFCN_H 1
| /* end confdefs.h.  */
| extern "C" void std::exit (int); using std::exit;
| #include <stdlib.h>
| int
| main ()
| {
| exit (42);
|   ;
|   return 0;
| }
configure:4809: g++ -c -g -O2  conftest.cc >&5
configure:4815: $? = 0
configure:4819: test -z 
			 || test ! -s conftest.err
configure:4822: $? = 0
configure:4825: test -s conftest.o
configure:4828: $? = 0
configure:4854: g++ -c -g -O2  conftest.cc >&5
configure:4860: $? = 0
configure:4864: test -z 
			 || test ! -s conftest.err
configure:4867: $? = 0
configure:4870: test -s conftest.o
configure:4873: $? = 0
configure:4898: checking dependency style of g++
configure:4981: result: gcc3
configure:5003: checking how to run the C++ preprocessor
configure:5034: g++ -E  conftest.cc
configure:5040: $? = 0
configure:5072: g++ -E  conftest.cc
conftest.cc:24:28: error: ac_nonexistent.h: No such file or directory
configure:5078: $? = 1
configure: failed program was:
| /* confdefs.h.  */
| 
| #define PACKAGE_NAME "gtk+"
| #define PACKAGE_TARNAME "gtk+"
| #define PACKAGE_VERSION "2.4.0"
| #define PACKAGE_STRING "gtk+ 2.4.0"
| #define PACKAGE_BUGREPORT "http://bugzilla.gnome.org/enter_bug.cgi?product=gtk+"
| #define GETTEXT_PACKAGE "gtk20"
| #define STDC_HEADERS 1
| #define HAVE_SYS_TYPES_H 1
| #define HAVE_SYS_STAT_H 1
| #define HAVE_STDLIB_H 1
| #define HAVE_STRING_H 1
| #define HAVE_MEMORY_H 1
| #define HAVE_STRINGS_H 1
| #define HAVE_INTTYPES_H 1
| #define HAVE_STDINT_H 1
| #define HAVE_UNISTD_H 1
| #define HAVE_DLFCN_H 1
| #ifdef __cplusplus
| extern "C" void exit (int) throw ();
| #endif
| /* end confdefs.h.  */
| #include <ac_nonexistent.h>
configure:5117: result: g++ -E
configure:5141: g++ -E  conftest.cc
configure:5147: $? = 0
configure:5179: g++ -E  conftest.cc
conftest.cc:24:28: error: ac_nonexistent.h: No such file or directory
configure:5185: $? = 1
configure: failed program was:
| /* confdefs.h.  */
| 
| #define PACKAGE_NAME "gtk+"
| #define PACKAGE_TARNAME "gtk+"
| #define PACKAGE_VERSION "2.4.0"
| #define PACKAGE_STRING "gtk+ 2.4.0"
| #define PACKAGE_BUGREPORT "http://bugzilla.gnome.org/enter_bug.cgi?product=gtk+"
| #define GETTEXT_PACKAGE "gtk20"
| #define STDC_HEADERS 1
| #define HAVE_SYS_TYPES_H 1
| #define HAVE_SYS_STAT_H 1
| #define HAVE_STDLIB_H 1
| #define HAVE_STRING_H 1
| #define HAVE_MEMORY_H 1
| #define HAVE_STRINGS_H 1
| #define HAVE_INTTYPES_H 1
| #define HAVE_STDINT_H 1
| #define HAVE_UNISTD_H 1
| #define HAVE_DLFCN_H 1
| #ifdef __cplusplus
| extern "C" void exit (int) throw ();
| #endif
| /* end confdefs.h.  */
| #include <ac_nonexistent.h>
configure:5280: checking for g77
configure:5309: result: no
configure:5280: checking for f77
configure:5309: result: no
configure:5280: checking for xlf
configure:5309: result: no
configure:5280: checking for frt
configure:5309: result: no
configure:5280: checking for pgf77
configure:5309: result: no
configure:5280: checking for fort77
configure:5309: result: no
configure:5280: checking for fl32
configure:5309: result: no
configure:5280: checking for af77
configure:5309: result: no
configure:5280: checking for f90
configure:5309: result: no
configure:5280: checking for xlf90
configure:5309: result: no
configure:5280: checking for pgf90
configure:5309: result: no
configure:5280: checking for epcf90
configure:5309: result: no
configure:5280: checking for f95
configure:5309: result: no
configure:5280: checking for fort
configure:5309: result: no
configure:5280: checking for xlf95
configure:5309: result: no
configure:5280: checking for ifc
configure:5309: result: no
configure:5280: checking for efc
configure:5309: result: no
configure:5280: checking for pgf95
configure:5309: result: no
configure:5280: checking for lf95
configure:5309: result: no
configure:5280: checking for gfortran
configure:5309: result: no
configure:5321: checking for Fortran 77 compiler version
configure:5324:  --version </dev/null >&5
./configure: line 5325: --version: command not found
configure:5327: $? = 127
configure:5329:  -v </dev/null >&5
./configure: line 5330: -v: command not found
configure:5332: $? = 127
configure:5334:  -V </dev/null >&5
./configure: line 5335: -V: command not found
configure:5337: $? = 127
configure:5345: checking whether we are using the GNU Fortran 77 compiler
configure:5359:  -c  conftest.F >&5
./configure: line 5360: -c: command not found
configure:5365: $? = 127
configure: failed program was:
|       program main
| #ifndef __GNUC__
|        choke me
| #endif
| 
|       end
configure:5391: result: no
configure:5397: checking whether  accepts -g
configure:5409:  -c -g conftest.f >&5
./configure: line 5410: -c: command not found
configure:5415: $? = 127
configure: failed program was:
|       program main
| 
|       end
configure:5440: result: no
configure:5470: checking the maximum length of command line arguments
configure:5535: result: 32768
configure:5546: checking command to parse /usr/bin/nm -B output from gcc object
configure:5635: gcc -c -g -O2  conftest.c >&5
configure:5638: $? = 0
configure:5642: /usr/bin/nm -B conftest.o \| sed -n -e 's/^.*[ 	]\([ABCDGIRSTW][ABCDGIRSTW]*\)[ 	][ 	]*\(\)\([_A-Za-z][_A-Za-z0-9]*\)$/\1 \2\3 \3/p' \> conftest.nm
configure:5645: $? = 0
configure:5697: gcc -o conftest -g -O2   conftest.c conftstm.o >&5
configure:5700: $? = 0
configure:5738: result: ok
configure:5742: checking for objdir
configure:5757: result: .libs
configure:5847: checking for ar
configure:5863: found /usr/bin/ar
configure:5874: result: ar
configure:5927: checking for ranlib
configure:5943: found /usr/bin/ranlib
configure:5954: result: ranlib
configure:6007: checking for strip
configure:6023: found /usr/bin/strip
configure:6034: result: strip
configure:6296: checking if gcc static flag  works
configure:6319: result: yes
configure:6337: checking if gcc supports -fno-rtti -fno-exceptions
configure:6355: gcc -c -g -O2  -fno-rtti -fno-exceptions conftest.c >&5
cc1: warning: command line option "-fno-rtti" is valid for C++/ObjC++ but not for C
configure:6359: $? = 0
configure:6370: result: no
configure:6385: checking for gcc option to produce PIC
configure:6562: result: -fPIC
configure:6570: checking if gcc PIC flag -fPIC works
configure:6588: gcc -c -g -O2  -fPIC -DPIC conftest.c >&5
configure:6592: $? = 0
configure:6603: result: yes
configure:6627: checking if gcc supports -c -o file.o
configure:6648: gcc -c -g -O2  -o out/conftest2.o conftest.c >&5
configure:6652: $? = 0
configure:6672: result: yes
configure:6698: checking whether the gcc linker (/usr/bin/ld) supports shared libraries
configure:7546: result: yes
configure:7572: checking whether -lc should be explicitly linked in
configure:7577: gcc -c -g -O2  conftest.c >&5
configure:7580: $? = 0
configure:7594: gcc -shared conftest.o  -v -Wl,-soname -Wl,conftest -o conftest 2\>\&1 \| grep  -lc  \>/dev/null 2\>\&1
configure:7597: $? = 0
configure:7609: result: no
configure:7617: checking dynamic linker characteristics
configure:8181: result: GNU/Linux ld.so
configure:8185: checking how to hardcode library paths into programs
configure:8210: result: immediate
configure:8224: checking whether stripping libraries is possible
configure:8229: result: yes
configure:9059: checking if libtool supports shared libraries
configure:9061: result: yes
configure:9064: checking whether to build shared libraries
configure:9122: result: yes
configure:9125: checking whether to build static libraries
configure:9129: result: no
configure:9221: creating libtool
configure:9768: checking for ld used by g++
configure:9835: result: /usr/bin/ld
configure:9844: checking if the linker (/usr/bin/ld) is GNU ld
configure:9859: result: yes
configure:9910: checking whether the g++ linker (/usr/bin/ld) supports shared libraries
configure:10738: result: yes
configure:10756: g++ -c -g -O2  conftest.cc >&5
configure:10759: $? = 0
configure:10855: checking for g++ option to produce PIC
configure:11107: result: -fPIC
configure:11115: checking if g++ PIC flag -fPIC works
configure:11133: g++ -c -g -O2  -fPIC -DPIC conftest.cc >&5
configure:11137: $? = 0
configure:11148: result: yes
configure:11172: checking if g++ supports -c -o file.o
configure:11193: g++ -c -g -O2  -o out/conftest2.o conftest.cc >&5
configure:11197: $? = 0
configure:11217: result: yes
configure:11243: checking whether the g++ linker (/usr/bin/ld) supports shared libraries
configure:11268: result: yes
configure:11339: checking dynamic linker characteristics
configure:11903: result: GNU/Linux ld.so
configure:11907: checking how to hardcode library paths into programs
configure:11932: result: immediate
configure:11946: checking whether stripping libraries is possible
configure:11951: result: yes
configure:19243: checking for special C compiler options needed for large files
configure:19342: result: no
configure:19348: checking for _FILE_OFFSET_BITS value needed for large files
configure:19379: gcc -c -g -O2  conftest.c >&5
conftest.c:30: warning: left shift count >= width of type
conftest.c:30: warning: left shift count >= width of type
conftest.c:32: error: size of array 'off_t_is_large' is negative
configure:19385: $? = 1
configure: failed program was:
| /* confdefs.h.  */
| 
| #define PACKAGE_NAME "gtk+"
| #define PACKAGE_TARNAME "gtk+"
| #define PACKAGE_VERSION "2.4.0"
| #define PACKAGE_STRING "gtk+ 2.4.0"
| #define PACKAGE_BUGREPORT "http://bugzilla.gnome.org/enter_bug.cgi?product=gtk+"
| #define GETTEXT_PACKAGE "gtk20"
| #define STDC_HEADERS 1
| #define HAVE_SYS_TYPES_H 1
| #define HAVE_SYS_STAT_H 1
| #define HAVE_STDLIB_H 1
| #define HAVE_STRING_H 1
| #define HAVE_MEMORY_H 1
| #define HAVE_STRINGS_H 1
| #define HAVE_INTTYPES_H 1
| #define HAVE_STDINT_H 1
| #define HAVE_UNISTD_H 1
| #define HAVE_DLFCN_H 1
| #ifdef __cplusplus
| extern "C" void exit (int) throw ();
| #endif
| /* end confdefs.h.  */
| #include <sys/types.h>
|  /* Check that off_t can represent 2**63 - 1 correctly.
|     We can't simply define LARGE_OFF_T to be 9223372036854775807,
|     since some C++ compilers masquerading as C compilers
|     incorrectly reject 9223372036854775807.  */
| #define LARGE_OFF_T (((off_t) 1 << 62) - 1 + ((off_t) 1 << 62))
|   int off_t_is_large[(LARGE_OFF_T % 2147483629 == 721
| 		       && LARGE_OFF_T % 2147483647 == 1)
| 		      ? 1 : -1];
| int
| main ()
| {
| 
|   ;
|   return 0;
| }
configure:19432: gcc -c -g -O2  conftest.c >&5
configure:19438: $? = 0
configure:19442: test -z 
			 || test ! -s conftest.err
configure:19445: $? = 0
configure:19448: test -s conftest.o
configure:19451: $? = 0
configure:19463: result: 64
configure:19473: checking for _LARGE_FILES value needed for large files
configure:19504: gcc -c -g -O2  conftest.c >&5
configure:19510: $? = 0
configure:19514: test -z 
			 || test ! -s conftest.err
configure:19517: $? = 0
configure:19520: test -s conftest.o
configure:19523: $? = 0
configure:19588: result: no
configure:19609: checking whether to enable maintainer-specific portions of Makefiles
configure:19618: result: no
configure:19636: checking for some Win32 platform
configure:19646: result: no
configure:19844: checking whether build environment is sane
configure:19887: result: yes
configure:19892: checking for strerror in -lcposix
configure:19922: gcc -o conftest -g -O2   conftest.c -lcposix   >&5
/usr/bin/ld: cannot find -lcposix
collect2: ld returned 1 exit status
configure:19928: $? = 1
configure: failed program was:
| /* confdefs.h.  */
| 
| #define PACKAGE_NAME "gtk+"
| #define PACKAGE_TARNAME "gtk+"
| #define PACKAGE_VERSION "2.4.0"
| #define PACKAGE_STRING "gtk+ 2.4.0"
| #define PACKAGE_BUGREPORT "http://bugzilla.gnome.org/enter_bug.cgi?product=gtk+"
| #define GETTEXT_PACKAGE "gtk20"
| #define STDC_HEADERS 1
| #define HAVE_SYS_TYPES_H 1
| #define HAVE_SYS_STAT_H 1
| #define HAVE_STDLIB_H 1
| #define HAVE_STRING_H 1
| #define HAVE_MEMORY_H 1
| #define HAVE_STRINGS_H 1
| #define HAVE_INTTYPES_H 1
| #define HAVE_STDINT_H 1
| #define HAVE_UNISTD_H 1
| #define HAVE_DLFCN_H 1
| #ifdef __cplusplus
| extern "C" void exit (int) throw ();
| #endif
| #define _FILE_OFFSET_BITS 64
| #define GTK_COMPILED_WITH_DEBUGGING "minimum"
| /* end confdefs.h.  */
| 
| /* Override any gcc2 internal prototype to avoid an error.  */
| #ifdef __cplusplus
| extern "C"
| #endif
| /* We use char because int might match the return type of a gcc2
|    builtin and then its argument prototype would still apply.  */
| char strerror ();
| int
| main ()
| {
| strerror ();
|   ;
|   return 0;
| }
configure:19954: result: no
configure:19965: checking for gcc option to accept ANSI C
configure:20028: gcc  -c -g -O2  conftest.c >&5
configure:20034: $? = 0
configure:20038: test -z 
			 || test ! -s conftest.err
configure:20041: $? = 0
configure:20044: test -s conftest.o
configure:20047: $? = 0
configure:20062: result: none needed
configure:20086: checking for a BSD-compatible install
configure:20141: result: /usr/bin/install -c
configure:20152: checking whether make sets $(MAKE)
configure:20172: result: yes
configure:20255: checking for pkg-config
configure:20273: found /usr/bin/pkg-config
configure:20286: result: /usr/bin/pkg-config
configure:20303: checking for glib-2.0 >= 2.4.0    atk >= 1.0.1    pango >= 1.4.0
configure:20342: error: Library requirements (glib-2.0 >= 2.4.0    atk >= 1.0.1    pango >= 1.4.0) not met; consider adjusting the PKG_CONFIG_PATH environment variable if your libraries are in a nonstandard prefix so pkg-config can find them.

## ---------------- ##
## Cache variables. ##
## ---------------- ##

ac_cv_build=i686-pc-linux-gnu
ac_cv_build_alias=i686-pc-linux-gnu
ac_cv_c_compiler_gnu=yes
ac_cv_cxx_compiler_gnu=yes
ac_cv_env_CC_set=
ac_cv_env_CC_value=
ac_cv_env_CFLAGS_set=
ac_cv_env_CFLAGS_value=
ac_cv_env_CPPFLAGS_set=
ac_cv_env_CPPFLAGS_value=
ac_cv_env_CPP_set=
ac_cv_env_CPP_value=
ac_cv_env_CXXCPP_set=
ac_cv_env_CXXCPP_value=
ac_cv_env_CXXFLAGS_set=
ac_cv_env_CXXFLAGS_value=
ac_cv_env_CXX_set=
ac_cv_env_CXX_value=
ac_cv_env_F77_set=
ac_cv_env_F77_value=
ac_cv_env_FFLAGS_set=
ac_cv_env_FFLAGS_value=
ac_cv_env_LDFLAGS_set=
ac_cv_env_LDFLAGS_value=
ac_cv_env_build_alias_set=
ac_cv_env_build_alias_value=
ac_cv_env_host_alias_set=
ac_cv_env_host_alias_value=
ac_cv_env_target_alias_set=
ac_cv_env_target_alias_value=
ac_cv_exeext=
ac_cv_f77_compiler_gnu=no
ac_cv_header_dlfcn_h=yes
ac_cv_header_inttypes_h=yes
ac_cv_header_memory_h=yes
ac_cv_header_stdc=yes
ac_cv_header_stdint_h=yes
ac_cv_header_stdlib_h=yes
ac_cv_header_string_h=yes
ac_cv_header_strings_h=yes
ac_cv_header_sys_stat_h=yes
ac_cv_header_sys_types_h=yes
ac_cv_header_unistd_h=yes
ac_cv_host=i686-pc-linux-gnu
ac_cv_host_alias=i686-pc-linux-gnu
ac_cv_lib_cposix_strerror=no
ac_cv_objext=o
ac_cv_path_PKG_CONFIG=/usr/bin/pkg-config
ac_cv_path_install='/usr/bin/install -c'
ac_cv_prog_AWK=gawk
ac_cv_prog_CPP='gcc -E'
ac_cv_prog_CXXCPP='g++ -E'
ac_cv_prog_ac_ct_AR=ar
ac_cv_prog_ac_ct_CC=gcc
ac_cv_prog_ac_ct_CXX=g++
ac_cv_prog_ac_ct_RANLIB=ranlib
ac_cv_prog_ac_ct_STRIP=strip
ac_cv_prog_cc_g=yes
ac_cv_prog_cc_stdc=
ac_cv_prog_cxx_g=yes
ac_cv_prog_egrep='grep -E'
ac_cv_prog_f77_g=no
ac_cv_prog_make_make_set=yes
ac_cv_sys_file_offset_bits=64
ac_cv_sys_large_files=no
ac_cv_sys_largefile_CC=no
am_cv_CC_dependencies_compiler_type=gcc3
am_cv_CXX_dependencies_compiler_type=gcc3
am_cv_prog_cc_stdc=
lt_cv_deplibs_check_method=pass_all
lt_cv_file_magic_cmd='$MAGIC_CMD'
lt_cv_file_magic_test_file='/lib/libc.so.6 /lib/libc-2.10.1.so'
lt_cv_ld_reload_flag=-r
lt_cv_objdir=.libs
lt_cv_path_LD=/usr/bin/ld
lt_cv_path_LDCXX=/usr/bin/ld
lt_cv_path_NM='/usr/bin/nm -B'
lt_cv_path_SED=/bin/sed
lt_cv_prog_compiler_c_o=yes
lt_cv_prog_compiler_c_o_CXX=yes
lt_cv_prog_compiler_rtti_exceptions=no
lt_cv_prog_gnu_ld=yes
lt_cv_prog_gnu_ldcxx=yes
lt_cv_sys_global_symbol_pipe='sed -n -e '\''s/^.*[ 	]\([ABCDGIRSTW][ABCDGIRSTW]*\)[ 	][ 	]*\(\)\([_A-Za-z][_A-Za-z0-9]*\)$/\1 \2\3 \3/p'\'''
lt_cv_sys_global_symbol_to_c_name_address='sed -n -e '\''s/^: \([^ ]*\) $/  {\"\1\", (lt_ptr) 0},/p'\'' -e '\''s/^[BCDEGRST] \([^ ]*\) \([^ ]*\)$/  {"\2", (lt_ptr) \&\2},/p'\'''
lt_cv_sys_global_symbol_to_cdecl='sed -n -e '\''s/^. .* \(.*\)$/extern int \1;/p'\'''
lt_cv_sys_max_cmd_len=32768
lt_lt_cv_prog_compiler_c_o='"yes"'
lt_lt_cv_prog_compiler_c_o_CXX='"yes"'
lt_lt_cv_sys_global_symbol_pipe='"sed -n -e '\''s/^.*[ 	]\\([ABCDGIRSTW][ABCDGIRSTW]*\\)[ 	][ 	]*\\(\\)\\([_A-Za-z][_A-Za-z0-9]*\\)\$/\\1 \\2\\3 \\3/p'\''"'
lt_lt_cv_sys_global_symbol_to_c_name_address='"sed -n -e '\''s/^: \\([^ ]*\\) \$/  {\\\"\\1\\\", (lt_ptr) 0},/p'\'' -e '\''s/^[BCDEGRST] \\([^ ]*\\) \\([^ ]*\\)\$/  {\"\\2\", (lt_ptr) \\&\\2},/p'\''"'
lt_lt_cv_sys_global_symbol_to_cdecl='"sed -n -e '\''s/^. .* \\(.*\\)\$/extern int \\1;/p'\''"'

## ----------------- ##
## Output variables. ##
## ----------------- ##

ACLOCAL='${SHELL} /home/awross/Downloads/installs/gtk+-2.4.0/missing --run aclocal-1.7 '
AMDEPBACKSLASH='\'
AMDEP_FALSE='#'
AMDEP_TRUE=''
AMTAR='${SHELL} /home/awross/Downloads/installs/gtk+-2.4.0/missing --run tar'
AR='ar'
AUTOCONF='${SHELL} /home/awross/Downloads/installs/gtk+-2.4.0/missing --run autoconf'
AUTOHEADER='${SHELL} /home/awross/Downloads/installs/gtk+-2.4.0/missing --run autoheader'
AUTOMAKE='${SHELL} /home/awross/Downloads/installs/gtk+-2.4.0/missing --run automake-1.7'
AWK='gawk'
BASE_DEPENDENCIES_CFLAGS=''
BASE_DEPENDENCIES_LIBS=''
BUILD_DYNAMIC_MODULES_FALSE=''
BUILD_DYNAMIC_MODULES_TRUE=''
CATALOGS=''
CATOBJEXT=''
CC='gcc'
CCAS='$(CC)'
CCASFLAGS='$(CFLAGS)'
CCDEPMODE='depmode=gcc3'
CFLAGS='-g -O2 -Wall'
CPP='gcc -E'
CPPFLAGS=''
CROSS_COMPILING_FALSE=''
CROSS_COMPILING_TRUE=''
CXX='g++'
CXXCPP='g++ -E'
CXXDEPMODE='depmode=gcc3'
CXXFLAGS='-g -O2'
CYGPATH_W='echo'
DATADIRNAME=''
DB2HTML=''
DEFS=''
DEPDIR='.deps'
DISABLE_EXPLICIT_DEPS_FALSE=''
DISABLE_EXPLICIT_DEPS_TRUE=''
ECHO='echo'
ECHO_C=''
ECHO_N='-n'
ECHO_T=''
EGREP='grep -E'
ENABLE_FB_MANAGER_FALSE=''
ENABLE_FB_MANAGER_TRUE=''
ENABLE_GTK_DOC_FALSE=''
ENABLE_GTK_DOC_TRUE=''
ENABLE_MAN_FALSE=''
ENABLE_MAN_TRUE=''
EXEEXT=''
F77=''
FFLAGS=''
FREETYPE_CFLAGS=''
FREETYPE_CONFIG=''
FREETYPE_LIBS=''
GDK_DEP_CFLAGS=''
GDK_DEP_LIBS=''
GDK_EXTRA_CFLAGS=''
GDK_EXTRA_LIBS=''
GDK_PACKAGES=''
GDK_PIXBUF_CSOURCE=''
GDK_PIXBUF_DEP_CFLAGS=''
GDK_PIXBUF_DEP_LIBS=''
GDK_PIXBUF_EXTRA_CFLAGS=''
GDK_PIXBUF_EXTRA_LIBS=''
GDK_PIXBUF_MAJOR='2'
GDK_PIXBUF_MICRO='0'
GDK_PIXBUF_MINOR='4'
GDK_PIXBUF_PACKAGES=''
GDK_PIXBUF_VERSION='2.4.0'
GDK_PIXBUF_XLIB_DEP_CFLAGS=''
GDK_PIXBUF_XLIB_DEP_LIBS=''
GDK_PIXBUF_XLIB_EXTRA_CFLAGS=''
GDK_PIXBUF_XLIB_EXTRA_LIBS=''
GDK_PIXBUF_XLIB_PACKAGES=''
GDK_WIN32_EXTRA_CFLAGS=''
GDK_WLIBS=''
GETTEXT_PACKAGE='gtk20'
GLIB_CFLAGS=''
GLIB_GENMARSHAL=''
GLIB_LIBS=''
GLIB_MKENUMS=''
GMOFILES=''
GMSGFMT=''
GOBJECT_QUERY=''
GTK_API_VERSION='2.0'
GTK_BINARY_AGE='400'
GTK_BINARY_VERSION='2.4.0'
GTK_DEBUG_FLAGS='-DG_DISABLE_CAST_CHECKS'
GTK_DEP_CFLAGS=''
GTK_DEP_LIBS=''
GTK_DOC_USE_LIBTOOL_FALSE=''
GTK_DOC_USE_LIBTOOL_TRUE=''
GTK_EXTRA_CFLAGS=''
GTK_EXTRA_LIBS=''
GTK_INTERFACE_AGE='0'
GTK_MAJOR_VERSION='2'
GTK_MICRO_VERSION='0'
GTK_MINOR_VERSION='4'
GTK_PACKAGES=''
GTK_VERSION='2.4.0'
GTK_XIM_FLAGS=''
HAVE_DOCBOOK_FALSE=''
HAVE_DOCBOOK_TRUE=''
HAVE_IE55_FALSE=''
HAVE_IE55_TRUE=''
HAVE_JPEG_FALSE=''
HAVE_JPEG_TRUE=''
HAVE_PNG_FALSE=''
HAVE_PNG_TRUE=''
HAVE_TIFF_FALSE=''
HAVE_TIFF_TRUE=''
HAVE_WINTAB_FALSE=''
HAVE_WINTAB_TRUE=''
HAVE_X11R6_FALSE=''
HAVE_X11R6_TRUE=''
HTML_DIR=''
IE55_UUID_LIB=''
INCLUDED_LOADER_DEFINE=''
INCLUDED_LOADER_OBJ=''
INDENT=''
INSTALL_DATA='${INSTALL} -m 644'
INSTALL_PROGRAM='${INSTALL}'
INSTALL_SCRIPT='${INSTALL}'
INSTALL_STRIP_PROGRAM='${SHELL} $(install_sh) -c -s'
INSTOBJEXT=''
INTLLIBS=''
LDFLAGS=''
LIBJPEG=''
LIBOBJS=''
LIBPNG=''
LIBS=''
LIBTIFF=''
LIBTOOL='$(SHELL) $(top_builddir)/libtool'
LIBTOOL_EXPORT_OPTIONS=''
LN_S='ln -s'
LTLIBOBJS=''
LT_CURRENT_MINUS_AGE='0'
LT_VERSION_INFO='400:0:400'
MAINT='#'
MAINTAINER_MODE_FALSE=''
MAINTAINER_MODE_TRUE='#'
MAKEINFO='${SHELL} /home/awross/Downloads/installs/gtk+-2.4.0/missing --run makeinfo'
MKINSTALLDIRS=''
MSGFMT=''
MS_LIB_AVAILABLE_FALSE=''
MS_LIB_AVAILABLE_TRUE='#'
OBJEXT='o'
OS_UNIX_FALSE='#'
OS_UNIX_TRUE=''
OS_WIN32_FALSE=''
OS_WIN32_TRUE='#'
PACKAGE='gtk+'
PACKAGE_BUGREPORT='http://bugzilla.gnome.org/enter_bug.cgi?product=gtk+'
PACKAGE_NAME='gtk+'
PACKAGE_STRING='gtk+ 2.4.0'
PACKAGE_TARNAME='gtk+'
PACKAGE_VERSION='2.4.0'
PATH_SEPARATOR=':'
PERL=''
PKG_CONFIG='/usr/bin/pkg-config'
PLATFORM_WIN32_FALSE=''
PLATFORM_WIN32_TRUE='#'
POFILES=''
POSUB=''
PO_IN_DATADIR_FALSE=''
PO_IN_DATADIR_TRUE=''
RANLIB='ranlib'
REBUILD=''
REBUILD_PNGS=''
SET_MAKE=''
SHELL='/bin/bash'
STRIP='strip'
USE_LINUX_FB_FALSE=''
USE_LINUX_FB_TRUE=''
USE_MMX_FALSE=''
USE_MMX_TRUE=''
USE_NLS=''
USE_WIN32_FALSE=''
USE_WIN32_TRUE=''
USE_X11_FALSE=''
USE_X11_TRUE=''
VERSION='2.4.0'
WINTAB_LIB=''
XCURSOR_CFLAGS=''
XCURSOR_LIBS=''
XGETTEXT=''
XINPUT_XFREE_FALSE=''
XINPUT_XFREE_TRUE=''
XMLCATALOG=''
XML_CATALOG_FILE=''
XSLTPROC=''
X_CFLAGS=''
X_EXTRA_LIBS=''
X_LIBS=''
X_PRE_LIBS=''
ac_ct_AR='ar'
ac_ct_CC='gcc'
ac_ct_CXX='g++'
ac_ct_F77=''
ac_ct_RANLIB='ranlib'
ac_ct_STRIP='strip'
am__fastdepCC_FALSE='#'
am__fastdepCC_TRUE=''
am__fastdepCXX_FALSE='#'
am__fastdepCXX_TRUE=''
am__include='include'
am__leading_dot='.'
am__quote=''
bindir='${exec_prefix}/bin'
build='i686-pc-linux-gnu'
build_alias=''
build_cpu='i686'
build_os='linux-gnu'
build_vendor='pc'
datadir='${prefix}/share'
exec_prefix='NONE'
gdktarget='x11'
gdktargetlib='libgdk-x11-2.0.la'
gtktargetlib='libgtk-x11-2.0.la'
host='i686-pc-linux-gnu'
host_alias=''
host_cpu='i686'
host_os='linux-gnu'
host_vendor='pc'
includedir='${prefix}/include'
infodir='${prefix}/info'
install_sh='/home/awross/Downloads/installs/gtk+-2.4.0/install-sh'
libdir='${exec_prefix}/lib'
libexecdir='${exec_prefix}/libexec'
localstatedir='${prefix}/var'
mandir='${prefix}/man'
ms_librarian=''
oldincludedir='/usr/include'
prefix='NONE'
program_transform_name='s,x,x,'
sbindir='${exec_prefix}/sbin'
sharedstatedir='${prefix}/com'
sysconfdir='${prefix}/etc'
target_alias=''

## ----------- ##
## confdefs.h. ##
## ----------- ##

#define GETTEXT_PACKAGE "gtk20"
#define GTK_COMPILED_WITH_DEBUGGING "minimum"
#define HAVE_DLFCN_H 1
#define HAVE_INTTYPES_H 1
#define HAVE_MEMORY_H 1
#define HAVE_STDINT_H 1
#define HAVE_STDLIB_H 1
#define HAVE_STRINGS_H 1
#define HAVE_STRING_H 1
#define HAVE_SYS_STAT_H 1
#define HAVE_SYS_TYPES_H 1
#define HAVE_UNISTD_H 1
#define PACKAGE_BUGREPORT "http://bugzilla.gnome.org/enter_bug.cgi?product=gtk+"
#define PACKAGE_NAME "gtk+"
#define PACKAGE_STRING "gtk+ 2.4.0"
#define PACKAGE_TARNAME "gtk+"
#define PACKAGE_VERSION "2.4.0"
#define STDC_HEADERS 1
#define _FILE_OFFSET_BITS 64
#endif
#ifdef __cplusplus
extern "C" void exit (int) throw ();

configure: exit 1
