This file contains any messages produced by compilers while
running configure, to aid debugging if configure makes a mistake.

It was created by configure, which was
generated by GNU Autoconf 2.59.  Invocation command line was

  $ ./configure 

## --------- ##
## Platform. ##
## --------- ##

hostname = awross-desktop
uname -m = i686
uname -r = 2.6.31-19-generic-pae
uname -s = Linux
uname -v = #56-Ubuntu SMP Thu Jan 28 02:29:51 UTC 2010

/usr/bin/uname -p = unknown
/bin/uname -X     = unknown

/bin/arch              = unknown
/usr/bin/arch -k       = unknown
/usr/convex/getsysinfo = unknown
hostinfo               = unknown
/bin/machine           = unknown
/usr/bin/oslevel       = unknown
/bin/universe          = unknown

PATH: /home/awross/bin
PATH: /home/awross/bin
PATH: /usr/local/sbin
PATH: /usr/local/bin
PATH: /usr/sbin
PATH: /usr/bin
PATH: /sbin
PATH: /bin
PATH: /usr/games


## ----------- ##
## Core tests. ##
## ----------- ##

configure:1539: checking for a BSD-compatible install
configure:1594: result: /usr/bin/install -c
configure:1605: checking whether build environment is sane
configure:1648: result: yes
configure:1681: checking for gawk
configure:1697: found /usr/bin/gawk
configure:1707: result: gawk
configure:1717: checking whether make sets $(MAKE)
configure:1737: result: yes
configure:1916: checking for style of include used by make
configure:1944: result: GNU
configure:2015: checking for gcc
configure:2031: found /usr/bin/gcc
configure:2041: result: gcc
configure:2285: checking for C compiler version
configure:2288: gcc --version </dev/null >&5
gcc (Ubuntu 4.4.1-4ubuntu9) 4.4.1
Copyright (C) 2009 Free Software Foundation, Inc.
This is free software; see the source for copying conditions.  There is NO
warranty; not even for MERCHANTABILITY or FITNESS FOR A PARTICULAR PURPOSE.

configure:2291: $? = 0
configure:2293: gcc -v </dev/null >&5
Using built-in specs.
Target: i486-linux-gnu
Configured with: ../src/configure -v --with-pkgversion='Ubuntu 4.4.1-4ubuntu9' --with-bugurl=file:///usr/share/doc/gcc-4.4/README.Bugs --enable-languages=c,c++,fortran,objc,obj-c++ --prefix=/usr --enable-shared --enable-multiarch --enable-linker-build-id --with-system-zlib --libexecdir=/usr/lib --without-included-gettext --enable-threads=posix --with-gxx-include-dir=/usr/include/c++/4.4 --program-suffix=-4.4 --enable-nls --enable-clocale=gnu --enable-libstdcxx-debug --enable-objc-gc --enable-targets=all --disable-werror --with-arch-32=i486 --with-tune=generic --enable-checking=release --build=i486-linux-gnu --host=i486-linux-gnu --target=i486-linux-gnu
Thread model: posix
gcc version 4.4.1 (Ubuntu 4.4.1-4ubuntu9) 
configure:2296: $? = 0
configure:2298: gcc -V </dev/null >&5
gcc: '-V' option must have argument
configure:2301: $? = 1
configure:2324: checking for C compiler default output file name
configure:2327: gcc    conftest.c  >&5
configure:2330: $? = 0
configure:2376: result: a.out
configure:2381: checking whether the C compiler works
configure:2387: ./a.out
configure:2390: $? = 0
configure:2407: result: yes
configure:2414: checking whether we are cross compiling
configure:2416: result: no
configure:2419: checking for suffix of executables
configure:2421: gcc -o conftest    conftest.c  >&5
configure:2424: $? = 0
configure:2449: result: 
configure:2455: checking for suffix of object files
configure:2476: gcc -c   conftest.c >&5
configure:2479: $? = 0
configure:2501: result: o
configure:2505: checking whether we are using the GNU C compiler
configure:2529: gcc -c   conftest.c >&5
configure:2535: $? = 0
configure:2538: test -z 			 || test ! -s conftest.err
configure:2541: $? = 0
configure:2544: test -s conftest.o
configure:2547: $? = 0
configure:2560: result: yes
configure:2566: checking whether gcc accepts -g
configure:2587: gcc -c -g  conftest.c >&5
configure:2593: $? = 0
configure:2596: test -z 			 || test ! -s conftest.err
configure:2599: $? = 0
configure:2602: test -s conftest.o
configure:2605: $? = 0
configure:2616: result: yes
configure:2633: checking for gcc option to accept ANSI C
configure:2703: gcc  -c -g -O2  conftest.c >&5
configure:2709: $? = 0
configure:2712: test -z 			 || test ! -s conftest.err
configure:2715: $? = 0
configure:2718: test -s conftest.o
configure:2721: $? = 0
configure:2739: result: none needed
configure:2757: gcc -c -g -O2  conftest.c >&5
conftest.c:2: error: expected '=', ',', ';', 'asm' or '__attribute__' before 'me'
configure:2763: $? = 1
configure: failed program was:
| #ifndef __cplusplus
|   choke me
| #endif
configure:2895: checking dependency style of gcc
configure:2978: result: gcc3
configure:2997: checking for strerror in -lcposix
configure:3027: gcc -o conftest -g -O2   conftest.c -lcposix   >&5
/usr/bin/ld: cannot find -lcposix
collect2: ld returned 1 exit status
configure:3033: $? = 1
configure: failed program was:
| /* confdefs.h.  */
| 
| #define PACKAGE_NAME ""
| #define PACKAGE_TARNAME ""
| #define PACKAGE_VERSION ""
| #define PACKAGE_STRING ""
| #define PACKAGE_BUGREPORT ""
| #define PACKAGE "gsetroot"
| #define VERSION "1.1"
| /* end confdefs.h.  */
| 
| /* Override any gcc2 internal prototype to avoid an error.  */
| #ifdef __cplusplus
| extern "C"
| #endif
| /* We use char because int might match the return type of a gcc2
|    builtin and then its argument prototype would still apply.  */
| char strerror ();
| int
| main ()
| {
| strerror ();
|   ;
|   return 0;
| }
configure:3058: result: no
configure:3114: checking for gcc
configure:3140: result: gcc
configure:3384: checking for C compiler version
configure:3387: gcc --version </dev/null >&5
gcc (Ubuntu 4.4.1-4ubuntu9) 4.4.1
Copyright (C) 2009 Free Software Foundation, Inc.
This is free software; see the source for copying conditions.  There is NO
warranty; not even for MERCHANTABILITY or FITNESS FOR A PARTICULAR PURPOSE.

configure:3390: $? = 0
configure:3392: gcc -v </dev/null >&5
Using built-in specs.
Target: i486-linux-gnu
Configured with: ../src/configure -v --with-pkgversion='Ubuntu 4.4.1-4ubuntu9' --with-bugurl=file:///usr/share/doc/gcc-4.4/README.Bugs --enable-languages=c,c++,fortran,objc,obj-c++ --prefix=/usr --enable-shared --enable-multiarch --enable-linker-build-id --with-system-zlib --libexecdir=/usr/lib --without-included-gettext --enable-threads=posix --with-gxx-include-dir=/usr/include/c++/4.4 --program-suffix=-4.4 --enable-nls --enable-clocale=gnu --enable-libstdcxx-debug --enable-objc-gc --enable-targets=all --disable-werror --with-arch-32=i486 --with-tune=generic --enable-checking=release --build=i486-linux-gnu --host=i486-linux-gnu --target=i486-linux-gnu
Thread model: posix
gcc version 4.4.1 (Ubuntu 4.4.1-4ubuntu9) 
configure:3395: $? = 0
configure:3397: gcc -V </dev/null >&5
gcc: '-V' option must have argument
configure:3400: $? = 1
configure:3403: checking whether we are using the GNU C compiler
configure:3458: result: yes
configure:3464: checking whether gcc accepts -g
configure:3514: result: yes
configure:3531: checking for gcc option to accept ANSI C
configure:3637: result: none needed
configure:3655: gcc -c   conftest.c >&5
conftest.c:2: error: expected '=', ',', ';', 'asm' or '__attribute__' before 'me'
configure:3661: $? = 1
configure: failed program was:
| #ifndef __cplusplus
|   choke me
| #endif
configure:3793: checking dependency style of gcc
configure:3876: result: gcc3
configure:3896: checking for gcc option to accept ANSI C
configure:3959: gcc  -c   conftest.c >&5
configure:3965: $? = 0
configure:3968: test -z 			 || test ! -s conftest.err
configure:3971: $? = 0
configure:3974: test -s conftest.o
configure:3977: $? = 0
configure:3992: result: none needed
configure:4008: checking how to run the C preprocessor
configure:4043: gcc -E  conftest.c
configure:4049: $? = 0
configure:4081: gcc -E  conftest.c
conftest.c:11:28: error: ac_nonexistent.h: No such file or directory
configure:4087: $? = 1
configure: failed program was:
| /* confdefs.h.  */
| 
| #define PACKAGE_NAME ""
| #define PACKAGE_TARNAME ""
| #define PACKAGE_VERSION ""
| #define PACKAGE_STRING ""
| #define PACKAGE_BUGREPORT ""
| #define PACKAGE "gsetroot"
| #define VERSION "1.1"
| /* end confdefs.h.  */
| #include <ac_nonexistent.h>
configure:4126: result: gcc -E
configure:4150: gcc -E  conftest.c
configure:4156: $? = 0
configure:4188: gcc -E  conftest.c
conftest.c:11:28: error: ac_nonexistent.h: No such file or directory
configure:4194: $? = 1
configure: failed program was:
| /* confdefs.h.  */
| 
| #define PACKAGE_NAME ""
| #define PACKAGE_TARNAME ""
| #define PACKAGE_VERSION ""
| #define PACKAGE_STRING ""
| #define PACKAGE_BUGREPORT ""
| #define PACKAGE "gsetroot"
| #define VERSION "1.1"
| /* end confdefs.h.  */
| #include <ac_nonexistent.h>
configure:4238: checking for egrep
configure:4248: result: grep -E
configure:4253: checking for ANSI C header files
configure:4278: gcc -c   conftest.c >&5
configure:4284: $? = 0
configure:4287: test -z 			 || test ! -s conftest.err
configure:4290: $? = 0
configure:4293: test -s conftest.o
configure:4296: $? = 0
configure:4385: gcc -o conftest    conftest.c  >&5
conftest.c: In function 'main':
conftest.c:28: warning: incompatible implicit declaration of built-in function 'exit'
configure:4388: $? = 0
configure:4390: ./conftest
configure:4393: $? = 0
configure:4408: result: yes
configure:4496: checking build system type
configure:4514: result: i686-pc-linux-gnu
configure:4522: checking host system type
configure:4536: result: i686-pc-linux-gnu
configure:4544: checking for a sed that does not truncate output
configure:4598: result: /bin/sed
configure:4612: checking for ld used by gcc
configure:4679: result: /usr/bin/ld
configure:4688: checking if the linker (/usr/bin/ld) is GNU ld
configure:4703: result: yes
configure:4708: checking for /usr/bin/ld option to reload object files
configure:4715: result: -r
configure:4724: checking for BSD-compatible nm
configure:4766: result: /usr/bin/nm -B
configure:4770: checking whether ln -s works
configure:4774: result: yes
configure:4781: checking how to recognise dependent libraries
configure:4955: result: pass_all
configure:5176: checking for sys/types.h
configure:5192: gcc -c   conftest.c >&5
configure:5198: $? = 0
configure:5201: test -z 			 || test ! -s conftest.err
configure:5204: $? = 0
configure:5207: test -s conftest.o
configure:5210: $? = 0
configure:5221: result: yes
configure:5176: checking for sys/stat.h
configure:5192: gcc -c   conftest.c >&5
configure:5198: $? = 0
configure:5201: test -z 			 || test ! -s conftest.err
configure:5204: $? = 0
configure:5207: test -s conftest.o
configure:5210: $? = 0
configure:5221: result: yes
configure:5176: checking for stdlib.h
configure:5192: gcc -c   conftest.c >&5
configure:5198: $? = 0
configure:5201: test -z 			 || test ! -s conftest.err
configure:5204: $? = 0
configure:5207: test -s conftest.o
configure:5210: $? = 0
configure:5221: result: yes
configure:5176: checking for string.h
configure:5192: gcc -c   conftest.c >&5
configure:5198: $? = 0
configure:5201: test -z 			 || test ! -s conftest.err
configure:5204: $? = 0
configure:5207: test -s conftest.o
configure:5210: $? = 0
configure:5221: result: yes
configure:5176: checking for memory.h
configure:5192: gcc -c   conftest.c >&5
configure:5198: $? = 0
configure:5201: test -z 			 || test ! -s conftest.err
configure:5204: $? = 0
configure:5207: test -s conftest.o
configure:5210: $? = 0
configure:5221: result: yes
configure:5176: checking for strings.h
configure:5192: gcc -c   conftest.c >&5
configure:5198: $? = 0
configure:5201: test -z 			 || test ! -s conftest.err
configure:5204: $? = 0
configure:5207: test -s conftest.o
configure:5210: $? = 0
configure:5221: result: yes
configure:5176: checking for inttypes.h
configure:5192: gcc -c   conftest.c >&5
configure:5198: $? = 0
configure:5201: test -z 			 || test ! -s conftest.err
configure:5204: $? = 0
configure:5207: test -s conftest.o
configure:5210: $? = 0
configure:5221: result: yes
configure:5176: checking for stdint.h
configure:5192: gcc -c   conftest.c >&5
configure:5198: $? = 0
configure:5201: test -z 			 || test ! -s conftest.err
configure:5204: $? = 0
configure:5207: test -s conftest.o
configure:5210: $? = 0
configure:5221: result: yes
configure:5176: checking for unistd.h
configure:5192: gcc -c   conftest.c >&5
configure:5198: $? = 0
configure:5201: test -z 			 || test ! -s conftest.err
configure:5204: $? = 0
configure:5207: test -s conftest.o
configure:5210: $? = 0
configure:5221: result: yes
configure:5247: checking dlfcn.h usability
configure:5259: gcc -c   conftest.c >&5
configure:5265: $? = 0
configure:5268: test -z 			 || test ! -s conftest.err
configure:5271: $? = 0
configure:5274: test -s conftest.o
configure:5277: $? = 0
configure:5287: result: yes
configure:5291: checking dlfcn.h presence
configure:5301: gcc -E  conftest.c
configure:5307: $? = 0
configure:5327: result: yes
configure:5362: checking for dlfcn.h
configure:5369: result: yes
configure:5434: checking for g++
configure:5450: found /usr/bin/g++
configure:5460: result: g++
configure:5476: checking for C++ compiler version
configure:5479: g++ --version </dev/null >&5
g++ (Ubuntu 4.4.1-4ubuntu9) 4.4.1
Copyright (C) 2009 Free Software Foundation, Inc.
This is free software; see the source for copying conditions.  There is NO
warranty; not even for MERCHANTABILITY or FITNESS FOR A PARTICULAR PURPOSE.

configure:5482: $? = 0
configure:5484: g++ -v </dev/null >&5
Using built-in specs.
Target: i486-linux-gnu
Configured with: ../src/configure -v --with-pkgversion='Ubuntu 4.4.1-4ubuntu9' --with-bugurl=file:///usr/share/doc/gcc-4.4/README.Bugs --enable-languages=c,c++,fortran,objc,obj-c++ --prefix=/usr --enable-shared --enable-multiarch --enable-linker-build-id --with-system-zlib --libexecdir=/usr/lib --without-included-gettext --enable-threads=posix --with-gxx-include-dir=/usr/include/c++/4.4 --program-suffix=-4.4 --enable-nls --enable-clocale=gnu --enable-libstdcxx-debug --enable-objc-gc --enable-targets=all --disable-werror --with-arch-32=i486 --with-tune=generic --enable-checking=release --build=i486-linux-gnu --host=i486-linux-gnu --target=i486-linux-gnu
Thread model: posix
gcc version 4.4.1 (Ubuntu 4.4.1-4ubuntu9) 
configure:5487: $? = 0
configure:5489: g++ -V </dev/null >&5
g++: '-V' option must have argument
configure:5492: $? = 1
configure:5495: checking whether we are using the GNU C++ compiler
configure:5519: g++ -c   conftest.cc >&5
configure:5525: $? = 0
configure:5528: test -z 			 || test ! -s conftest.err
configure:5531: $? = 0
configure:5534: test -s conftest.o
configure:5537: $? = 0
configure:5550: result: yes
configure:5556: checking whether g++ accepts -g
configure:5577: g++ -c -g  conftest.cc >&5
configure:5583: $? = 0
configure:5586: test -z 			 || test ! -s conftest.err
configure:5589: $? = 0
configure:5592: test -s conftest.o
configure:5595: $? = 0
configure:5606: result: yes
configure:5648: g++ -c -g -O2  conftest.cc >&5
configure:5654: $? = 0
configure:5657: test -z 			 || test ! -s conftest.err
configure:5660: $? = 0
configure:5663: test -s conftest.o
configure:5666: $? = 0
configure:5692: g++ -c -g -O2  conftest.cc >&5
conftest.cc: In function 'int main()':
conftest.cc:26: error: 'exit' was not declared in this scope
configure:5698: $? = 1
configure: failed program was:
| /* confdefs.h.  */
| 
| #define PACKAGE_NAME ""
| #define PACKAGE_TARNAME ""
| #define PACKAGE_VERSION ""
| #define PACKAGE_STRING ""
| #define PACKAGE_BUGREPORT ""
| #define PACKAGE "gsetroot"
| #define VERSION "1.1"
| #define STDC_HEADERS 1
| #define HAVE_SYS_TYPES_H 1
| #define HAVE_SYS_STAT_H 1
| #define HAVE_STDLIB_H 1
| #define HAVE_STRING_H 1
| #define HAVE_MEMORY_H 1
| #define HAVE_STRINGS_H 1
| #define HAVE_INTTYPES_H 1
| #define HAVE_STDINT_H 1
| #define HAVE_UNISTD_H 1
| #define HAVE_DLFCN_H 1
| /* end confdefs.h.  */
| 
| int
| main ()
| {
| exit (42);
|   ;
|   return 0;
| }
configure:5648: g++ -c -g -O2  conftest.cc >&5
conftest.cc:22: error: 'void std::exit(int)' should have been declared inside 'std'
configure:5654: $? = 1
configure: failed program was:
| /* confdefs.h.  */
| 
| #define PACKAGE_NAME ""
| #define PACKAGE_TARNAME ""
| #define PACKAGE_VERSION ""
| #define PACKAGE_STRING ""
| #define PACKAGE_BUGREPORT ""
| #define PACKAGE "gsetroot"
| #define VERSION "1.1"
| #define STDC_HEADERS 1
| #define HAVE_SYS_TYPES_H 1
| #define HAVE_SYS_STAT_H 1
| #define HAVE_STDLIB_H 1
| #define HAVE_STRING_H 1
| #define HAVE_MEMORY_H 1
| #define HAVE_STRINGS_H 1
| #define HAVE_INTTYPES_H 1
| #define HAVE_STDINT_H 1
| #define HAVE_UNISTD_H 1
| #define HAVE_DLFCN_H 1
| /* end confdefs.h.  */
| extern "C" void std::exit (int) throw (); using std::exit;
| #include <stdlib.h>
| int
| main ()
| {
| exit (42);
|   ;
|   return 0;
| }
configure:5648: g++ -c -g -O2  conftest.cc >&5
conftest.cc:22: error: 'void std::exit(int)' should have been declared inside 'std'
In file included from conftest.cc:23:
/usr/include/stdlib.h:543: error: declaration of 'void std::exit(int) throw ()' throws different exceptions
conftest.cc:22: error: from previous declaration 'void std::exit(int)'
configure:5654: $? = 1
configure: failed program was:
| /* confdefs.h.  */
| 
| #define PACKAGE_NAME ""
| #define PACKAGE_TARNAME ""
| #define PACKAGE_VERSION ""
| #define PACKAGE_STRING ""
| #define PACKAGE_BUGREPORT ""
| #define PACKAGE "gsetroot"
| #define VERSION "1.1"
| #define STDC_HEADERS 1
| #define HAVE_SYS_TYPES_H 1
| #define HAVE_SYS_STAT_H 1
| #define HAVE_STDLIB_H 1
| #define HAVE_STRING_H 1
| #define HAVE_MEMORY_H 1
| #define HAVE_STRINGS_H 1
| #define HAVE_INTTYPES_H 1
| #define HAVE_STDINT_H 1
| #define HAVE_UNISTD_H 1
| #define HAVE_DLFCN_H 1
| /* end confdefs.h.  */
| extern "C" void std::exit (int); using std::exit;
| #include <stdlib.h>
| int
| main ()
| {
| exit (42);
|   ;
|   return 0;
| }
configure:5648: g++ -c -g -O2  conftest.cc >&5
configure:5654: $? = 0
configure:5657: test -z 			 || test ! -s conftest.err
configure:5660: $? = 0
configure:5663: test -s conftest.o
configure:5666: $? = 0
configure:5692: g++ -c -g -O2  conftest.cc >&5
configure:5698: $? = 0
configure:5701: test -z 			 || test ! -s conftest.err
configure:5704: $? = 0
configure:5707: test -s conftest.o
configure:5710: $? = 0
configure:5735: checking dependency style of g++
configure:5818: result: gcc3
configure:5840: checking how to run the C++ preprocessor
configure:5871: g++ -E  conftest.cc
configure:5877: $? = 0
configure:5909: g++ -E  conftest.cc
conftest.cc:25:28: error: ac_nonexistent.h: No such file or directory
configure:5915: $? = 1
configure: failed program was:
| /* confdefs.h.  */
| 
| #define PACKAGE_NAME ""
| #define PACKAGE_TARNAME ""
| #define PACKAGE_VERSION ""
| #define PACKAGE_STRING ""
| #define PACKAGE_BUGREPORT ""
| #define PACKAGE "gsetroot"
| #define VERSION "1.1"
| #define STDC_HEADERS 1
| #define HAVE_SYS_TYPES_H 1
| #define HAVE_SYS_STAT_H 1
| #define HAVE_STDLIB_H 1
| #define HAVE_STRING_H 1
| #define HAVE_MEMORY_H 1
| #define HAVE_STRINGS_H 1
| #define HAVE_INTTYPES_H 1
| #define HAVE_STDINT_H 1
| #define HAVE_UNISTD_H 1
| #define HAVE_DLFCN_H 1
| #ifdef __cplusplus
| extern "C" void exit (int) throw ();
| #endif
| /* end confdefs.h.  */
| #include <ac_nonexistent.h>
configure:5954: result: g++ -E
configure:5978: g++ -E  conftest.cc
configure:5984: $? = 0
configure:6016: g++ -E  conftest.cc
conftest.cc:25:28: error: ac_nonexistent.h: No such file or directory
configure:6022: $? = 1
configure: failed program was:
| /* confdefs.h.  */
| 
| #define PACKAGE_NAME ""
| #define PACKAGE_TARNAME ""
| #define PACKAGE_VERSION ""
| #define PACKAGE_STRING ""
| #define PACKAGE_BUGREPORT ""
| #define PACKAGE "gsetroot"
| #define VERSION "1.1"
| #define STDC_HEADERS 1
| #define HAVE_SYS_TYPES_H 1
| #define HAVE_SYS_STAT_H 1
| #define HAVE_STDLIB_H 1
| #define HAVE_STRING_H 1
| #define HAVE_MEMORY_H 1
| #define HAVE_STRINGS_H 1
| #define HAVE_INTTYPES_H 1
| #define HAVE_STDINT_H 1
| #define HAVE_UNISTD_H 1
| #define HAVE_DLFCN_H 1
| #ifdef __cplusplus
| extern "C" void exit (int) throw ();
| #endif
| /* end confdefs.h.  */
| #include <ac_nonexistent.h>
configure:6117: checking for g77
configure:6146: result: no
configure:6117: checking for f77
configure:6146: result: no
configure:6117: checking for xlf
configure:6146: result: no
configure:6117: checking for frt
configure:6146: result: no
configure:6117: checking for pgf77
configure:6146: result: no
configure:6117: checking for fort77
configure:6146: result: no
configure:6117: checking for fl32
configure:6146: result: no
configure:6117: checking for af77
configure:6146: result: no
configure:6117: checking for f90
configure:6146: result: no
configure:6117: checking for xlf90
configure:6146: result: no
configure:6117: checking for pgf90
configure:6146: result: no
configure:6117: checking for epcf90
configure:6146: result: no
configure:6117: checking for f95
configure:6146: result: no
configure:6117: checking for fort
configure:6146: result: no
configure:6117: checking for xlf95
configure:6146: result: no
configure:6117: checking for ifc
configure:6146: result: no
configure:6117: checking for efc
configure:6146: result: no
configure:6117: checking for pgf95
configure:6146: result: no
configure:6117: checking for lf95
configure:6146: result: no
configure:6117: checking for gfortran
configure:6146: result: no
configure:6158: checking for Fortran 77 compiler version
configure:6161:  --version </dev/null >&5
./configure: line 6162: --version: command not found
configure:6164: $? = 127
configure:6166:  -v </dev/null >&5
./configure: line 6167: -v: command not found
configure:6169: $? = 127
configure:6171:  -V </dev/null >&5
./configure: line 6172: -V: command not found
configure:6174: $? = 127
configure:6182: checking whether we are using the GNU Fortran 77 compiler
configure:6196:  -c  conftest.F >&5
./configure: line 6197: -c: command not found
configure:6202: $? = 127
configure: failed program was:
|       program main
| #ifndef __GNUC__
|        choke me
| #endif
| 
|       end
configure:6227: result: no
configure:6233: checking whether  accepts -g
configure:6245:  -c -g conftest.f >&5
./configure: line 6246: -c: command not found
configure:6251: $? = 127
configure: failed program was:
|       program main
| 
|       end
configure:6275: result: no
configure:6305: checking the maximum length of command line arguments
configure:6370: result: 32768
configure:6381: checking command to parse /usr/bin/nm -B output from gcc object
configure:6470: gcc -c   conftest.c >&5
configure:6473: $? = 0
configure:6477: /usr/bin/nm -B conftest.o \| sed -n -e 's/^.*[ 	]\([ABCDGIRSTW][ABCDGIRSTW]*\)[ 	][ 	]*\(\)\([_A-Za-z][_A-Za-z0-9]*\)$/\1 \2\3 \3/p' \> conftest.nm
configure:6480: $? = 0
configure:6532: gcc -o conftest    conftest.c conftstm.o >&5
configure:6535: $? = 0
configure:6573: result: ok
configure:6577: checking for objdir
configure:6592: result: .libs
configure:6682: checking for ar
configure:6698: found /usr/bin/ar
configure:6709: result: ar
configure:6762: checking for ranlib
configure:6778: found /usr/bin/ranlib
configure:6789: result: ranlib
configure:6842: checking for strip
configure:6858: found /usr/bin/strip
configure:6869: result: strip
configure:7131: checking if gcc static flag  works
configure:7154: result: yes
configure:7172: checking if gcc supports -fno-rtti -fno-exceptions
configure:7190: gcc -c   -fno-rtti -fno-exceptions conftest.c >&5
cc1: warning: command line option "-fno-rtti" is valid for C++/ObjC++ but not for C
configure:7194: $? = 0
configure:7205: result: no
configure:7220: checking for gcc option to produce PIC
configure:7397: result: -fPIC
configure:7405: checking if gcc PIC flag -fPIC works
configure:7423: gcc -c   -fPIC -DPIC conftest.c >&5
configure:7427: $? = 0
configure:7438: result: yes
configure:7462: checking if gcc supports -c -o file.o
configure:7483: gcc -c   -o out/conftest2.o conftest.c >&5
configure:7487: $? = 0
configure:7507: result: yes
configure:7533: checking whether the gcc linker (/usr/bin/ld) supports shared libraries
configure:8380: result: yes
configure:8406: checking whether -lc should be explicitly linked in
configure:8411: gcc -c   conftest.c >&5
configure:8414: $? = 0
configure:8428: gcc -shared conftest.o  -v -Wl,-soname -Wl,conftest -o conftest 2\>\&1 \| grep  -lc  \>/dev/null 2\>\&1
configure:8431: $? = 0
configure:8443: result: no
configure:8451: checking dynamic linker characteristics
configure:9003: result: GNU/Linux ld.so
configure:9007: checking how to hardcode library paths into programs
configure:9032: result: immediate
configure:9046: checking whether stripping libraries is possible
configure:9051: result: yes
configure:9874: checking if libtool supports shared libraries
configure:9876: result: yes
configure:9879: checking whether to build shared libraries
configure:9937: result: yes
configure:9940: checking whether to build static libraries
configure:9944: result: yes
configure:10036: creating libtool
configure:10583: checking for ld used by g++
configure:10650: result: /usr/bin/ld
configure:10659: checking if the linker (/usr/bin/ld) is GNU ld
configure:10674: result: yes
configure:10725: checking whether the g++ linker (/usr/bin/ld) supports shared libraries
configure:11551: result: yes
configure:11569: g++ -c -g -O2  conftest.cc >&5
configure:11572: $? = 0
configure:11668: checking for g++ option to produce PIC
configure:11920: result: -fPIC
configure:11928: checking if g++ PIC flag -fPIC works
configure:11946: g++ -c -g -O2  -fPIC -DPIC conftest.cc >&5
configure:11950: $? = 0
configure:11961: result: yes
configure:11985: checking if g++ supports -c -o file.o
configure:12006: g++ -c -g -O2  -o out/conftest2.o conftest.cc >&5
configure:12010: $? = 0
configure:12030: result: yes
configure:12056: checking whether the g++ linker (/usr/bin/ld) supports shared libraries
configure:12084: result: yes
configure:12155: checking dynamic linker characteristics
configure:12707: result: GNU/Linux ld.so
configure:12711: checking how to hardcode library paths into programs
configure:12736: result: immediate
configure:12750: checking whether stripping libraries is possible
configure:12755: result: yes
configure:20004: checking for pkg-config
configure:20022: found /usr/bin/pkg-config
configure:20035: result: /usr/bin/pkg-config
configure:20052: checking for gtk+-2.0 gdk-2.0

## ---------------- ##
## Cache variables. ##
## ---------------- ##

ac_cv_build=i686-pc-linux-gnu
ac_cv_build_alias=i686-pc-linux-gnu
ac_cv_c_compiler_gnu=yes
ac_cv_cxx_compiler_gnu=yes
ac_cv_env_CC_set=
ac_cv_env_CC_value=
ac_cv_env_CFLAGS_set=
ac_cv_env_CFLAGS_value=
ac_cv_env_CPPFLAGS_set=
ac_cv_env_CPPFLAGS_value=
ac_cv_env_CPP_set=
ac_cv_env_CPP_value=
ac_cv_env_CXXCPP_set=
ac_cv_env_CXXCPP_value=
ac_cv_env_CXXFLAGS_set=
ac_cv_env_CXXFLAGS_value=
ac_cv_env_CXX_set=
ac_cv_env_CXX_value=
ac_cv_env_F77_set=
ac_cv_env_F77_value=
ac_cv_env_FFLAGS_set=
ac_cv_env_FFLAGS_value=
ac_cv_env_LDFLAGS_set=
ac_cv_env_LDFLAGS_value=
ac_cv_env_build_alias_set=
ac_cv_env_build_alias_value=
ac_cv_env_host_alias_set=
ac_cv_env_host_alias_value=
ac_cv_env_target_alias_set=
ac_cv_env_target_alias_value=
ac_cv_exeext=
ac_cv_f77_compiler_gnu=no
ac_cv_header_dlfcn_h=yes
ac_cv_header_inttypes_h=yes
ac_cv_header_memory_h=yes
ac_cv_header_stdc=yes
ac_cv_header_stdint_h=yes
ac_cv_header_stdlib_h=yes
ac_cv_header_string_h=yes
ac_cv_header_strings_h=yes
ac_cv_header_sys_stat_h=yes
ac_cv_header_sys_types_h=yes
ac_cv_header_unistd_h=yes
ac_cv_host=i686-pc-linux-gnu
ac_cv_host_alias=i686-pc-linux-gnu
ac_cv_lib_cposix_strerror=no
ac_cv_objext=o
ac_cv_path_PKG_CONFIG=/usr/bin/pkg-config
ac_cv_path_install='/usr/bin/install -c'
ac_cv_prog_AWK=gawk
ac_cv_prog_CPP='gcc -E'
ac_cv_prog_CXXCPP='g++ -E'
ac_cv_prog_ac_ct_AR=ar
ac_cv_prog_ac_ct_CC=gcc
ac_cv_prog_ac_ct_CXX=g++
ac_cv_prog_ac_ct_RANLIB=ranlib
ac_cv_prog_ac_ct_STRIP=strip
ac_cv_prog_cc_g=yes
ac_cv_prog_cc_stdc=
ac_cv_prog_cxx_g=yes
ac_cv_prog_egrep='grep -E'
ac_cv_prog_f77_g=no
ac_cv_prog_make_make_set=yes
am_cv_CC_dependencies_compiler_type=gcc3
am_cv_CXX_dependencies_compiler_type=gcc3
am_cv_prog_cc_stdc=
lt_cv_deplibs_check_method=pass_all
lt_cv_file_magic_cmd='$MAGIC_CMD'
lt_cv_file_magic_test_file=
lt_cv_ld_reload_flag=-r
lt_cv_objdir=.libs
lt_cv_path_LD=/usr/bin/ld
lt_cv_path_LDCXX=/usr/bin/ld
lt_cv_path_NM='/usr/bin/nm -B'
lt_cv_path_SED=/bin/sed
lt_cv_prog_compiler_c_o=yes
lt_cv_prog_compiler_c_o_CXX=yes
lt_cv_prog_compiler_rtti_exceptions=no
lt_cv_prog_gnu_ld=yes
lt_cv_prog_gnu_ldcxx=yes
lt_cv_sys_global_symbol_pipe='sed -n -e '\''s/^.*[ 	]\([ABCDGIRSTW][ABCDGIRSTW]*\)[ 	][ 	]*\(\)\([_A-Za-z][_A-Za-z0-9]*\)$/\1 \2\3 \3/p'\'''
lt_cv_sys_global_symbol_to_c_name_address='sed -n -e '\''s/^: \([^ ]*\) $/  {\"\1\", (lt_ptr) 0},/p'\'' -e '\''s/^[BCDEGRST] \([^ ]*\) \([^ ]*\)$/  {"\2", (lt_ptr) \&\2},/p'\'''
lt_cv_sys_global_symbol_to_cdecl='sed -n -e '\''s/^. .* \(.*\)$/extern int \1;/p'\'''
lt_cv_sys_max_cmd_len=32768
lt_lt_cv_prog_compiler_c_o='"yes"'
lt_lt_cv_prog_compiler_c_o_CXX='"yes"'
lt_lt_cv_sys_global_symbol_pipe='"sed -n -e '\''s/^.*[ 	]\\([ABCDGIRSTW][ABCDGIRSTW]*\\)[ 	][ 	]*\\(\\)\\([_A-Za-z][_A-Za-z0-9]*\\)\$/\\1 \\2\\3 \\3/p'\''"'
lt_lt_cv_sys_global_symbol_to_c_name_address='"sed -n -e '\''s/^: \\([^ ]*\\) \$/  {\\\"\\1\\\", (lt_ptr) 0},/p'\'' -e '\''s/^[BCDEGRST] \\([^ ]*\\) \\([^ ]*\\)\$/  {\"\\2\", (lt_ptr) \\&\\2},/p'\''"'
lt_lt_cv_sys_global_symbol_to_cdecl='"sed -n -e '\''s/^. .* \\(.*\\)\$/extern int \\1;/p'\''"'

## ----------------- ##
## Output variables. ##
## ----------------- ##

ACLOCAL='${SHELL} /home/awross/Downloads/installs/gsetroot-1.1/missing --run aclocal-1.7'
ALLOCA=''
AMDEPBACKSLASH='\'
AMDEP_FALSE='#'
AMDEP_TRUE=''
AMTAR='${SHELL} /home/awross/Downloads/installs/gsetroot-1.1/missing --run tar'
AR='ar'
AUTOCONF='${SHELL} /home/awross/Downloads/installs/gsetroot-1.1/missing --run autoconf'
AUTOHEADER='${SHELL} /home/awross/Downloads/installs/gsetroot-1.1/missing --run autoheader'
AUTOMAKE='${SHELL} /home/awross/Downloads/installs/gsetroot-1.1/missing --run automake-1.7'
AWK='gawk'
BUILD_INCLUDED_LIBINTL=''
CATALOGS=''
CATOBJEXT=''
CC='gcc'
CCDEPMODE='depmode=gcc3'
CFLAGS=''
CPP='gcc -E'
CPPFLAGS=''
CXX='g++'
CXXCPP='g++ -E'
CXXDEPMODE='depmode=gcc3'
CXXFLAGS='-g -O2'
CYGPATH_W='echo'
DATADIRNAME=''
DEFS=''
DEPDIR='.deps'
ECHO='echo'
ECHO_C=''
ECHO_N='-n'
ECHO_T=''
EGREP='grep -E'
EXEEXT=''
F77=''
FFLAGS=''
GENCAT=''
GETTEXT_PACKAGE=''
GLIBC21=''
GMOFILES=''
GMSGFMT=''
GTK_CFLAGS=''
GTK_LIBS=''
INSTALL_DATA='${INSTALL} -m 644'
INSTALL_PROGRAM='${INSTALL}'
INSTALL_SCRIPT='${INSTALL}'
INSTALL_STRIP_PROGRAM='${SHELL} $(install_sh) -c -s'
INSTOBJEXT=''
INTLBISON=''
INTLLIBS=''
INTLOBJS=''
INTL_LIBTOOL_SUFFIX_PREFIX=''
LDFLAGS=''
LIBICONV=''
LIBOBJS=''
LIBS=''
LIBTOOL='$(SHELL) $(top_builddir)/libtool'
LN_S='ln -s'
LTLIBOBJS=''
MAKEINFO='${SHELL} /home/awross/Downloads/installs/gsetroot-1.1/missing --run makeinfo'
MKINSTALLDIRS=''
MSGFMT=''
NO_PREFIX_PACKAGE_DATA_DIR=''
NO_PREFIX_PACKAGE_DOC_DIR=''
NO_PREFIX_PACKAGE_HELP_DIR=''
NO_PREFIX_PACKAGE_MENU_DIR=''
NO_PREFIX_PACKAGE_PIXMAPS_DIR=''
OBJEXT='o'
PACKAGE='gsetroot'
PACKAGE_BUGREPORT=''
PACKAGE_DATA_DIR=''
PACKAGE_DOC_DIR=''
PACKAGE_HELP_DIR=''
PACKAGE_MENU_DIR=''
PACKAGE_NAME=''
PACKAGE_PIXMAPS_DIR=''
PACKAGE_STRING=''
PACKAGE_TARNAME=''
PACKAGE_VERSION=''
PATH_SEPARATOR=':'
PKG_CONFIG='/usr/bin/pkg-config'
POFILES=''
POSUB=''
RANLIB='ranlib'
SET_MAKE=''
SHELL='/bin/bash'
STRIP='strip'
USE_INCLUDED_LIBINTL=''
USE_NLS=''
VERSION='1.1'
XGETTEXT=''
ac_ct_AR='ar'
ac_ct_CC='gcc'
ac_ct_CXX='g++'
ac_ct_F77=''
ac_ct_RANLIB='ranlib'
ac_ct_STRIP='strip'
am__fastdepCC_FALSE='#'
am__fastdepCC_TRUE=''
am__fastdepCXX_FALSE='#'
am__fastdepCXX_TRUE=''
am__include='include'
am__leading_dot='.'
am__quote=''
bindir='${exec_prefix}/bin'
build='i686-pc-linux-gnu'
build_alias=''
build_cpu='i686'
build_os='linux-gnu'
build_vendor='pc'
datadir='${prefix}/share'
exec_prefix='NONE'
host='i686-pc-linux-gnu'
host_alias=''
host_cpu='i686'
host_os='linux-gnu'
host_vendor='pc'
includedir='${prefix}/include'
infodir='${prefix}/info'
install_sh='/home/awross/Downloads/installs/gsetroot-1.1/install-sh'
libdir='${exec_prefix}/lib'
libexecdir='${exec_prefix}/libexec'
localstatedir='${prefix}/var'
mandir='${prefix}/man'
oldincludedir='/usr/include'
prefix='NONE'
program_transform_name='s,x,x,'
sbindir='${exec_prefix}/sbin'
sharedstatedir='${prefix}/com'
sysconfdir='${prefix}/etc'
target_alias=''

## ----------- ##
## confdefs.h. ##
## ----------- ##

#define HAVE_DLFCN_H 1
#define HAVE_INTTYPES_H 1
#define HAVE_MEMORY_H 1
#define HAVE_STDINT_H 1
#define HAVE_STDLIB_H 1
#define HAVE_STRINGS_H 1
#define HAVE_STRING_H 1
#define HAVE_SYS_STAT_H 1
#define HAVE_SYS_TYPES_H 1
#define HAVE_UNISTD_H 1
#define PACKAGE "gsetroot"
#define PACKAGE_BUGREPORT ""
#define PACKAGE_NAME ""
#define PACKAGE_STRING ""
#define PACKAGE_TARNAME ""
#define PACKAGE_VERSION ""
#define STDC_HEADERS 1
#define VERSION "1.1"
#endif
#ifdef __cplusplus
extern "C" void exit (int) throw ();

configure: exit 1
