This file contains any messages produced by compilers while
running configure, to aid debugging if configure makes a mistake.

It was created by libg15 configure 1.2.7, which was
generated by GNU Autoconf 2.61.  Invocation command line was

  $ ./configure 

## --------- ##
## Platform. ##
## --------- ##

hostname = awross-desktop
uname -m = i686
uname -r = 2.6.31-19-generic-pae
uname -s = Linux
uname -v = #56-Ubuntu SMP Thu Jan 28 02:29:51 UTC 2010

/usr/bin/uname -p = unknown
/bin/uname -X     = unknown

/bin/arch              = unknown
/usr/bin/arch -k       = unknown
/usr/convex/getsysinfo = unknown
/usr/bin/hostinfo      = unknown
/bin/machine           = unknown
/usr/bin/oslevel       = unknown
/bin/universe          = unknown

PATH: /home/awross/bin
PATH: /home/awross/bin
PATH: /usr/local/sbin
PATH: /usr/local/bin
PATH: /usr/sbin
PATH: /usr/bin
PATH: /sbin
PATH: /bin
PATH: /usr/games


## ----------- ##
## Core tests. ##
## ----------- ##

configure:1979: checking build system type
configure:1997: result: i686-pc-linux-gnu
configure:2019: checking host system type
configure:2034: result: i686-pc-linux-gnu
configure:2056: checking target system type
configure:2071: result: i686-pc-linux-gnu
configure:2115: checking for a BSD-compatible install
configure:2171: result: /usr/bin/install -c
configure:2182: checking whether build environment is sane
configure:2225: result: yes
configure:2253: checking for a thread-safe mkdir -p
configure:2292: result: /bin/mkdir -p
configure:2305: checking for gawk
configure:2335: result: no
configure:2305: checking for mawk
configure:2321: found /usr/bin/mawk
configure:2332: result: mawk
configure:2343: checking whether make sets $(MAKE)
configure:2364: result: yes
configure:2605: checking for gcc
configure:2621: found /usr/bin/gcc
configure:2632: result: gcc
configure:2870: checking for C compiler version
configure:2877: gcc --version >&5
gcc (Ubuntu 4.4.1-4ubuntu9) 4.4.1
Copyright (C) 2009 Free Software Foundation, Inc.
This is free software; see the source for copying conditions.  There is NO
warranty; not even for MERCHANTABILITY or FITNESS FOR A PARTICULAR PURPOSE.

configure:2880: $? = 0
configure:2887: gcc -v >&5
Using built-in specs.
Target: i486-linux-gnu
Configured with: ../src/configure -v --with-pkgversion='Ubuntu 4.4.1-4ubuntu9' --with-bugurl=file:///usr/share/doc/gcc-4.4/README.Bugs --enable-languages=c,c++,fortran,objc,obj-c++ --prefix=/usr --enable-shared --enable-multiarch --enable-linker-build-id --with-system-zlib --libexecdir=/usr/lib --without-included-gettext --enable-threads=posix --with-gxx-include-dir=/usr/include/c++/4.4 --program-suffix=-4.4 --enable-nls --enable-clocale=gnu --enable-libstdcxx-debug --enable-objc-gc --enable-targets=all --disable-werror --with-arch-32=i486 --with-tune=generic --enable-checking=release --build=i486-linux-gnu --host=i486-linux-gnu --target=i486-linux-gnu
Thread model: posix
gcc version 4.4.1 (Ubuntu 4.4.1-4ubuntu9) 
configure:2890: $? = 0
configure:2897: gcc -V >&5
gcc: '-V' option must have argument
configure:2900: $? = 1
configure:2923: checking for C compiler default output file name
configure:2950: gcc    conftest.c  >&5
configure:2953: $? = 0
configure:2991: result: a.out
configure:3008: checking whether the C compiler works
configure:3018: ./a.out
configure:3021: $? = 0
configure:3038: result: yes
configure:3045: checking whether we are cross compiling
configure:3047: result: no
configure:3050: checking for suffix of executables
configure:3057: gcc -o conftest    conftest.c  >&5
configure:3060: $? = 0
configure:3084: result: 
configure:3090: checking for suffix of object files
configure:3116: gcc -c   conftest.c >&5
configure:3119: $? = 0
configure:3142: result: o
configure:3146: checking whether we are using the GNU C compiler
configure:3175: gcc -c   conftest.c >&5
configure:3181: $? = 0
configure:3198: result: yes
configure:3203: checking whether gcc accepts -g
configure:3233: gcc -c -g  conftest.c >&5
configure:3239: $? = 0
configure:3338: result: yes
configure:3355: checking for gcc option to accept ISO C89
configure:3429: gcc  -c -g -O2  conftest.c >&5
configure:3435: $? = 0
configure:3458: result: none needed
configure:3487: checking for style of include used by make
configure:3515: result: GNU
configure:3540: checking dependency style of gcc
configure:3631: result: gcc3
configure:3718: checking for a sed that does not truncate output
configure:3774: result: /bin/sed
configure:3777: checking for grep that handles long lines and -e
configure:3851: result: /bin/grep
configure:3856: checking for egrep
configure:3934: result: /bin/grep -E
configure:3950: checking for ld used by gcc
configure:4017: result: /usr/bin/ld
configure:4026: checking if the linker (/usr/bin/ld) is GNU ld
configure:4041: result: yes
configure:4046: checking for /usr/bin/ld option to reload object files
configure:4053: result: -r
configure:4071: checking for BSD-compatible nm
configure:4120: result: /usr/bin/nm -B
configure:4124: checking whether ln -s works
configure:4128: result: yes
configure:4135: checking how to recognize dependent libraries
configure:4321: result: pass_all
configure:4566: checking how to run the C preprocessor
configure:4606: gcc -E  conftest.c
configure:4612: $? = 0
configure:4643: gcc -E  conftest.c
conftest.c:10:28: error: ac_nonexistent.h: No such file or directory
configure:4649: $? = 1
configure: failed program was:
| /* confdefs.h.  */
| #define PACKAGE_NAME "libg15"
| #define PACKAGE_TARNAME "libg15"
| #define PACKAGE_VERSION "1.2.7"
| #define PACKAGE_STRING "libg15 1.2.7"
| #define PACKAGE_BUGREPORT "mlampard@users.sourceforge.net"
| #define PACKAGE "libg15"
| #define VERSION "1.2.7"
| /* end confdefs.h.  */
| #include <ac_nonexistent.h>
configure:4682: result: gcc -E
configure:4711: gcc -E  conftest.c
configure:4717: $? = 0
configure:4748: gcc -E  conftest.c
conftest.c:10:28: error: ac_nonexistent.h: No such file or directory
configure:4754: $? = 1
configure: failed program was:
| /* confdefs.h.  */
| #define PACKAGE_NAME "libg15"
| #define PACKAGE_TARNAME "libg15"
| #define PACKAGE_VERSION "1.2.7"
| #define PACKAGE_STRING "libg15 1.2.7"
| #define PACKAGE_BUGREPORT "mlampard@users.sourceforge.net"
| #define PACKAGE "libg15"
| #define VERSION "1.2.7"
| /* end confdefs.h.  */
| #include <ac_nonexistent.h>
configure:4792: checking for ANSI C header files
configure:4822: gcc -c -g -O2  conftest.c >&5
configure:4828: $? = 0
configure:4927: gcc -o conftest -g -O2   conftest.c  >&5
configure:4930: $? = 0
configure:4936: ./conftest
configure:4939: $? = 0
configure:4956: result: yes
configure:4980: checking for sys/types.h
configure:5001: gcc -c -g -O2  conftest.c >&5
configure:5007: $? = 0
configure:5023: result: yes
configure:4980: checking for sys/stat.h
configure:5001: gcc -c -g -O2  conftest.c >&5
configure:5007: $? = 0
configure:5023: result: yes
configure:4980: checking for stdlib.h
configure:5001: gcc -c -g -O2  conftest.c >&5
configure:5007: $? = 0
configure:5023: result: yes
configure:4980: checking for string.h
configure:5001: gcc -c -g -O2  conftest.c >&5
configure:5007: $? = 0
configure:5023: result: yes
configure:4980: checking for memory.h
configure:5001: gcc -c -g -O2  conftest.c >&5
configure:5007: $? = 0
configure:5023: result: yes
configure:4980: checking for strings.h
configure:5001: gcc -c -g -O2  conftest.c >&5
configure:5007: $? = 0
configure:5023: result: yes
configure:4980: checking for inttypes.h
configure:5001: gcc -c -g -O2  conftest.c >&5
configure:5007: $? = 0
configure:5023: result: yes
configure:4980: checking for stdint.h
configure:5001: gcc -c -g -O2  conftest.c >&5
configure:5007: $? = 0
configure:5023: result: yes
configure:4980: checking for unistd.h
configure:5001: gcc -c -g -O2  conftest.c >&5
configure:5007: $? = 0
configure:5023: result: yes
configure:5050: checking dlfcn.h usability
configure:5067: gcc -c -g -O2  conftest.c >&5
configure:5073: $? = 0
configure:5087: result: yes
configure:5091: checking dlfcn.h presence
configure:5106: gcc -E  conftest.c
configure:5112: $? = 0
configure:5126: result: yes
configure:5159: checking for dlfcn.h
configure:5167: result: yes
configure:5238: checking for g++
configure:5254: found /usr/bin/g++
configure:5265: result: g++
configure:5296: checking for C++ compiler version
configure:5303: g++ --version >&5
g++ (Ubuntu 4.4.1-4ubuntu9) 4.4.1
Copyright (C) 2009 Free Software Foundation, Inc.
This is free software; see the source for copying conditions.  There is NO
warranty; not even for MERCHANTABILITY or FITNESS FOR A PARTICULAR PURPOSE.

configure:5306: $? = 0
configure:5313: g++ -v >&5
Using built-in specs.
Target: i486-linux-gnu
Configured with: ../src/configure -v --with-pkgversion='Ubuntu 4.4.1-4ubuntu9' --with-bugurl=file:///usr/share/doc/gcc-4.4/README.Bugs --enable-languages=c,c++,fortran,objc,obj-c++ --prefix=/usr --enable-shared --enable-multiarch --enable-linker-build-id --with-system-zlib --libexecdir=/usr/lib --without-included-gettext --enable-threads=posix --with-gxx-include-dir=/usr/include/c++/4.4 --program-suffix=-4.4 --enable-nls --enable-clocale=gnu --enable-libstdcxx-debug --enable-objc-gc --enable-targets=all --disable-werror --with-arch-32=i486 --with-tune=generic --enable-checking=release --build=i486-linux-gnu --host=i486-linux-gnu --target=i486-linux-gnu
Thread model: posix
gcc version 4.4.1 (Ubuntu 4.4.1-4ubuntu9) 
configure:5316: $? = 0
configure:5323: g++ -V >&5
g++: '-V' option must have argument
configure:5326: $? = 1
configure:5329: checking whether we are using the GNU C++ compiler
configure:5358: g++ -c   conftest.cpp >&5
configure:5364: $? = 0
configure:5381: result: yes
configure:5386: checking whether g++ accepts -g
configure:5416: g++ -c -g  conftest.cpp >&5
configure:5422: $? = 0
configure:5521: result: yes
configure:5546: checking dependency style of g++
configure:5637: result: gcc3
configure:5662: checking how to run the C++ preprocessor
configure:5698: g++ -E  conftest.cpp
configure:5704: $? = 0
configure:5735: g++ -E  conftest.cpp
conftest.cpp:21:28: error: ac_nonexistent.h: No such file or directory
configure:5741: $? = 1
configure: failed program was:
| /* confdefs.h.  */
| #define PACKAGE_NAME "libg15"
| #define PACKAGE_TARNAME "libg15"
| #define PACKAGE_VERSION "1.2.7"
| #define PACKAGE_STRING "libg15 1.2.7"
| #define PACKAGE_BUGREPORT "mlampard@users.sourceforge.net"
| #define PACKAGE "libg15"
| #define VERSION "1.2.7"
| #define STDC_HEADERS 1
| #define HAVE_SYS_TYPES_H 1
| #define HAVE_SYS_STAT_H 1
| #define HAVE_STDLIB_H 1
| #define HAVE_STRING_H 1
| #define HAVE_MEMORY_H 1
| #define HAVE_STRINGS_H 1
| #define HAVE_INTTYPES_H 1
| #define HAVE_STDINT_H 1
| #define HAVE_UNISTD_H 1
| #define HAVE_DLFCN_H 1
| /* end confdefs.h.  */
| #include <ac_nonexistent.h>
configure:5774: result: g++ -E
configure:5803: g++ -E  conftest.cpp
configure:5809: $? = 0
configure:5840: g++ -E  conftest.cpp
conftest.cpp:21:28: error: ac_nonexistent.h: No such file or directory
configure:5846: $? = 1
configure: failed program was:
| /* confdefs.h.  */
| #define PACKAGE_NAME "libg15"
| #define PACKAGE_TARNAME "libg15"
| #define PACKAGE_VERSION "1.2.7"
| #define PACKAGE_STRING "libg15 1.2.7"
| #define PACKAGE_BUGREPORT "mlampard@users.sourceforge.net"
| #define PACKAGE "libg15"
| #define VERSION "1.2.7"
| #define STDC_HEADERS 1
| #define HAVE_SYS_TYPES_H 1
| #define HAVE_SYS_STAT_H 1
| #define HAVE_STDLIB_H 1
| #define HAVE_STRING_H 1
| #define HAVE_MEMORY_H 1
| #define HAVE_STRINGS_H 1
| #define HAVE_INTTYPES_H 1
| #define HAVE_STDINT_H 1
| #define HAVE_UNISTD_H 1
| #define HAVE_DLFCN_H 1
| /* end confdefs.h.  */
| #include <ac_nonexistent.h>
configure:5939: checking for g77
configure:5969: result: no
configure:5939: checking for xlf
configure:5969: result: no
configure:5939: checking for f77
configure:5969: result: no
configure:5939: checking for frt
configure:5969: result: no
configure:5939: checking for pgf77
configure:5969: result: no
configure:5939: checking for cf77
configure:5969: result: no
configure:5939: checking for fort77
configure:5969: result: no
configure:5939: checking for fl32
configure:5969: result: no
configure:5939: checking for af77
configure:5969: result: no
configure:5939: checking for xlf90
configure:5969: result: no
configure:5939: checking for f90
configure:5969: result: no
configure:5939: checking for pgf90
configure:5969: result: no
configure:5939: checking for pghpf
configure:5969: result: no
configure:5939: checking for epcf90
configure:5969: result: no
configure:5939: checking for gfortran
configure:5969: result: no
configure:5939: checking for g95
configure:5969: result: no
configure:5939: checking for xlf95
configure:5969: result: no
configure:5939: checking for f95
configure:5969: result: no
configure:5939: checking for fort
configure:5969: result: no
configure:5939: checking for ifort
configure:5969: result: no
configure:5939: checking for ifc
configure:5969: result: no
configure:5939: checking for efc
configure:5969: result: no
configure:5939: checking for pgf95
configure:5969: result: no
configure:5939: checking for lf95
configure:5969: result: no
configure:5939: checking for ftn
configure:5969: result: no
configure:5996: checking for Fortran 77 compiler version
configure:6003:  --version >&5
./configure: line 6004: --version: command not found
configure:6006: $? = 127
configure:6013:  -v >&5
./configure: line 6014: -v: command not found
configure:6016: $? = 127
configure:6023:  -V >&5
./configure: line 6024: -V: command not found
configure:6026: $? = 127
configure:6034: checking whether we are using the GNU Fortran 77 compiler
configure:6053:  -c  conftest.F >&5
./configure: line 6054: -c: command not found
configure:6059: $? = 127
configure: failed program was:
|       program main
| #ifndef __GNUC__
|        choke me
| #endif
| 
|       end
configure:6076: result: no
configure:6082: checking whether  accepts -g
configure:6099:  -c -g conftest.f >&5
./configure: line 6100: -c: command not found
configure:6105: $? = 127
configure: failed program was:
|       program main
| 
|       end
configure:6121: result: no
configure:6150: checking the maximum length of command line arguments
configure:6262: result: 1572864
configure:6274: checking command to parse /usr/bin/nm -B output from gcc object
configure:6379: gcc -c -g -O2  conftest.c >&5
configure:6382: $? = 0
configure:6386: /usr/bin/nm -B conftest.o \| sed -n -e 's/^.*[ 	]\([ABCDGIRSTW][ABCDGIRSTW]*\)[ 	][ 	]*\([_A-Za-z][_A-Za-z0-9]*\)$/\1 \2 \2/p' \> conftest.nm
configure:6389: $? = 0
configure:6441: gcc -o conftest -g -O2   conftest.c conftstm.o >&5
configure:6444: $? = 0
configure:6482: result: ok
configure:6486: checking for objdir
configure:6501: result: .libs
configure:6593: checking for ar
configure:6609: found /usr/bin/ar
configure:6620: result: ar
configure:6689: checking for ranlib
configure:6705: found /usr/bin/ranlib
configure:6716: result: ranlib
configure:6785: checking for strip
configure:6801: found /usr/bin/strip
configure:6812: result: strip
configure:7361: checking for correct ltmain.sh version
configure:7411: result: yes
configure:7471: checking if gcc supports -fno-rtti -fno-exceptions
configure:7489: gcc -c -g -O2  -fno-rtti -fno-exceptions conftest.c >&5
cc1: warning: command line option "-fno-rtti" is valid for C++/ObjC++ but not for C
configure:7493: $? = 0
configure:7506: result: no
configure:7521: checking for gcc option to produce PIC
configure:7753: result: -fPIC
configure:7761: checking if gcc PIC flag -fPIC works
configure:7779: gcc -c -g -O2  -fPIC -DPIC conftest.c >&5
configure:7783: $? = 0
configure:7796: result: yes
configure:7824: checking if gcc static flag -static works
configure:7852: result: yes
configure:7862: checking if gcc supports -c -o file.o
configure:7883: gcc -c -g -O2  -o out/conftest2.o conftest.c >&5
configure:7887: $? = 0
configure:7909: result: yes
configure:7935: checking whether the gcc linker (/usr/bin/ld) supports shared libraries
configure:8915: result: yes
configure:8936: checking whether -lc should be explicitly linked in
configure:8941: gcc -c -g -O2  conftest.c >&5
configure:8944: $? = 0
configure:8959: gcc -shared conftest.o  -v -Wl,-soname -Wl,conftest -o conftest 2\>\&1 \| grep  -lc  \>/dev/null 2\>\&1
configure:8962: $? = 0
configure:8974: result: no
configure:8982: checking dynamic linker characteristics
configure:9597: result: GNU/Linux ld.so
configure:9621: checking how to hardcode library paths into programs
configure:9646: result: immediate
configure:9660: checking whether stripping libraries is possible
configure:9665: result: yes
configure:10467: checking if libtool supports shared libraries
configure:10469: result: yes
configure:10472: checking whether to build shared libraries
configure:10493: result: yes
configure:10496: checking whether to build static libraries
configure:10500: result: yes
configure:10594: creating libtool
configure:11187: checking for ld used by g++
configure:11254: result: /usr/bin/ld
configure:11263: checking if the linker (/usr/bin/ld) is GNU ld
configure:11278: result: yes
configure:11329: checking whether the g++ linker (/usr/bin/ld) supports shared libraries
configure:12275: result: yes
configure:12292: g++ -c -g -O2  conftest.cpp >&5
configure:12295: $? = 0
configure:12451: checking for g++ option to produce PIC
configure:12735: result: -fPIC
configure:12743: checking if g++ PIC flag -fPIC works
configure:12761: g++ -c -g -O2  -fPIC -DPIC conftest.cpp >&5
configure:12765: $? = 0
configure:12778: result: yes
configure:12806: checking if g++ static flag -static works
configure:12834: result: yes
configure:12844: checking if g++ supports -c -o file.o
configure:12865: g++ -c -g -O2  -o out/conftest2.o conftest.cpp >&5
configure:12869: $? = 0
configure:12891: result: yes
configure:12917: checking whether the g++ linker (/usr/bin/ld) supports shared libraries
configure:12943: result: yes
configure:13010: checking dynamic linker characteristics
configure:13573: result: GNU/Linux ld.so
configure:13597: checking how to hardcode library paths into programs
configure:13622: result: immediate
configure:19985: checking for main in -lusb
configure:20014: gcc -o conftest -g -O2   conftest.c -lusb   >&5
configure:20020: $? = 0
configure:20038: result: yes
configure:20063: checking for ANSI C header files
configure:20227: result: yes
configure:20242: checking for string.h
configure:20248: result: yes
configure:20397: checking usb.h usability
configure:20414: gcc -c -g -O2  conftest.c >&5
configure:20420: $? = 0
configure:20434: result: yes
configure:20438: checking usb.h presence
configure:20453: gcc -E  conftest.c
configure:20459: $? = 0
configure:20473: result: yes
configure:20506: checking for usb.h
configure:20514: result: yes
configure:20529: checking for an ANSI C-conforming const
configure:20604: gcc -c -g -O2  conftest.c >&5
configure:20610: $? = 0
configure:20625: result: yes
configure:20641: checking for memset
configure:20697: gcc -o conftest -g -O2   conftest.c -lusb  >&5
conftest.c:49: warning: conflicting types for built-in function 'memset'
configure:20703: $? = 0
configure:20721: result: yes
configure:20855: creating ./config.status

## ---------------------- ##
## Running config.status. ##
## ---------------------- ##

This file was extended by libg15 config.status 1.2.7, which was
generated by GNU Autoconf 2.61.  Invocation command line was

  CONFIG_FILES    = 
  CONFIG_HEADERS  = 
  CONFIG_LINKS    = 
  CONFIG_COMMANDS = 
  $ ./config.status 

on awross-desktop

config.status:668: creating Makefile
config.status:668: creating config.h
config.status:948: executing depfiles commands

## ---------------- ##
## Cache variables. ##
## ---------------- ##

ac_cv_build=i686-pc-linux-gnu
ac_cv_c_compiler_gnu=yes
ac_cv_c_const=yes
ac_cv_cxx_compiler_gnu=yes
ac_cv_env_CCC_set=
ac_cv_env_CCC_value=
ac_cv_env_CC_set=
ac_cv_env_CC_value=
ac_cv_env_CFLAGS_set=
ac_cv_env_CFLAGS_value=
ac_cv_env_CPPFLAGS_set=
ac_cv_env_CPPFLAGS_value=
ac_cv_env_CPP_set=
ac_cv_env_CPP_value=
ac_cv_env_CXXCPP_set=
ac_cv_env_CXXCPP_value=
ac_cv_env_CXXFLAGS_set=
ac_cv_env_CXXFLAGS_value=
ac_cv_env_CXX_set=
ac_cv_env_CXX_value=
ac_cv_env_F77_set=
ac_cv_env_F77_value=
ac_cv_env_FFLAGS_set=
ac_cv_env_FFLAGS_value=
ac_cv_env_LDFLAGS_set=
ac_cv_env_LDFLAGS_value=
ac_cv_env_LIBS_set=
ac_cv_env_LIBS_value=
ac_cv_env_build_alias_set=
ac_cv_env_build_alias_value=
ac_cv_env_host_alias_set=
ac_cv_env_host_alias_value=
ac_cv_env_target_alias_set=
ac_cv_env_target_alias_value=
ac_cv_f77_compiler_gnu=no
ac_cv_func_memset=yes
ac_cv_header_dlfcn_h=yes
ac_cv_header_inttypes_h=yes
ac_cv_header_memory_h=yes
ac_cv_header_stdc=yes
ac_cv_header_stdint_h=yes
ac_cv_header_stdlib_h=yes
ac_cv_header_string_h=yes
ac_cv_header_strings_h=yes
ac_cv_header_sys_stat_h=yes
ac_cv_header_sys_types_h=yes
ac_cv_header_unistd_h=yes
ac_cv_header_usb_h=yes
ac_cv_host=i686-pc-linux-gnu
ac_cv_lib_usb_main=yes
ac_cv_objext=o
ac_cv_path_EGREP='/bin/grep -E'
ac_cv_path_GREP=/bin/grep
ac_cv_path_install='/usr/bin/install -c'
ac_cv_path_mkdir=/bin/mkdir
ac_cv_prog_AWK=mawk
ac_cv_prog_CPP='gcc -E'
ac_cv_prog_CXXCPP='g++ -E'
ac_cv_prog_ac_ct_AR=ar
ac_cv_prog_ac_ct_CC=gcc
ac_cv_prog_ac_ct_CXX=g++
ac_cv_prog_ac_ct_RANLIB=ranlib
ac_cv_prog_ac_ct_STRIP=strip
ac_cv_prog_cc_c89=
ac_cv_prog_cc_g=yes
ac_cv_prog_cxx_g=yes
ac_cv_prog_f77_g=no
ac_cv_prog_make_make_set=yes
ac_cv_target=i686-pc-linux-gnu
am_cv_CC_dependencies_compiler_type=gcc3
am_cv_CXX_dependencies_compiler_type=gcc3
lt_cv_deplibs_check_method=pass_all
lt_cv_file_magic_cmd='$MAGIC_CMD'
lt_cv_file_magic_test_file=
lt_cv_ld_reload_flag=-r
lt_cv_objdir=.libs
lt_cv_path_LD=/usr/bin/ld
lt_cv_path_LDCXX=/usr/bin/ld
lt_cv_path_NM='/usr/bin/nm -B'
lt_cv_path_SED=/bin/sed
lt_cv_prog_compiler_c_o=yes
lt_cv_prog_compiler_c_o_CXX=yes
lt_cv_prog_compiler_pic_works=yes
lt_cv_prog_compiler_pic_works_CXX=yes
lt_cv_prog_compiler_rtti_exceptions=no
lt_cv_prog_compiler_static_works=yes
lt_cv_prog_compiler_static_works_CXX=yes
lt_cv_prog_gnu_ld=yes
lt_cv_prog_gnu_ldcxx=yes
lt_cv_sys_global_symbol_pipe='sed -n -e '\''s/^.*[ 	]\([ABCDGIRSTW][ABCDGIRSTW]*\)[ 	][ 	]*\([_A-Za-z][_A-Za-z0-9]*\)$/\1 \2 \2/p'\'''
lt_cv_sys_global_symbol_to_c_name_address='sed -n -e '\''s/^: \([^ ]*\) $/  {\"\1\", (lt_ptr) 0},/p'\'' -e '\''s/^[BCDEGRST] \([^ ]*\) \([^ ]*\)$/  {"\2", (lt_ptr) \&\2},/p'\'''
lt_cv_sys_global_symbol_to_cdecl='sed -n -e '\''s/^. .* \(.*\)$/extern int \1;/p'\'''
lt_cv_sys_lib_dlsearch_path_spec='/lib /usr/lib /lib/i486-linux-gnu /usr/lib/i486-linux-gnu /usr/lib/alsa-lib /usr/local/lib '
lt_cv_sys_lib_search_path_spec='/usr/lib/gcc/i486-linux-gnu/4.4.1 /usr/lib /lib /usr/lib/i486-linux-gnu'
lt_cv_sys_max_cmd_len=1572864
lt_lt_cv_prog_compiler_c_o='"yes"'
lt_lt_cv_prog_compiler_c_o_CXX='"yes"'
lt_lt_cv_sys_global_symbol_pipe='"sed -n -e '\''s/^.*[ 	]\\([ABCDGIRSTW][ABCDGIRSTW]*\\)[ 	][ 	]*\\([_A-Za-z][_A-Za-z0-9]*\\)\$/\\1 \\2 \\2/p'\''"'
lt_lt_cv_sys_global_symbol_to_c_name_address='"sed -n -e '\''s/^: \\([^ ]*\\) \$/  {\\\"\\1\\\", (lt_ptr) 0},/p'\'' -e '\''s/^[BCDEGRST] \\([^ ]*\\) \\([^ ]*\\)\$/  {\"\\2\", (lt_ptr) \\&\\2},/p'\''"'
lt_lt_cv_sys_global_symbol_to_cdecl='"sed -n -e '\''s/^. .* \\(.*\\)\$/extern int \\1;/p'\''"'

## ----------------- ##
## Output variables. ##
## ----------------- ##

ACLOCAL='${SHELL} /home/awross/Downloads/libg15-1.2.7/config/missing --run aclocal-1.10'
AMDEPBACKSLASH='\'
AMDEP_FALSE='#'
AMDEP_TRUE=''
AMTAR='${SHELL} /home/awross/Downloads/libg15-1.2.7/config/missing --run tar'
AR='ar'
AUTOCONF='${SHELL} /home/awross/Downloads/libg15-1.2.7/config/missing --run autoconf'
AUTOHEADER='${SHELL} /home/awross/Downloads/libg15-1.2.7/config/missing --run autoheader'
AUTOMAKE='${SHELL} /home/awross/Downloads/libg15-1.2.7/config/missing --run automake-1.10'
AWK='mawk'
CC='gcc'
CCDEPMODE='depmode=gcc3'
CFLAGS='-g -O2'
CPP='gcc -E'
CPPFLAGS=''
CXX='g++'
CXXCPP='g++ -E'
CXXDEPMODE='depmode=gcc3'
CXXFLAGS='-g -O2'
CYGPATH_W='echo'
DEFS='-DHAVE_CONFIG_H'
DEPDIR='.deps'
DSYMUTIL=''
ECHO='echo'
ECHO_C=''
ECHO_N='-n'
ECHO_T=''
EGREP='/bin/grep -E'
EXEEXT=''
F77=''
FFLAGS=''
GREP='/bin/grep'
INSTALL_DATA='${INSTALL} -m 644'
INSTALL_PROGRAM='${INSTALL}'
INSTALL_SCRIPT='${INSTALL}'
INSTALL_STRIP_PROGRAM='$(install_sh) -c -s'
LDFLAGS=''
LIBOBJS=''
LIBS='-lusb '
LIBTOOL='$(SHELL) $(top_builddir)/libtool'
LN_S='ln -s'
LTLIBOBJS=''
MAKEINFO='${SHELL} /home/awross/Downloads/libg15-1.2.7/config/missing --run makeinfo'
NMEDIT=''
OBJEXT='o'
PACKAGE='libg15'
PACKAGE_BUGREPORT='mlampard@users.sourceforge.net'
PACKAGE_NAME='libg15'
PACKAGE_STRING='libg15 1.2.7'
PACKAGE_TARNAME='libg15'
PACKAGE_VERSION='1.2.7'
PATH_SEPARATOR=':'
RANLIB='ranlib'
SED='/bin/sed'
SET_MAKE=''
SHELL='/bin/bash'
STRIP='strip'
VERSION='1.2.7'
ac_ct_CC='gcc'
ac_ct_CXX='g++'
ac_ct_F77=''
am__fastdepCC_FALSE='#'
am__fastdepCC_TRUE=''
am__fastdepCXX_FALSE='#'
am__fastdepCXX_TRUE=''
am__include='include'
am__isrc=''
am__leading_dot='.'
am__quote=''
am__tar='${AMTAR} chof - "$$tardir"'
am__untar='${AMTAR} xf -'
bindir='${exec_prefix}/bin'
build='i686-pc-linux-gnu'
build_alias=''
build_cpu='i686'
build_os='linux-gnu'
build_vendor='pc'
datadir='${datarootdir}'
datarootdir='${prefix}/share'
docdir='${datarootdir}/doc/${PACKAGE_TARNAME}'
dvidir='${docdir}'
exec_prefix='${prefix}'
host='i686-pc-linux-gnu'
host_alias=''
host_cpu='i686'
host_os='linux-gnu'
host_vendor='pc'
htmldir='${docdir}'
includedir='${prefix}/include'
infodir='${datarootdir}/info'
install_sh='$(SHELL) /home/awross/Downloads/libg15-1.2.7/config/install-sh'
libdir='${exec_prefix}/lib'
libexecdir='${exec_prefix}/libexec'
localedir='${datarootdir}/locale'
localstatedir='${prefix}/var'
mandir='${datarootdir}/man'
mkdir_p='/bin/mkdir -p'
oldincludedir='/usr/include'
pdfdir='${docdir}'
prefix='/usr'
program_transform_name='s,x,x,'
psdir='${docdir}'
sbindir='${exec_prefix}/sbin'
sharedstatedir='${prefix}/com'
sysconfdir='${prefix}/etc'
target='i686-pc-linux-gnu'
target_alias=''
target_cpu='i686'
target_os='linux-gnu'
target_vendor='pc'

## ----------- ##
## confdefs.h. ##
## ----------- ##

#define PACKAGE_NAME "libg15"
#define PACKAGE_TARNAME "libg15"
#define PACKAGE_VERSION "1.2.7"
#define PACKAGE_STRING "libg15 1.2.7"
#define PACKAGE_BUGREPORT "mlampard@users.sourceforge.net"
#define PACKAGE "libg15"
#define VERSION "1.2.7"
#define STDC_HEADERS 1
#define HAVE_SYS_TYPES_H 1
#define HAVE_SYS_STAT_H 1
#define HAVE_STDLIB_H 1
#define HAVE_STRING_H 1
#define HAVE_MEMORY_H 1
#define HAVE_STRINGS_H 1
#define HAVE_INTTYPES_H 1
#define HAVE_STDINT_H 1
#define HAVE_UNISTD_H 1
#define HAVE_DLFCN_H 1
#define OSTYPE_LINUX 1
#define HAVE_LIBUSB 1
#define STDC_HEADERS 1
#define HAVE_STRING_H 1
#define HAVE_USB_H 1
#define HAVE_MEMSET 1

configure: exit 0
