This file contains any messages produced by compilers while
running configure, to aid debugging if configure makes a mistake.

It was created by configure, which was
generated by GNU Autoconf 2.59.  Invocation command line was

  $ ./configure 

## --------- ##
## Platform. ##
## --------- ##

hostname = awross-desktop
uname -m = i686
uname -r = 2.6.31-19-generic-pae
uname -s = Linux
uname -v = #56-Ubuntu SMP Thu Jan 28 02:29:51 UTC 2010

/usr/bin/uname -p = unknown
/bin/uname -X     = unknown

/bin/arch              = unknown
/usr/bin/arch -k       = unknown
/usr/convex/getsysinfo = unknown
hostinfo               = unknown
/bin/machine           = unknown
/usr/bin/oslevel       = unknown
/bin/universe          = unknown

PATH: /home/awross/bin
PATH: /home/awross/bin
PATH: /usr/local/sbin
PATH: /usr/local/bin
PATH: /usr/sbin
PATH: /usr/bin
PATH: /sbin
PATH: /bin
PATH: /usr/games


## ----------- ##
## Core tests. ##
## ----------- ##

configure:1552: checking for a BSD-compatible install
configure:1607: result: /usr/bin/install -c
configure:1618: checking whether build environment is sane
configure:1661: result: yes
configure:1718: checking for gawk
configure:1734: found /usr/bin/gawk
configure:1744: result: gawk
configure:1754: checking whether make sets $(MAKE)
configure:1774: result: yes
configure:1945: checking for sed
configure:1961: found /bin/sed
configure:1971: result: sed
configure:2038: checking for gcc
configure:2054: found /usr/bin/gcc
configure:2064: result: gcc
configure:2308: checking for C compiler version
configure:2311: gcc --version </dev/null >&5
gcc (Ubuntu 4.4.1-4ubuntu9) 4.4.1
Copyright (C) 2009 Free Software Foundation, Inc.
This is free software; see the source for copying conditions.  There is NO
warranty; not even for MERCHANTABILITY or FITNESS FOR A PARTICULAR PURPOSE.

configure:2314: $? = 0
configure:2316: gcc -v </dev/null >&5
Using built-in specs.
Target: i486-linux-gnu
Configured with: ../src/configure -v --with-pkgversion='Ubuntu 4.4.1-4ubuntu9' --with-bugurl=file:///usr/share/doc/gcc-4.4/README.Bugs --enable-languages=c,c++,fortran,objc,obj-c++ --prefix=/usr --enable-shared --enable-multiarch --enable-linker-build-id --with-system-zlib --libexecdir=/usr/lib --without-included-gettext --enable-threads=posix --with-gxx-include-dir=/usr/include/c++/4.4 --program-suffix=-4.4 --enable-nls --enable-clocale=gnu --enable-libstdcxx-debug --enable-objc-gc --enable-targets=all --disable-werror --with-arch-32=i486 --with-tune=generic --enable-checking=release --build=i486-linux-gnu --host=i486-linux-gnu --target=i486-linux-gnu
Thread model: posix
gcc version 4.4.1 (Ubuntu 4.4.1-4ubuntu9) 
configure:2319: $? = 0
configure:2321: gcc -V </dev/null >&5
gcc: '-V' option must have argument
configure:2324: $? = 1
configure:2347: checking for C compiler default output file name
configure:2350: gcc    conftest.c  >&5
configure:2353: $? = 0
configure:2399: result: a.out
configure:2404: checking whether the C compiler works
configure:2410: ./a.out
configure:2413: $? = 0
configure:2430: result: yes
configure:2437: checking whether we are cross compiling
configure:2439: result: no
configure:2442: checking for suffix of executables
configure:2444: gcc -o conftest    conftest.c  >&5
configure:2447: $? = 0
configure:2472: result: 
configure:2478: checking for suffix of object files
configure:2499: gcc -c   conftest.c >&5
configure:2502: $? = 0
configure:2524: result: o
configure:2528: checking whether we are using the GNU C compiler
configure:2552: gcc -c   conftest.c >&5
configure:2558: $? = 0
configure:2561: test -z 			 || test ! -s conftest.err
configure:2564: $? = 0
configure:2567: test -s conftest.o
configure:2570: $? = 0
configure:2583: result: yes
configure:2589: checking whether gcc accepts -g
configure:2610: gcc -c -g  conftest.c >&5
configure:2616: $? = 0
configure:2619: test -z 			 || test ! -s conftest.err
configure:2622: $? = 0
configure:2625: test -s conftest.o
configure:2628: $? = 0
configure:2639: result: yes
configure:2656: checking for gcc option to accept ANSI C
configure:2726: gcc  -c -g -O2  conftest.c >&5
configure:2732: $? = 0
configure:2735: test -z 			 || test ! -s conftest.err
configure:2738: $? = 0
configure:2741: test -s conftest.o
configure:2744: $? = 0
configure:2762: result: none needed
configure:2780: gcc -c -g -O2  conftest.c >&5
conftest.c:2: error: expected '=', ',', ';', 'asm' or '__attribute__' before 'me'
configure:2786: $? = 1
configure: failed program was:
| #ifndef __cplusplus
|   choke me
| #endif
configure:2927: checking for style of include used by make
configure:2955: result: GNU
configure:2983: checking dependency style of gcc
configure:3073: result: gcc3
configure:3142: checking for g++
configure:3158: found /usr/bin/g++
configure:3168: result: g++
configure:3184: checking for C++ compiler version
configure:3187: g++ --version </dev/null >&5
g++ (Ubuntu 4.4.1-4ubuntu9) 4.4.1
Copyright (C) 2009 Free Software Foundation, Inc.
This is free software; see the source for copying conditions.  There is NO
warranty; not even for MERCHANTABILITY or FITNESS FOR A PARTICULAR PURPOSE.

configure:3190: $? = 0
configure:3192: g++ -v </dev/null >&5
Using built-in specs.
Target: i486-linux-gnu
Configured with: ../src/configure -v --with-pkgversion='Ubuntu 4.4.1-4ubuntu9' --with-bugurl=file:///usr/share/doc/gcc-4.4/README.Bugs --enable-languages=c,c++,fortran,objc,obj-c++ --prefix=/usr --enable-shared --enable-multiarch --enable-linker-build-id --with-system-zlib --libexecdir=/usr/lib --without-included-gettext --enable-threads=posix --with-gxx-include-dir=/usr/include/c++/4.4 --program-suffix=-4.4 --enable-nls --enable-clocale=gnu --enable-libstdcxx-debug --enable-objc-gc --enable-targets=all --disable-werror --with-arch-32=i486 --with-tune=generic --enable-checking=release --build=i486-linux-gnu --host=i486-linux-gnu --target=i486-linux-gnu
Thread model: posix
gcc version 4.4.1 (Ubuntu 4.4.1-4ubuntu9) 
configure:3195: $? = 0
configure:3197: g++ -V </dev/null >&5
g++: '-V' option must have argument
configure:3200: $? = 1
configure:3203: checking whether we are using the GNU C++ compiler
configure:3227: g++ -c   conftest.cc >&5
configure:3233: $? = 0
configure:3236: test -z 			 || test ! -s conftest.err
configure:3239: $? = 0
configure:3242: test -s conftest.o
configure:3245: $? = 0
configure:3258: result: yes
configure:3264: checking whether g++ accepts -g
configure:3285: g++ -c -g  conftest.cc >&5
configure:3291: $? = 0
configure:3294: test -z 			 || test ! -s conftest.err
configure:3297: $? = 0
configure:3300: test -s conftest.o
configure:3303: $? = 0
configure:3314: result: yes
configure:3356: g++ -c -g -O2  conftest.cc >&5
configure:3362: $? = 0
configure:3365: test -z 			 || test ! -s conftest.err
configure:3368: $? = 0
configure:3371: test -s conftest.o
configure:3374: $? = 0
configure:3400: g++ -c -g -O2  conftest.cc >&5
conftest.cc: In function 'int main()':
conftest.cc:15: error: 'exit' was not declared in this scope
configure:3406: $? = 1
configure: failed program was:
| /* confdefs.h.  */
| 
| #define PACKAGE_NAME ""
| #define PACKAGE_TARNAME ""
| #define PACKAGE_VERSION ""
| #define PACKAGE_STRING ""
| #define PACKAGE_BUGREPORT ""
| #define PACKAGE "fluxspace"
| #define VERSION "0.4.0_alpha"
| /* end confdefs.h.  */
| 
| int
| main ()
| {
| exit (42);
|   ;
|   return 0;
| }
configure:3356: g++ -c -g -O2  conftest.cc >&5
conftest.cc:11: error: 'void std::exit(int)' should have been declared inside 'std'
configure:3362: $? = 1
configure: failed program was:
| /* confdefs.h.  */
| 
| #define PACKAGE_NAME ""
| #define PACKAGE_TARNAME ""
| #define PACKAGE_VERSION ""
| #define PACKAGE_STRING ""
| #define PACKAGE_BUGREPORT ""
| #define PACKAGE "fluxspace"
| #define VERSION "0.4.0_alpha"
| /* end confdefs.h.  */
| extern "C" void std::exit (int) throw (); using std::exit;
| #include <stdlib.h>
| int
| main ()
| {
| exit (42);
|   ;
|   return 0;
| }
configure:3356: g++ -c -g -O2  conftest.cc >&5
conftest.cc:11: error: 'void std::exit(int)' should have been declared inside 'std'
In file included from conftest.cc:12:
/usr/include/stdlib.h:543: error: declaration of 'void std::exit(int) throw ()' throws different exceptions
conftest.cc:11: error: from previous declaration 'void std::exit(int)'
configure:3362: $? = 1
configure: failed program was:
| /* confdefs.h.  */
| 
| #define PACKAGE_NAME ""
| #define PACKAGE_TARNAME ""
| #define PACKAGE_VERSION ""
| #define PACKAGE_STRING ""
| #define PACKAGE_BUGREPORT ""
| #define PACKAGE "fluxspace"
| #define VERSION "0.4.0_alpha"
| /* end confdefs.h.  */
| extern "C" void std::exit (int); using std::exit;
| #include <stdlib.h>
| int
| main ()
| {
| exit (42);
|   ;
|   return 0;
| }
configure:3356: g++ -c -g -O2  conftest.cc >&5
configure:3362: $? = 0
configure:3365: test -z 			 || test ! -s conftest.err
configure:3368: $? = 0
configure:3371: test -s conftest.o
configure:3374: $? = 0
configure:3400: g++ -c -g -O2  conftest.cc >&5
configure:3406: $? = 0
configure:3409: test -z 			 || test ! -s conftest.err
configure:3412: $? = 0
configure:3415: test -s conftest.o
configure:3418: $? = 0
configure:3443: checking dependency style of g++
configure:3533: result: gcc3
configure:3563: checking for a BSD-compatible install
configure:3618: result: /usr/bin/install -c
configure:3632: checking for swig
configure:3650: found /usr/bin/swig
configure:3662: result: /usr/bin/swig
configure:3753: checking build system type
configure:3771: result: i686-pc-linux-gnu
configure:3779: checking host system type
configure:3793: result: i686-pc-linux-gnu
configure:3801: checking for a sed that does not truncate output
configure:3855: result: /bin/sed
configure:3858: checking for egrep
configure:3868: result: grep -E
configure:3884: checking for ld used by gcc
configure:3951: result: /usr/bin/ld
configure:3960: checking if the linker (/usr/bin/ld) is GNU ld
configure:3975: result: yes
configure:3980: checking for /usr/bin/ld option to reload object files
configure:3987: result: -r
configure:3996: checking for BSD-compatible nm
configure:4038: result: /usr/bin/nm -B
configure:4042: checking whether ln -s works
configure:4046: result: yes
configure:4053: checking how to recognise dependent libraries
configure:4227: result: pass_all
configure:4440: checking how to run the C preprocessor
configure:4475: gcc -E  conftest.c
configure:4481: $? = 0
configure:4513: gcc -E  conftest.c
conftest.c:14:28: error: ac_nonexistent.h: No such file or directory
configure:4519: $? = 1
configure: failed program was:
| /* confdefs.h.  */
| 
| #define PACKAGE_NAME ""
| #define PACKAGE_TARNAME ""
| #define PACKAGE_VERSION ""
| #define PACKAGE_STRING ""
| #define PACKAGE_BUGREPORT ""
| #define PACKAGE "fluxspace"
| #define VERSION "0.4.0_alpha"
| #ifdef __cplusplus
| extern "C" void exit (int) throw ();
| #endif
| /* end confdefs.h.  */
| #include <ac_nonexistent.h>
configure:4558: result: gcc -E
configure:4582: gcc -E  conftest.c
configure:4588: $? = 0
configure:4620: gcc -E  conftest.c
conftest.c:14:28: error: ac_nonexistent.h: No such file or directory
configure:4626: $? = 1
configure: failed program was:
| /* confdefs.h.  */
| 
| #define PACKAGE_NAME ""
| #define PACKAGE_TARNAME ""
| #define PACKAGE_VERSION ""
| #define PACKAGE_STRING ""
| #define PACKAGE_BUGREPORT ""
| #define PACKAGE "fluxspace"
| #define VERSION "0.4.0_alpha"
| #ifdef __cplusplus
| extern "C" void exit (int) throw ();
| #endif
| /* end confdefs.h.  */
| #include <ac_nonexistent.h>
configure:4670: checking for ANSI C header files
configure:4695: gcc -c -g -O2  conftest.c >&5
configure:4701: $? = 0
configure:4704: test -z 			 || test ! -s conftest.err
configure:4707: $? = 0
configure:4710: test -s conftest.o
configure:4713: $? = 0
configure:4802: gcc -o conftest -g -O2   conftest.c  >&5
conftest.c: In function 'main':
conftest.c:31: warning: incompatible implicit declaration of built-in function 'exit'
configure:4805: $? = 0
configure:4807: ./conftest
configure:4810: $? = 0
configure:4825: result: yes
configure:4849: checking for sys/types.h
configure:4865: gcc -c -g -O2  conftest.c >&5
configure:4871: $? = 0
configure:4874: test -z 			 || test ! -s conftest.err
configure:4877: $? = 0
configure:4880: test -s conftest.o
configure:4883: $? = 0
configure:4894: result: yes
configure:4849: checking for sys/stat.h
configure:4865: gcc -c -g -O2  conftest.c >&5
configure:4871: $? = 0
configure:4874: test -z 			 || test ! -s conftest.err
configure:4877: $? = 0
configure:4880: test -s conftest.o
configure:4883: $? = 0
configure:4894: result: yes
configure:4849: checking for stdlib.h
configure:4865: gcc -c -g -O2  conftest.c >&5
configure:4871: $? = 0
configure:4874: test -z 			 || test ! -s conftest.err
configure:4877: $? = 0
configure:4880: test -s conftest.o
configure:4883: $? = 0
configure:4894: result: yes
configure:4849: checking for string.h
configure:4865: gcc -c -g -O2  conftest.c >&5
configure:4871: $? = 0
configure:4874: test -z 			 || test ! -s conftest.err
configure:4877: $? = 0
configure:4880: test -s conftest.o
configure:4883: $? = 0
configure:4894: result: yes
configure:4849: checking for memory.h
configure:4865: gcc -c -g -O2  conftest.c >&5
configure:4871: $? = 0
configure:4874: test -z 			 || test ! -s conftest.err
configure:4877: $? = 0
configure:4880: test -s conftest.o
configure:4883: $? = 0
configure:4894: result: yes
configure:4849: checking for strings.h
configure:4865: gcc -c -g -O2  conftest.c >&5
configure:4871: $? = 0
configure:4874: test -z 			 || test ! -s conftest.err
configure:4877: $? = 0
configure:4880: test -s conftest.o
configure:4883: $? = 0
configure:4894: result: yes
configure:4849: checking for inttypes.h
configure:4865: gcc -c -g -O2  conftest.c >&5
configure:4871: $? = 0
configure:4874: test -z 			 || test ! -s conftest.err
configure:4877: $? = 0
configure:4880: test -s conftest.o
configure:4883: $? = 0
configure:4894: result: yes
configure:4849: checking for stdint.h
configure:4865: gcc -c -g -O2  conftest.c >&5
configure:4871: $? = 0
configure:4874: test -z 			 || test ! -s conftest.err
configure:4877: $? = 0
configure:4880: test -s conftest.o
configure:4883: $? = 0
configure:4894: result: yes
configure:4849: checking for unistd.h
configure:4865: gcc -c -g -O2  conftest.c >&5
configure:4871: $? = 0
configure:4874: test -z 			 || test ! -s conftest.err
configure:4877: $? = 0
configure:4880: test -s conftest.o
configure:4883: $? = 0
configure:4894: result: yes
configure:4920: checking dlfcn.h usability
configure:4932: gcc -c -g -O2  conftest.c >&5
configure:4938: $? = 0
configure:4941: test -z 			 || test ! -s conftest.err
configure:4944: $? = 0
configure:4947: test -s conftest.o
configure:4950: $? = 0
configure:4960: result: yes
configure:4964: checking dlfcn.h presence
configure:4974: gcc -E  conftest.c
configure:4980: $? = 0
configure:5000: result: yes
configure:5035: checking for dlfcn.h
configure:5042: result: yes
configure:5060: checking how to run the C++ preprocessor
configure:5091: g++ -E  conftest.cc
configure:5097: $? = 0
configure:5129: g++ -E  conftest.cc
conftest.cc:25:28: error: ac_nonexistent.h: No such file or directory
configure:5135: $? = 1
configure: failed program was:
| /* confdefs.h.  */
| 
| #define PACKAGE_NAME ""
| #define PACKAGE_TARNAME ""
| #define PACKAGE_VERSION ""
| #define PACKAGE_STRING ""
| #define PACKAGE_BUGREPORT ""
| #define PACKAGE "fluxspace"
| #define VERSION "0.4.0_alpha"
| #ifdef __cplusplus
| extern "C" void exit (int) throw ();
| #endif
| #define STDC_HEADERS 1
| #define HAVE_SYS_TYPES_H 1
| #define HAVE_SYS_STAT_H 1
| #define HAVE_STDLIB_H 1
| #define HAVE_STRING_H 1
| #define HAVE_MEMORY_H 1
| #define HAVE_STRINGS_H 1
| #define HAVE_INTTYPES_H 1
| #define HAVE_STDINT_H 1
| #define HAVE_UNISTD_H 1
| #define HAVE_DLFCN_H 1
| /* end confdefs.h.  */
| #include <ac_nonexistent.h>
configure:5174: result: g++ -E
configure:5198: g++ -E  conftest.cc
configure:5204: $? = 0
configure:5236: g++ -E  conftest.cc
conftest.cc:25:28: error: ac_nonexistent.h: No such file or directory
configure:5242: $? = 1
configure: failed program was:
| /* confdefs.h.  */
| 
| #define PACKAGE_NAME ""
| #define PACKAGE_TARNAME ""
| #define PACKAGE_VERSION ""
| #define PACKAGE_STRING ""
| #define PACKAGE_BUGREPORT ""
| #define PACKAGE "fluxspace"
| #define VERSION "0.4.0_alpha"
| #ifdef __cplusplus
| extern "C" void exit (int) throw ();
| #endif
| #define STDC_HEADERS 1
| #define HAVE_SYS_TYPES_H 1
| #define HAVE_SYS_STAT_H 1
| #define HAVE_STDLIB_H 1
| #define HAVE_STRING_H 1
| #define HAVE_MEMORY_H 1
| #define HAVE_STRINGS_H 1
| #define HAVE_INTTYPES_H 1
| #define HAVE_STDINT_H 1
| #define HAVE_UNISTD_H 1
| #define HAVE_DLFCN_H 1
| /* end confdefs.h.  */
| #include <ac_nonexistent.h>
configure:5337: checking for g77
configure:5366: result: no
configure:5337: checking for f77
configure:5366: result: no
configure:5337: checking for xlf
configure:5366: result: no
configure:5337: checking for frt
configure:5366: result: no
configure:5337: checking for pgf77
configure:5366: result: no
configure:5337: checking for fort77
configure:5366: result: no
configure:5337: checking for fl32
configure:5366: result: no
configure:5337: checking for af77
configure:5366: result: no
configure:5337: checking for f90
configure:5366: result: no
configure:5337: checking for xlf90
configure:5366: result: no
configure:5337: checking for pgf90
configure:5366: result: no
configure:5337: checking for epcf90
configure:5366: result: no
configure:5337: checking for f95
configure:5366: result: no
configure:5337: checking for fort
configure:5366: result: no
configure:5337: checking for xlf95
configure:5366: result: no
configure:5337: checking for ifc
configure:5366: result: no
configure:5337: checking for efc
configure:5366: result: no
configure:5337: checking for pgf95
configure:5366: result: no
configure:5337: checking for lf95
configure:5366: result: no
configure:5337: checking for gfortran
configure:5366: result: no
configure:5378: checking for Fortran 77 compiler version
configure:5381:  --version </dev/null >&5
./configure: line 5382: --version: command not found
configure:5384: $? = 127
configure:5386:  -v </dev/null >&5
./configure: line 5387: -v: command not found
configure:5389: $? = 127
configure:5391:  -V </dev/null >&5
./configure: line 5392: -V: command not found
configure:5394: $? = 127
configure:5402: checking whether we are using the GNU Fortran 77 compiler
configure:5416:  -c  conftest.F >&5
./configure: line 5417: -c: command not found
configure:5422: $? = 127
configure: failed program was:
|       program main
| #ifndef __GNUC__
|        choke me
| #endif
| 
|       end
configure:5447: result: no
configure:5453: checking whether  accepts -g
configure:5465:  -c -g conftest.f >&5
./configure: line 5466: -c: command not found
configure:5471: $? = 127
configure: failed program was:
|       program main
| 
|       end
configure:5495: result: no
configure:5525: checking the maximum length of command line arguments
configure:5590: result: 32768
configure:5601: checking command to parse /usr/bin/nm -B output from gcc object
configure:5690: gcc -c -g -O2  conftest.c >&5
configure:5693: $? = 0
configure:5697: /usr/bin/nm -B conftest.o \| sed -n -e 's/^.*[ 	]\([ABCDGIRSTW][ABCDGIRSTW]*\)[ 	][ 	]*\(\)\([_A-Za-z][_A-Za-z0-9]*\)$/\1 \2\3 \3/p' \> conftest.nm
configure:5700: $? = 0
configure:5752: gcc -o conftest -g -O2   conftest.c conftstm.o >&5
configure:5755: $? = 0
configure:5793: result: ok
configure:5797: checking for objdir
configure:5812: result: .libs
configure:5902: checking for ar
configure:5918: found /usr/bin/ar
configure:5929: result: ar
configure:5982: checking for ranlib
configure:5998: found /usr/bin/ranlib
configure:6009: result: ranlib
configure:6062: checking for strip
configure:6078: found /usr/bin/strip
configure:6089: result: strip
configure:6351: checking if gcc static flag  works
configure:6374: result: yes
configure:6392: checking if gcc supports -fno-rtti -fno-exceptions
configure:6410: gcc -c -g -O2  -fno-rtti -fno-exceptions conftest.c >&5
cc1: warning: command line option "-fno-rtti" is valid for C++/ObjC++ but not for C
configure:6414: $? = 0
configure:6425: result: no
configure:6440: checking for gcc option to produce PIC
configure:6617: result: -fPIC
configure:6625: checking if gcc PIC flag -fPIC works
configure:6643: gcc -c -g -O2  -fPIC -DPIC conftest.c >&5
configure:6647: $? = 0
configure:6658: result: yes
configure:6682: checking if gcc supports -c -o file.o
configure:6703: gcc -c -g -O2  -o out/conftest2.o conftest.c >&5
configure:6707: $? = 0
configure:6727: result: yes
configure:6753: checking whether the gcc linker (/usr/bin/ld) supports shared libraries
configure:7600: result: yes
configure:7626: checking whether -lc should be explicitly linked in
configure:7631: gcc -c -g -O2  conftest.c >&5
configure:7634: $? = 0
configure:7648: gcc -shared conftest.o  -v -Wl,-soname -Wl,conftest -o conftest 2\>\&1 \| grep  -lc  \>/dev/null 2\>\&1
configure:7651: $? = 0
configure:7663: result: no
configure:7671: checking dynamic linker characteristics
configure:8211: result: GNU/Linux ld.so
configure:8215: checking how to hardcode library paths into programs
configure:8240: result: immediate
configure:8254: checking whether stripping libraries is possible
configure:8259: result: yes
configure:9082: checking if libtool supports shared libraries
configure:9084: result: yes
configure:9087: checking whether to build shared libraries
configure:9145: result: yes
configure:9148: checking whether to build static libraries
configure:9152: result: yes
configure:9244: creating libtool
configure:9791: checking for ld used by g++
configure:9858: result: /usr/bin/ld
configure:9867: checking if the linker (/usr/bin/ld) is GNU ld
configure:9882: result: yes
configure:9933: checking whether the g++ linker (/usr/bin/ld) supports shared libraries
configure:10759: result: yes
configure:10777: g++ -c -g -O2  conftest.cc >&5
configure:10780: $? = 0
configure:10876: checking for g++ option to produce PIC
configure:11128: result: -fPIC
configure:11136: checking if g++ PIC flag -fPIC works
configure:11154: g++ -c -g -O2  -fPIC -DPIC conftest.cc >&5
configure:11158: $? = 0
configure:11169: result: yes
configure:11193: checking if g++ supports -c -o file.o
configure:11214: g++ -c -g -O2  -o out/conftest2.o conftest.cc >&5
configure:11218: $? = 0
configure:11238: result: yes
configure:11264: checking whether the g++ linker (/usr/bin/ld) supports shared libraries
configure:11292: result: yes
configure:11363: checking dynamic linker characteristics
configure:11903: result: GNU/Linux ld.so
configure:11907: checking how to hardcode library paths into programs
configure:11932: result: immediate
configure:11946: checking whether stripping libraries is possible
configure:11951: result: yes
configure:19196: checking for ANSI C header files
configure:19351: result: yes
configure:19389: checking ctype.h usability
configure:19401: gcc -c -g -O2  conftest.c >&5
configure:19407: $? = 0
configure:19410: test -z 			 || test ! -s conftest.err
configure:19413: $? = 0
configure:19416: test -s conftest.o
configure:19419: $? = 0
configure:19429: result: yes
configure:19433: checking ctype.h presence
configure:19443: gcc -E  conftest.c
configure:19449: $? = 0
configure:19469: result: yes
configure:19504: checking for ctype.h
configure:19511: result: yes
configure:19389: checking fcntl.h usability
configure:19401: gcc -c -g -O2  conftest.c >&5
configure:19407: $? = 0
configure:19410: test -z 			 || test ! -s conftest.err
configure:19413: $? = 0
configure:19416: test -s conftest.o
configure:19419: $? = 0
configure:19429: result: yes
configure:19433: checking fcntl.h presence
configure:19443: gcc -E  conftest.c
configure:19449: $? = 0
configure:19469: result: yes
configure:19504: checking for fcntl.h
configure:19511: result: yes
configure:19389: checking libgen.h usability
configure:19401: gcc -c -g -O2  conftest.c >&5
configure:19407: $? = 0
configure:19410: test -z 			 || test ! -s conftest.err
configure:19413: $? = 0
configure:19416: test -s conftest.o
configure:19419: $? = 0
configure:19429: result: yes
configure:19433: checking libgen.h presence
configure:19443: gcc -E  conftest.c
configure:19449: $? = 0
configure:19469: result: yes
configure:19504: checking for libgen.h
configure:19511: result: yes
configure:19389: checking locale.h usability
configure:19401: gcc -c -g -O2  conftest.c >&5
configure:19407: $? = 0
configure:19410: test -z 			 || test ! -s conftest.err
configure:19413: $? = 0
configure:19416: test -s conftest.o
configure:19419: $? = 0
configure:19429: result: yes
configure:19433: checking locale.h presence
configure:19443: gcc -E  conftest.c
configure:19449: $? = 0
configure:19469: result: yes
configure:19504: checking for locale.h
configure:19511: result: yes
configure:19389: checking process.h usability
configure:19401: gcc -c -g -O2  conftest.c >&5
conftest.c:64:21: error: process.h: No such file or directory
configure:19407: $? = 1
configure: failed program was:
| /* confdefs.h.  */
| 
| #define PACKAGE_NAME ""
| #define PACKAGE_TARNAME ""
| #define PACKAGE_VERSION ""
| #define PACKAGE_STRING ""
| #define PACKAGE_BUGREPORT ""
| #define PACKAGE "fluxspace"
| #define VERSION "0.4.0_alpha"
| #ifdef __cplusplus
| extern "C" void exit (int) throw ();
| #endif
| #define STDC_HEADERS 1
| #define HAVE_SYS_TYPES_H 1
| #define HAVE_SYS_STAT_H 1
| #define HAVE_STDLIB_H 1
| #define HAVE_STRING_H 1
| #define HAVE_MEMORY_H 1
| #define HAVE_STRINGS_H 1
| #define HAVE_INTTYPES_H 1
| #define HAVE_STDINT_H 1
| #define HAVE_UNISTD_H 1
| #define HAVE_DLFCN_H 1
| #define STDC_HEADERS 1
| #define HAVE_CTYPE_H 1
| #define HAVE_FCNTL_H 1
| #define HAVE_LIBGEN_H 1
| #define HAVE_LOCALE_H 1
| /* end confdefs.h.  */
| #include <stdio.h>
| #if HAVE_SYS_TYPES_H
| # include <sys/types.h>
| #endif
| #if HAVE_SYS_STAT_H
| # include <sys/stat.h>
| #endif
| #if STDC_HEADERS
| # include <stdlib.h>
| # include <stddef.h>
| #else
| # if HAVE_STDLIB_H
| #  include <stdlib.h>
| # endif
| #endif
| #if HAVE_STRING_H
| # if !STDC_HEADERS && HAVE_MEMORY_H
| #  include <memory.h>
| # endif
| # include <string.h>
| #endif
| #if HAVE_STRINGS_H
| # include <strings.h>
| #endif
| #if HAVE_INTTYPES_H
| # include <inttypes.h>
| #else
| # if HAVE_STDINT_H
| #  include <stdint.h>
| # endif
| #endif
| #if HAVE_UNISTD_H
| # include <unistd.h>
| #endif
| #include <process.h>
configure:19429: result: no
configure:19433: checking process.h presence
configure:19443: gcc -E  conftest.c
conftest.c:30:21: error: process.h: No such file or directory
configure:19449: $? = 1
configure: failed program was:
| /* confdefs.h.  */
| 
| #define PACKAGE_NAME ""
| #define PACKAGE_TARNAME ""
| #define PACKAGE_VERSION ""
| #define PACKAGE_STRING ""
| #define PACKAGE_BUGREPORT ""
| #define PACKAGE "fluxspace"
| #define VERSION "0.4.0_alpha"
| #ifdef __cplusplus
| extern "C" void exit (int) throw ();
| #endif
| #define STDC_HEADERS 1
| #define HAVE_SYS_TYPES_H 1
| #define HAVE_SYS_STAT_H 1
| #define HAVE_STDLIB_H 1
| #define HAVE_STRING_H 1
| #define HAVE_MEMORY_H 1
| #define HAVE_STRINGS_H 1
| #define HAVE_INTTYPES_H 1
| #define HAVE_STDINT_H 1
| #define HAVE_UNISTD_H 1
| #define HAVE_DLFCN_H 1
| #define STDC_HEADERS 1
| #define HAVE_CTYPE_H 1
| #define HAVE_FCNTL_H 1
| #define HAVE_LIBGEN_H 1
| #define HAVE_LOCALE_H 1
| /* end confdefs.h.  */
| #include <process.h>
configure:19469: result: no
configure:19504: checking for process.h
configure:19511: result: no
configure:19389: checking signal.h usability
configure:19401: gcc -c -g -O2  conftest.c >&5
configure:19407: $? = 0
configure:19410: test -z 			 || test ! -s conftest.err
configure:19413: $? = 0
configure:19416: test -s conftest.o
configure:19419: $? = 0
configure:19429: result: yes
configure:19433: checking signal.h presence
configure:19443: gcc -E  conftest.c
configure:19449: $? = 0
configure:19469: result: yes
configure:19504: checking for signal.h
configure:19511: result: yes
configure:19389: checking stdio.h usability
configure:19401: gcc -c -g -O2  conftest.c >&5
configure:19407: $? = 0
configure:19410: test -z 			 || test ! -s conftest.err
configure:19413: $? = 0
configure:19416: test -s conftest.o
configure:19419: $? = 0
configure:19429: result: yes
configure:19433: checking stdio.h presence
configure:19443: gcc -E  conftest.c
configure:19449: $? = 0
configure:19469: result: yes
configure:19504: checking for stdio.h
configure:19511: result: yes
configure:19389: checking time.h usability
configure:19401: gcc -c -g -O2  conftest.c >&5
configure:19407: $? = 0
configure:19410: test -z 			 || test ! -s conftest.err
configure:19413: $? = 0
configure:19416: test -s conftest.o
configure:19419: $? = 0
configure:19429: result: yes
configure:19433: checking time.h presence
configure:19443: gcc -E  conftest.c
configure:19449: $? = 0
configure:19469: result: yes
configure:19504: checking for time.h
configure:19511: result: yes
configure:19380: checking for unistd.h
configure:19385: result: yes
configure:19389: checking sys/param.h usability
configure:19401: gcc -c -g -O2  conftest.c >&5
configure:19407: $? = 0
configure:19410: test -z 			 || test ! -s conftest.err
configure:19413: $? = 0
configure:19416: test -s conftest.o
configure:19419: $? = 0
configure:19429: result: yes
configure:19433: checking sys/param.h presence
configure:19443: gcc -E  conftest.c
configure:19449: $? = 0
configure:19469: result: yes
configure:19504: checking for sys/param.h
configure:19511: result: yes
configure:19389: checking sys/select.h usability
configure:19401: gcc -c -g -O2  conftest.c >&5
configure:19407: $? = 0
configure:19410: test -z 			 || test ! -s conftest.err
configure:19413: $? = 0
configure:19416: test -s conftest.o
configure:19419: $? = 0
configure:19429: result: yes
configure:19433: checking sys/select.h presence
configure:19443: gcc -E  conftest.c
configure:19449: $? = 0
configure:19469: result: yes
configure:19504: checking for sys/select.h
configure:19511: result: yes
configure:19380: checking for sys/stat.h
configure:19385: result: yes
configure:19389: checking sys/time.h usability
configure:19401: gcc -c -g -O2  conftest.c >&5
configure:19407: $? = 0
configure:19410: test -z 			 || test ! -s conftest.err
configure:19413: $? = 0
configure:19416: test -s conftest.o
configure:19419: $? = 0
configure:19429: result: yes
configure:19433: checking sys/time.h presence
configure:19443: gcc -E  conftest.c
configure:19449: $? = 0
configure:19469: result: yes
configure:19504: checking for sys/time.h
configure:19511: result: yes
configure:19380: checking for sys/types.h
configure:19385: result: yes
configure:19389: checking sys/wait.h usability
configure:19401: gcc -c -g -O2  conftest.c >&5
configure:19407: $? = 0
configure:19410: test -z 			 || test ! -s conftest.err
configure:19413: $? = 0
configure:19416: test -s conftest.o
configure:19419: $? = 0
configure:19429: result: yes
configure:19433: checking sys/wait.h presence
configure:19443: gcc -E  conftest.c
configure:19449: $? = 0
configure:19469: result: yes
configure:19504: checking for sys/wait.h
configure:19511: result: yes
configure:19524: checking whether time.h and sys/time.h may both be included
configure:19549: gcc -c -g -O2  conftest.c >&5
configure:19555: $? = 0
configure:19558: test -z 			 || test ! -s conftest.err
configure:19561: $? = 0
configure:19564: test -s conftest.o
configure:19567: $? = 0
configure:19578: result: yes
configure:19595: checking for setlocale
configure:19652: gcc -o conftest -g -O2  -s conftest.c  >&5
configure:19658: $? = 0
configure:19661: test -z 			 || test ! -s conftest.err
configure:19664: $? = 0
configure:19667: test -s conftest
configure:19670: $? = 0
configure:19682: result: yes
configure:19595: checking for sigaction
configure:19652: gcc -o conftest -g -O2  -s conftest.c  >&5
configure:19658: $? = 0
configure:19661: test -z 			 || test ! -s conftest.err
configure:19664: $? = 0
configure:19667: test -s conftest
configure:19670: $? = 0
configure:19682: result: yes
configure:19595: checking for strftime
configure:19652: gcc -o conftest -g -O2  -s conftest.c  >&5
conftest.c:67: warning: conflicting types for built-in function 'strftime'
configure:19658: $? = 0
configure:19661: test -z 			 || test ! -s conftest.err
configure:19664: $? = 0
configure:19667: test -s conftest
configure:19670: $? = 0
configure:19682: result: yes
configure:19693: checking for X
configure:19799: gcc -E  conftest.c
configure:19805: $? = 0
configure:19855: gcc -o conftest -g -O2  -s conftest.c -lXt  >&5
configure:19861: $? = 0
configure:19864: test -z 			 || test ! -s conftest.err
configure:19867: $? = 0
configure:19870: test -s conftest
configure:19873: $? = 0
configure:19927: result: libraries , headers in standard search path
configure:20338: gcc -o conftest -g -O2  -s conftest.c   -lX11 >&5
configure:20344: $? = 0
configure:20347: test -z 			 || test ! -s conftest.err
configure:20350: $? = 0
configure:20353: test -s conftest
configure:20356: $? = 0
configure:20512: checking for gethostbyname
configure:20569: gcc -o conftest -g -O2  -s conftest.c  >&5
configure:20575: $? = 0
configure:20578: test -z 			 || test ! -s conftest.err
configure:20581: $? = 0
configure:20584: test -s conftest
configure:20587: $? = 0
configure:20599: result: yes
configure:20748: checking for connect
configure:20805: gcc -o conftest -g -O2  -s conftest.c  >&5
configure:20811: $? = 0
configure:20814: test -z 			 || test ! -s conftest.err
configure:20817: $? = 0
configure:20820: test -s conftest
configure:20823: $? = 0
configure:20835: result: yes
configure:20909: checking for remove
configure:20966: gcc -o conftest -g -O2  -s conftest.c  >&5
configure:20972: $? = 0
configure:20975: test -z 			 || test ! -s conftest.err
configure:20978: $? = 0
configure:20981: test -s conftest
configure:20984: $? = 0
configure:20996: result: yes
configure:21070: checking for shmat
configure:21127: gcc -o conftest -g -O2  -s conftest.c  >&5
configure:21133: $? = 0
configure:21136: test -z 			 || test ! -s conftest.err
configure:21139: $? = 0
configure:21142: test -s conftest
configure:21145: $? = 0
configure:21157: result: yes
configure:21240: checking for IceConnectionNumber in -lICE
configure:21270: gcc -o conftest -g -O2  -s conftest.c -lICE   >&5
configure:21276: $? = 0
configure:21279: test -z 			 || test ! -s conftest.err
configure:21282: $? = 0
configure:21285: test -s conftest
configure:21288: $? = 0
configure:21301: result: yes
configure:21315: checking for XOpenDisplay in -lX11
configure:21345: gcc -o conftest -g -O2   -s   -lSM -lICE conftest.c -lX11   >&5
configure:21351: $? = 0
configure:21354: test -z 			 || test ! -s conftest.err
configure:21357: $? = 0
configure:21360: test -s conftest
configure:21363: $? = 0
configure:21376: result: yes
configure:21399: checking for python
configure:21417: found /usr/bin/python
configure:21429: result: /usr/bin/python
configure:21450: checking for python version
configure:21457: result: 2.6
configure:21469: checking for python platform
configure:21476: result: linux2
configure:21483: checking for python script directory
configure:21491: result: ${prefix}/lib/python2.6/site-packages
configure:21500: checking for python extension module directory
configure:21508: result: ${exec_prefix}/lib/python2.6/site-packages
configure:21521: checking for python >= 2.2
configure:21532: result: okay
configure:21540: checking for headers required to compile python extensions
configure:21559: gcc -E  -I/usr/include/python2.6 conftest.c
configure:21565: $? = 0
configure:21577: result: found
configure:21597: checking for python-config
configure:21615: found /usr/bin/python-config
configure:21627: result: /usr/bin/python-config
configure:21645: checking for Py_Initialize in -lpython2.6
configure:21675: gcc -o conftest -g -O2   -s   -lSM -lICE -lX11   -lutil conftest.c -lpython2.6   >&5
configure:21681: $? = 0
configure:21684: test -z 			 || test ! -s conftest.err
configure:21687: $? = 0
configure:21690: test -s conftest
configure:21693: $? = 0
configure:21706: result: yes
configure:21874: checking for ANSI C header files
configure:22029: result: yes
configure:22053: checking malloc.h usability
configure:22065: gcc -c -g -O2   conftest.c >&5
configure:22071: $? = 0
configure:22074: test -z 			 || test ! -s conftest.err
configure:22077: $? = 0
configure:22080: test -s conftest.o
configure:22083: $? = 0
configure:22093: result: yes
configure:22097: checking malloc.h presence
configure:22107: gcc -E  conftest.c
configure:22113: $? = 0
configure:22133: result: yes
configure:22168: checking for malloc.h
configure:22175: result: yes
configure:22189: checking for an ANSI C-conforming const
configure:22256: gcc -c -g -O2   conftest.c >&5
configure:22262: $? = 0
configure:22265: test -z 			 || test ! -s conftest.err
configure:22268: $? = 0
configure:22271: test -s conftest.o
configure:22274: $? = 0
configure:22285: result: yes
configure:22295: checking whether time.h and sys/time.h may both be included
configure:22349: result: yes
configure:22359: checking whether struct tm is in sys/time.h or time.h
configure:22382: gcc -c -g -O2   conftest.c >&5
configure:22388: $? = 0
configure:22391: test -z 			 || test ! -s conftest.err
configure:22394: $? = 0
configure:22397: test -s conftest.o
configure:22400: $? = 0
configure:22411: result: time.h
configure:22427: checking for select
configure:22484: gcc -o conftest -g -O2   -s   -lSM -lICE -lX11   -lutil conftest.c  >&5
configure:22490: $? = 0
configure:22493: test -z 			 || test ! -s conftest.err
configure:22496: $? = 0
configure:22499: test -s conftest
configure:22502: $? = 0
configure:22514: result: yes
configure:22427: checking for strstr
configure:22484: gcc -o conftest -g -O2   -s   -lSM -lICE -lX11   -lutil conftest.c  >&5
conftest.c:72: warning: conflicting types for built-in function 'strstr'
configure:22490: $? = 0
configure:22493: test -z 			 || test ! -s conftest.err
configure:22496: $? = 0
configure:22499: test -s conftest
configure:22502: $? = 0
configure:22514: result: yes
configure:22525: checking whether to have Xft support
configure:22559: result: yes
configure:22578: checking for pkg-config
configure:22596: found /usr/bin/pkg-config
configure:22609: result: /usr/bin/pkg-config
configure:22734: gcc -o conftest -g -O2  -I/usr/include/freetype2    -s   -lSM -lICE -lX11   -lutil conftest.c  -lXft   >&5
configure:22740: $? = 0
configure:22743: test -z 			 || test ! -s conftest.err
configure:22746: $? = 0
configure:22749: test -s conftest
configure:22752: $? = 0
configure:22761: checking Xft UTF-8 support
configure:22781: gcc -o conftest -g -O2  -I/usr/include/freetype2    -s   -lSM -lICE -lX11   -lutil conftest.c  -lXft   >&5
configure:22787: $? = 0
configure:22790: test -z 			 || test ! -s conftest.err
configure:22793: $? = 0
configure:22796: test -s conftest
configure:22799: $? = 0
configure:22806: result: yes
configure:22843: checking whether to have Xrender (transparent) support
configure:22928: result: yes
configure:22930: checking for XRenderCreatePicture in -lXrender
configure:22960: gcc -o conftest -g -O2  -I/usr/include/freetype2    -s   -lSM -lICE -lX11   -lutil conftest.c -lXrender   -lXft   >&5
configure:22966: $? = 0
configure:22969: test -z 			 || test ! -s conftest.err
configure:22972: $? = 0
configure:22975: test -s conftest
configure:22978: $? = 0
configure:22991: result: yes
configure:23006: checking whether to have Xpm (pixmap themes) support
configure:23092: result: yes
configure:23094: checking for XpmReadFileToPixmap in -lXpm
configure:23124: gcc -o conftest -g -O2  -I/usr/include/freetype2    -s   -lSM -lICE -lX11   -lutil conftest.c -lXpm   -lXft   -lXrender >&5
configure:23130: $? = 0
configure:23133: test -z 			 || test ! -s conftest.err
configure:23136: $? = 0
configure:23139: test -s conftest
configure:23142: $? = 0
configure:23155: result: yes
configure:23181: checking whether to have Xmb (multibyte font, utf-8) support
configure:23201: result: yes
configure:23222: checking whether to have RANDR (The X Resize and Rotate Extension) support
configure:23307: result: yes
configure:23309: checking for XRRQueryExtension in -lXrandr
configure:23339: gcc -o conftest -g -O2  -I/usr/include/freetype2    -s   -lSM -lICE -lX11   -lutil conftest.c -lXrandr   -lXft   -lXrender -lXpm >&5
configure:23345: $? = 0
configure:23348: test -z 			 || test ! -s conftest.err
configure:23351: $? = 0
configure:23354: test -s conftest
configure:23357: $? = 0
configure:23370: result: yes
configure:23385: checking whether to build support for the Xinerama extension
configure:23466: result: no
configure:23474: checking for imlib2 pixmap support
configure:23476: checking for dlopen in -ldl
configure:23506: gcc -o conftest -g -O2  -I/usr/include/freetype2    -s   -lSM -lICE -lX11   -lutil conftest.c -ldl   -lXft   -lXrender -lXpm -lXrandr  >&5
configure:23512: $? = 0
configure:23515: test -z 			 || test ! -s conftest.err
configure:23518: $? = 0
configure:23521: test -s conftest
configure:23524: $? = 0
configure:23537: result: yes
configure:23543: checking for TT_Init_FreeType in -lttf
configure:23573: gcc -o conftest -g -O2  -I/usr/include/freetype2    -s   -lSM -lICE -lX11   -lutil conftest.c -lttf -ldl  -lXft   -lXrender -lXpm -lXrandr  >&5
/usr/bin/ld: cannot find -lttf
collect2: ld returned 1 exit status
configure:23579: $? = 1
configure: failed program was:
| /* confdefs.h.  */
| 
| #define PACKAGE_NAME ""
| #define PACKAGE_TARNAME ""
| #define PACKAGE_VERSION ""
| #define PACKAGE_STRING ""
| #define PACKAGE_BUGREPORT ""
| #define PACKAGE "fluxspace"
| #define VERSION "0.4.0_alpha"
| #ifdef __cplusplus
| extern "C" void exit (int) throw ();
| #endif
| #define STDC_HEADERS 1
| #define HAVE_SYS_TYPES_H 1
| #define HAVE_SYS_STAT_H 1
| #define HAVE_STDLIB_H 1
| #define HAVE_STRING_H 1
| #define HAVE_MEMORY_H 1
| #define HAVE_STRINGS_H 1
| #define HAVE_INTTYPES_H 1
| #define HAVE_STDINT_H 1
| #define HAVE_UNISTD_H 1
| #define HAVE_DLFCN_H 1
| #define STDC_HEADERS 1
| #define HAVE_CTYPE_H 1
| #define HAVE_FCNTL_H 1
| #define HAVE_LIBGEN_H 1
| #define HAVE_LOCALE_H 1
| #define HAVE_SIGNAL_H 1
| #define HAVE_STDIO_H 1
| #define HAVE_TIME_H 1
| #define HAVE_UNISTD_H 1
| #define HAVE_SYS_PARAM_H 1
| #define HAVE_SYS_SELECT_H 1
| #define HAVE_SYS_STAT_H 1
| #define HAVE_SYS_TIME_H 1
| #define HAVE_SYS_TYPES_H 1
| #define HAVE_SYS_WAIT_H 1
| #define TIME_WITH_SYS_TIME 1
| #define HAVE_SETLOCALE 1
| #define HAVE_SIGACTION 1
| #define HAVE_STRFTIME 1
| #define STDC_HEADERS 1
| #define HAVE_MALLOC_H 1
| #define TIME_WITH_SYS_TIME 1
| #define HAVE_SELECT 1
| #define HAVE_STRSTR 1
| #define USE_XFT 1
| #define HAVE_XFT_UTF8_STRING 1
| #define HAVE_XRENDER 1
| #define HAVE_XPM 1
| #define USE_XMB 1
| #define HAVE_RANDR 1
| /* end confdefs.h.  */
| 
| /* Override any gcc2 internal prototype to avoid an error.  */
| #ifdef __cplusplus
| extern "C"
| #endif
| /* We use char because int might match the return type of a gcc2
|    builtin and then its argument prototype would still apply.  */
| char TT_Init_FreeType ();
| int
| main ()
| {
| TT_Init_FreeType ();
|   ;
|   return 0;
| }
configure:23604: result: no
configure:23610: checking for imlib_create_image in -lImlib2
configure:23640: gcc -o conftest -g -O2  -I/usr/include/freetype2    -s   -lSM -lICE -lX11   -lutil conftest.c -lImlib2   -lXft   -lXrender -lXpm -lXrandr  >&5
configure:23646: $? = 0
configure:23649: test -z 			 || test ! -s conftest.err
configure:23652: $? = 0
configure:23655: test -s conftest
configure:23658: $? = 0
configure:23671: result: yes
configure:23683: checking return type of signal handlers
configure:23714: gcc -c -g -O2  -I/usr/include/freetype2    conftest.c >&5
configure:23720: $? = 0
configure:23723: test -z 			 || test ! -s conftest.err
configure:23726: $? = 0
configure:23729: test -s conftest.o
configure:23732: $? = 0
configure:23743: result: void
configure:23753: result: 
configure:23755: result: 	fluxspace version 0.4.0_alpha configured successfully.
configure:23757: result: 
configure:23759: result: Using 'NONE' for installation.
configure:23761: result: Using 'g++' for C++ compiler.
configure:23763: result: Building with '-g -O2  -I/usr/include/freetype2   ' for C++ compiler flags.
configure:23765: result: Building with ' -lXft   -lXrender -lXpm -lXrandr ' for linker flags.
configure:23767: result: 
configure:23911: creating ./config.status

## ---------------------- ##
## Running config.status. ##
## ---------------------- ##

This file was extended by config.status, which was
generated by GNU Autoconf 2.59.  Invocation command line was

  CONFIG_FILES    = 
  CONFIG_HEADERS  = 
  CONFIG_LINKS    = 
  CONFIG_COMMANDS = 
  $ ./config.status 

on awross-desktop

config.status:790: creating Makefile
config.status:790: creating version.h
config.status:790: creating src/Makefile
config.status:790: creating src/FbTk/Makefile
config.status:790: creating lib/Makefile
config.status:790: creating lib/SOAPpy/Makefile
config.status:790: creating lib/SOAPpy/wstools/Makefile
config.status:790: creating lib/fluxlet/Makefile
config.status:790: creating lib/fluxspace/Makefile
config.status:790: creating fluxfeed/Makefile
config.status:790: creating doc/Makefile
config.status:790: creating tools/Makefile
config.status:790: creating examples/Makefile
config.status:790: creating contrib/Makefile
config.status:790: creating test/Makefile
config.status:856: creating config.h
config.status:1224: executing depfiles commands

## ---------------- ##
## Cache variables. ##
## ---------------- ##

ac_cv_build=i686-pc-linux-gnu
ac_cv_build_alias=i686-pc-linux-gnu
ac_cv_c_compiler_gnu=yes
ac_cv_c_const=yes
ac_cv_cxx_compiler_gnu=yes
ac_cv_env_CC_set=
ac_cv_env_CC_value=
ac_cv_env_CFLAGS_set=
ac_cv_env_CFLAGS_value=
ac_cv_env_CPPFLAGS_set=
ac_cv_env_CPPFLAGS_value=
ac_cv_env_CPP_set=
ac_cv_env_CPP_value=
ac_cv_env_CXXCPP_set=
ac_cv_env_CXXCPP_value=
ac_cv_env_CXXFLAGS_set=
ac_cv_env_CXXFLAGS_value=
ac_cv_env_CXX_set=
ac_cv_env_CXX_value=
ac_cv_env_F77_set=
ac_cv_env_F77_value=
ac_cv_env_FFLAGS_set=
ac_cv_env_FFLAGS_value=
ac_cv_env_LDFLAGS_set=
ac_cv_env_LDFLAGS_value=
ac_cv_env_build_alias_set=
ac_cv_env_build_alias_value=
ac_cv_env_host_alias_set=
ac_cv_env_host_alias_value=
ac_cv_env_target_alias_set=
ac_cv_env_target_alias_value=
ac_cv_exeext=
ac_cv_f77_compiler_gnu=no
ac_cv_func_connect=yes
ac_cv_func_gethostbyname=yes
ac_cv_func_remove=yes
ac_cv_func_select=yes
ac_cv_func_setlocale=yes
ac_cv_func_shmat=yes
ac_cv_func_sigaction=yes
ac_cv_func_strftime=yes
ac_cv_func_strstr=yes
ac_cv_have_x='have_x=yes 		ac_x_includes= ac_x_libraries='
ac_cv_header_ctype_h=yes
ac_cv_header_dlfcn_h=yes
ac_cv_header_fcntl_h=yes
ac_cv_header_inttypes_h=yes
ac_cv_header_libgen_h=yes
ac_cv_header_locale_h=yes
ac_cv_header_malloc_h=yes
ac_cv_header_memory_h=yes
ac_cv_header_process_h=no
ac_cv_header_signal_h=yes
ac_cv_header_stdc=yes
ac_cv_header_stdint_h=yes
ac_cv_header_stdio_h=yes
ac_cv_header_stdlib_h=yes
ac_cv_header_string_h=yes
ac_cv_header_strings_h=yes
ac_cv_header_sys_param_h=yes
ac_cv_header_sys_select_h=yes
ac_cv_header_sys_stat_h=yes
ac_cv_header_sys_time_h=yes
ac_cv_header_sys_types_h=yes
ac_cv_header_sys_wait_h=yes
ac_cv_header_time=yes
ac_cv_header_time_h=yes
ac_cv_header_unistd_h=yes
ac_cv_host=i686-pc-linux-gnu
ac_cv_host_alias=i686-pc-linux-gnu
ac_cv_lib_ICE_IceConnectionNumber=yes
ac_cv_lib_Imlib2_imlib_create_image=yes
ac_cv_lib_X11_XOpenDisplay=yes
ac_cv_lib_Xpm_XpmReadFileToPixmap=yes
ac_cv_lib_Xrandr_XRRQueryExtension=yes
ac_cv_lib_Xrender_XRenderCreatePicture=yes
ac_cv_lib_dl_dlopen=yes
ac_cv_lib_python2_6___Py_Initialize=yes
ac_cv_lib_ttf_TT_Init_FreeType=no
ac_cv_objext=o
ac_cv_path_PKG_CONFIG=/usr/bin/pkg-config
ac_cv_path_PYTHON=/usr/bin/python
ac_cv_path_PYTHON_CONFIG_PROG=/usr/bin/python-config
ac_cv_path_SWIG=/usr/bin/swig
ac_cv_path_install='/usr/bin/install -c'
ac_cv_prog_AWK=gawk
ac_cv_prog_CPP='gcc -E'
ac_cv_prog_CXXCPP='g++ -E'
ac_cv_prog_ac_ct_AR=ar
ac_cv_prog_ac_ct_CC=gcc
ac_cv_prog_ac_ct_CXX=g++
ac_cv_prog_ac_ct_RANLIB=ranlib
ac_cv_prog_ac_ct_STRIP=strip
ac_cv_prog_cc_g=yes
ac_cv_prog_cc_stdc=
ac_cv_prog_cxx_g=yes
ac_cv_prog_egrep='grep -E'
ac_cv_prog_f77_g=no
ac_cv_prog_make_make_set=yes
ac_cv_prog_regex_cmd=sed
ac_cv_struct_tm=time.h
ac_cv_type_signal=void
am_cv_CC_dependencies_compiler_type=gcc3
am_cv_CXX_dependencies_compiler_type=gcc3
am_cv_python_platform=linux2
am_cv_python_pyexecdir='${exec_prefix}/lib/python2.6/site-packages'
am_cv_python_pythondir='${prefix}/lib/python2.6/site-packages'
am_cv_python_version=2.6
lt_cv_deplibs_check_method=pass_all
lt_cv_file_magic_cmd='$MAGIC_CMD'
lt_cv_file_magic_test_file=
lt_cv_ld_reload_flag=-r
lt_cv_objdir=.libs
lt_cv_path_LD=/usr/bin/ld
lt_cv_path_LDCXX=/usr/bin/ld
lt_cv_path_NM='/usr/bin/nm -B'
lt_cv_path_SED=/bin/sed
lt_cv_prog_compiler_c_o=yes
lt_cv_prog_compiler_c_o_CXX=yes
lt_cv_prog_compiler_rtti_exceptions=no
lt_cv_prog_gnu_ld=yes
lt_cv_prog_gnu_ldcxx=yes
lt_cv_sys_global_symbol_pipe='sed -n -e '\''s/^.*[ 	]\([ABCDGIRSTW][ABCDGIRSTW]*\)[ 	][ 	]*\(\)\([_A-Za-z][_A-Za-z0-9]*\)$/\1 \2\3 \3/p'\'''
lt_cv_sys_global_symbol_to_c_name_address='sed -n -e '\''s/^: \([^ ]*\) $/  {\"\1\", (lt_ptr) 0},/p'\'' -e '\''s/^[BCDEGRST] \([^ ]*\) \([^ ]*\)$/  {"\2", (lt_ptr) \&\2},/p'\'''
lt_cv_sys_global_symbol_to_cdecl='sed -n -e '\''s/^. .* \(.*\)$/extern int \1;/p'\'''
lt_cv_sys_max_cmd_len=32768
lt_lt_cv_prog_compiler_c_o='"yes"'
lt_lt_cv_prog_compiler_c_o_CXX='"yes"'
lt_lt_cv_sys_global_symbol_pipe='"sed -n -e '\''s/^.*[ 	]\\([ABCDGIRSTW][ABCDGIRSTW]*\\)[ 	][ 	]*\\(\\)\\([_A-Za-z][_A-Za-z0-9]*\\)\$/\\1 \\2\\3 \\3/p'\''"'
lt_lt_cv_sys_global_symbol_to_c_name_address='"sed -n -e '\''s/^: \\([^ ]*\\) \$/  {\\\"\\1\\\", (lt_ptr) 0},/p'\'' -e '\''s/^[BCDEGRST] \\([^ ]*\\) \\([^ ]*\\)\$/  {\"\\2\", (lt_ptr) \\&\\2},/p'\''"'
lt_lt_cv_sys_global_symbol_to_cdecl='"sed -n -e '\''s/^. .* \\(.*\\)\$/extern int \\1;/p'\''"'

## ----------------- ##
## Output variables. ##
## ----------------- ##

ACLOCAL='${SHELL} /home/awross/Downloads/installs/fluxspace-0.4.0_alpha/missing --run aclocal-1.8'
AMDEPBACKSLASH='\'
AMDEP_FALSE='#'
AMDEP_TRUE=''
AMTAR='${SHELL} /home/awross/Downloads/installs/fluxspace-0.4.0_alpha/missing --run tar'
AR='ar'
AUTOCONF='${SHELL} /home/awross/Downloads/installs/fluxspace-0.4.0_alpha/missing --run autoconf'
AUTOHEADER='${SHELL} /home/awross/Downloads/installs/fluxspace-0.4.0_alpha/missing --run autoheader'
AUTOMAKE='${SHELL} /home/awross/Downloads/installs/fluxspace-0.4.0_alpha/missing --run automake-1.8'
AWK='gawk'
CC='gcc'
CCDEPMODE='depmode=gcc3'
CFLAGS='-g -O2  -I/usr/include/freetype2  '
CPP='gcc -E'
CPPFLAGS=''
CXX='g++'
CXXCPP='g++ -E'
CXXDEPMODE='depmode=gcc3'
CXXFLAGS='-g -O2  -I/usr/include/freetype2   '
CYGPATH_W='echo'
DEFS='-DHAVE_CONFIG_H'
DEPDIR='.deps'
ECHO='echo'
ECHO_C=''
ECHO_N='-n'
ECHO_T=''
EGREP='grep -E'
EXEEXT=''
F77=''
FFLAGS=''
INSTALL_DATA='${INSTALL} -m 644'
INSTALL_PROGRAM='${INSTALL}'
INSTALL_SCRIPT='${INSTALL}'
INSTALL_STRIP_PROGRAM='${SHELL} $(install_sh) -c -s'
LDFLAGS='-s   -lSM -lICE -lX11   -lutil -lImlib2 -ldl'
LIBOBJS=''
LIBS=' -lXft   -lXrender -lXpm -lXrandr '
LIBTOOL='$(SHELL) $(top_builddir)/libtool'
LN_S='ln -s'
LTLIBOBJS=''
MAKEINFO='${SHELL} /home/awross/Downloads/installs/fluxspace-0.4.0_alpha/missing --run makeinfo'
MULTIBYTE_FALSE='#'
MULTIBYTE_TRUE=''
OBJEXT='o'
PACKAGE='fluxspace'
PACKAGE_BUGREPORT=''
PACKAGE_NAME=''
PACKAGE_STRING=''
PACKAGE_TARNAME=''
PACKAGE_VERSION=''
PATH_SEPARATOR=':'
PKG_CONFIG='/usr/bin/pkg-config'
PYTHON='/usr/bin/python'
PYTHON_CONFIG_PROG='/usr/bin/python-config'
PYTHON_EXEC_PREFIX='${exec_prefix}'
PYTHON_INCLUDES='-I/usr/include/python2.6'
PYTHON_PLATFORM='linux2'
PYTHON_PREFIX='${prefix}'
PYTHON_VERSION='2.6'
RANLIB='ranlib'
SET_MAKE=''
SHELL='/bin/bash'
STRIP='strip'
SWIG='/usr/bin/swig'
VERSION='0.4.0_alpha'
XFT_FALSE='#'
XFT_TRUE=''
XINERAMA=''
XPM_FALSE='#'
XPM_TRUE=''
X_CFLAGS=''
X_EXTRA_LIBS=''
X_LIBS=''
X_PRE_LIBS=' -lSM -lICE'
ac_ct_AR='ar'
ac_ct_CC='gcc'
ac_ct_CXX='g++'
ac_ct_F77=''
ac_ct_RANLIB='ranlib'
ac_ct_STRIP='strip'
am__fastdepCC_FALSE='#'
am__fastdepCC_TRUE=''
am__fastdepCXX_FALSE='#'
am__fastdepCXX_TRUE=''
am__include='include'
am__leading_dot='.'
am__quote=''
bindir='${exec_prefix}/bin'
build='i686-pc-linux-gnu'
build_alias=''
build_cpu='i686'
build_os='linux-gnu'
build_vendor='pc'
datadir='${prefix}/share'
exec_prefix='${prefix}'
host='i686-pc-linux-gnu'
host_alias=''
host_cpu='i686'
host_os='linux-gnu'
host_vendor='pc'
includedir='${prefix}/include'
infodir='${prefix}/info'
install_sh='/home/awross/Downloads/installs/fluxspace-0.4.0_alpha/install-sh'
libdir='${exec_prefix}/lib'
libexecdir='${exec_prefix}/libexec'
localstatedir='${prefix}/var'
mandir='${prefix}/man'
mkdir_p='mkdir -p -- .'
oldincludedir='/usr/include'
pkgpyexecdir='${pyexecdir}/fluxspace'
pkgpythondir='${pythondir}/fluxspace'
prefix='/usr/local'
program_transform_name='s,x,x,'
pyexecdir='${exec_prefix}/lib/python2.6/site-packages'
pythondir='${prefix}/lib/python2.6/site-packages'
regex_cmd='sed'
sbindir='${exec_prefix}/sbin'
sharedstatedir='${prefix}/com'
sysconfdir='${prefix}/etc'
target_alias=''

## ----------- ##
## confdefs.h. ##
## ----------- ##

#define HAVE_CTYPE_H 1
#define HAVE_DLFCN_H 1
#define HAVE_FCNTL_H 1
#define HAVE_INTTYPES_H 1
#define HAVE_LIBGEN_H 1
#define HAVE_LOCALE_H 1
#define HAVE_MALLOC_H 1
#define HAVE_MEMORY_H 1
#define HAVE_RANDR 1
#define HAVE_SELECT 1
#define HAVE_SETLOCALE 1
#define HAVE_SIGACTION 1
#define HAVE_SIGNAL_H 1
#define HAVE_STDINT_H 1
#define HAVE_STDIO_H 1
#define HAVE_STDLIB_H 1
#define HAVE_STRFTIME 1
#define HAVE_STRINGS_H 1
#define HAVE_STRING_H 1
#define HAVE_STRSTR 1
#define HAVE_SYS_PARAM_H 1
#define HAVE_SYS_SELECT_H 1
#define HAVE_SYS_STAT_H 1
#define HAVE_SYS_STAT_H 1
#define HAVE_SYS_TIME_H 1
#define HAVE_SYS_TYPES_H 1
#define HAVE_SYS_TYPES_H 1
#define HAVE_SYS_WAIT_H 1
#define HAVE_TIME_H 1
#define HAVE_UNISTD_H 1
#define HAVE_UNISTD_H 1
#define HAVE_XFT_UTF8_STRING 1
#define HAVE_XPM 1
#define HAVE_XRENDER 1
#define PACKAGE "fluxspace"
#define PACKAGE_BUGREPORT ""
#define PACKAGE_NAME ""
#define PACKAGE_STRING ""
#define PACKAGE_TARNAME ""
#define PACKAGE_VERSION ""
#define RETSIGTYPE void
#define STDC_HEADERS 1
#define STDC_HEADERS 1
#define STDC_HEADERS 1
#define TIME_WITH_SYS_TIME 1
#define TIME_WITH_SYS_TIME 1
#define USE_XFT 1
#define USE_XMB 1
#define VERSION "0.4.0_alpha"
#endif
#ifdef __cplusplus
extern "C" void exit (int) throw ();

configure: exit 0
